{
  "type": "bundle",
  "id": "bundle--2116e545-370d-4f9a-9538-3e08f31458fb",
  "spec_version": "2.0",
  "objects": [
    {
      "type": "identity",
      "identity_class": "program",
      "name": "mordor2stix",
      "id": "identity--ec822b33-d461-458b-97b6-e23950b41f72",
      "created": "2021-10-12T13:01:31.769Z",
      "modified": "2021-10-12T13:01:31.769Z"
    },
    {
      "type": "observed-data",
      "id": "observed-data--b3ed6cd2-286c-4795-96ba-6565438bb421",
      "created": "2021-10-12T13:01:31.769Z",
      "modified": "2021-10-12T13:01:31.769Z",
      "first_observed": "2021-02-22T00:00:00.833Z",
      "last_observed": "2021-02-22T00:00:00.833Z",
      "objects": {
        "0": {
          "type": "x-oca-event",
          "code": 3,
          "action": "Network Connection",
          "provider": "Microsoft-Windows-Sysmon/Operational",
          "record_number": "1152949",
          "process_ref": 1,
          "network_ref": 5,
          "host_ref": 7
        },
        "1": {
          "type": "process",
          "name": "svchost.exe",
          "binary_ref": "2",
          "pid": 1380,
          "x_unique_id": "{7f07c11c-c0d7-5dcb-0000-001042920400}",
          "opened_connection_refs": [
            "5"
          ]
        },
        "2": {
          "type": "file",
          "name": "svchost.exe",
          "parent_directory_ref": "3"
        },
        "3": {
          "type": "directory",
          "path": "C:\\Windows\\System32"
        },
        "4": {
          "type": "ipv4-addr",
          "value": "192.168.100.156"
        },
        "5": {
          "type": "network-traffic",
          "src_ref": "4",
          "dst_ref": "6",
          "protocols": [
            "tcp"
          ],
          "src_port": 60842,
          "dst_port": 47413
        },
        "6": {
          "type": "ipv4-addr",
          "value": "192.168.1.1"
        },
        "7": {
          "type": "x-oca-asset",
          "hostname": "laptop156"
        }
      },
      "created_by_ref": "identity--ec822b33-d461-458b-97b6-e23950b41f72",
      "number_observed": 1
    },
    {
      "type": "observed-data",
      "id": "observed-data--5e1f2e58-6c19-412c-81bd-e5151eb5ce49",
      "created": "2021-10-12T13:01:31.769Z",
      "modified": "2021-10-12T13:01:31.769Z",
      "first_observed": "2021-02-22T00:03:39.938Z",
      "last_observed": "2021-02-22T00:03:39.938Z",
      "objects": {
        "0": {
          "type": "x-oca-event",
          "code": 3,
          "action": "Network Connection",
          "provider": "Microsoft-Windows-Sysmon/Operational",
          "record_number": "1152950",
          "process_ref": 1,
          "network_ref": 5,
          "host_ref": 7
        },
        "1": {
          "type": "process",
          "name": "svchost.exe",
          "binary_ref": "2",
          "pid": 1352,
          "x_unique_id": "{7f07c11c-c0d7-5dcb-0000-001076900400}",
          "opened_connection_refs": [
            "5"
          ]
        },
        "2": {
          "type": "file",
          "name": "svchost.exe",
          "parent_directory_ref": "3"
        },
        "3": {
          "type": "directory",
          "path": "C:\\Windows\\System32"
        },
        "4": {
          "type": "ipv4-addr",
          "value": "127.0.0.1"
        },
        "5": {
          "type": "network-traffic",
          "src_ref": "4",
          "dst_ref": "6",
          "protocols": [
            "tcp"
          ],
          "src_port": 60843,
          "dst_port": 5357
        },
        "6": {
          "type": "ipv4-addr",
          "value": "127.0.0.1"
        },
        "7": {
          "type": "x-oca-asset",
          "hostname": "laptop156"
        }
      },
      "created_by_ref": "identity--ec822b33-d461-458b-97b6-e23950b41f72",
      "number_observed": 1
    },
    {
      "type": "observed-data",
      "id": "observed-data--335a1924-54fa-4edb-a4a6-424a98db313f",
      "created": "2021-10-12T13:01:31.770Z",
      "modified": "2021-10-12T13:01:31.770Z",
      "first_observed": "2021-02-22T00:03:39.938Z",
      "last_observed": "2021-02-22T00:03:39.938Z",
      "objects": {
        "0": {
          "type": "x-oca-event",
          "code": 3,
          "action": "Network Connection",
          "provider": "Microsoft-Windows-Sysmon/Operational",
          "record_number": "1152951",
          "process_ref": 1,
          "network_ref": 4,
          "host_ref": 6
        },
        "1": {
          "type": "process",
          "name": "System",
          "binary_ref": "2",
          "pid": 4,
          "x_unique_id": "{7f07c11c-c0b9-5dcb-0000-0010eb030000}",
          "opened_connection_refs": [
            "4"
          ]
        },
        "2": {
          "type": "file",
          "name": "System"
        },
        "3": {
          "type": "ipv4-addr",
          "value": "127.0.0.1"
        },
        "4": {
          "type": "network-traffic",
          "src_ref": "3",
          "dst_ref": "5",
          "protocols": [
            "tcp"
          ],
          "src_port": 5357,
          "dst_port": 60843
        },
        "5": {
          "type": "ipv4-addr",
          "value": "127.0.0.1"
        },
        "6": {
          "type": "x-oca-asset",
          "hostname": "laptop156"
        }
      },
      "created_by_ref": "identity--ec822b33-d461-458b-97b6-e23950b41f72",
      "number_observed": 1
    },
    {
      "type": "observed-data",
      "id": "observed-data--b20f0a16-49c0-4a5b-a45f-4843923f83f4",
      "created": "2021-10-12T13:01:31.770Z",
      "modified": "2021-10-12T13:01:31.770Z",
      "first_observed": "2021-02-22T00:10:30.410Z",
      "last_observed": "2021-02-22T00:10:30.410Z",
      "objects": {
        "0": {
          "type": "x-oca-event",
          "code": 3,
          "action": "Network Connection",
          "provider": "Microsoft-Windows-Sysmon/Operational",
          "record_number": "1152952",
          "process_ref": 1,
          "network_ref": 4,
          "host_ref": 6
        },
        "1": {
          "type": "process",
          "name": "System",
          "binary_ref": "2",
          "pid": 4,
          "x_unique_id": "{7f07c11c-c0b9-5dcb-0000-0010eb030000}",
          "opened_connection_refs": [
            "4"
          ]
        },
        "2": {
          "type": "file",
          "name": "System"
        },
        "3": {
          "type": "ipv6-addr",
          "value": "fe80:0:0:0:5d67:4a8:1e69:54d8"
        },
        "4": {
          "type": "network-traffic",
          "src_ref": "3",
          "dst_ref": "5",
          "protocols": [
            "tcp"
          ],
          "src_port": 5357,
          "dst_port": 57568
        },
        "5": {
          "type": "ipv6-addr",
          "value": "fe80:0:0:0:950c:ff99:129:5107"
        },
        "6": {
          "type": "x-oca-asset",
          "hostname": "laptop156"
        }
      },
      "created_by_ref": "identity--ec822b33-d461-458b-97b6-e23950b41f72",
      "number_observed": 1
    },
    {
      "type": "observed-data",
      "id": "observed-data--11e55409-6fed-4a08-a316-23051781ef50",
      "created": "2021-10-12T13:01:31.770Z",
      "modified": "2021-10-12T13:01:31.770Z",
      "first_observed": "2021-02-22T01:50:29.737Z",
      "last_observed": "2021-02-22T01:50:29.737Z",
      "objects": {
        "0": {
          "type": "x-oca-event",
          "code": 3,
          "action": "Network Connection",
          "provider": "Microsoft-Windows-Sysmon/Operational",
          "record_number": "1152953",
          "process_ref": 1,
          "network_ref": 5,
          "host_ref": 7
        },
        "1": {
          "type": "process",
          "name": "svchost.exe",
          "binary_ref": "2",
          "pid": 1728,
          "x_unique_id": "{7f07c11c-c0e4-5dcb-0000-001016e30500}",
          "opened_connection_refs": [
            "5"
          ]
        },
        "2": {
          "type": "file",
          "name": "svchost.exe",
          "parent_directory_ref": "3"
        },
        "3": {
          "type": "directory",
          "path": "C:\\Windows\\System32"
        },
        "4": {
          "type": "ipv4-addr",
          "value": "239.255.255.250"
        },
        "5": {
          "type": "network-traffic",
          "src_ref": "4",
          "dst_ref": "6",
          "protocols": [
            "udp"
          ],
          "src_port": 1900,
          "dst_port": 63519
        },
        "6": {
          "type": "ipv4-addr",
          "value": "172.16.0.100"
        },
        "7": {
          "type": "x-oca-asset",
          "hostname": "laptop156"
        }
      },
      "created_by_ref": "identity--ec822b33-d461-458b-97b6-e23950b41f72",
      "number_observed": 1
    },
    {
      "type": "observed-data",
      "id": "observed-data--5b17a5ee-e1ab-4128-93cb-540464ae7f0c",
      "created": "2021-10-12T13:01:31.770Z",
      "modified": "2021-10-12T13:01:31.770Z",
      "first_observed": "2021-02-22T03:21:35.032Z",
      "last_observed": "2021-02-22T03:21:35.032Z",
      "objects": {
        "0": {
          "type": "x-oca-event",
          "code": 3,
          "action": "Network Connection",
          "provider": "Microsoft-Windows-Sysmon/Operational",
          "record_number": "1152954",
          "process_ref": 1,
          "network_ref": 5,
          "host_ref": 7
        },
        "1": {
          "type": "process",
          "name": "wdsync-inotify.exe",
          "binary_ref": "2",
          "pid": 7416,
          "x_unique_id": "{7f07c11c-f61d-5dcb-0000-0010c219be00}",
          "opened_connection_refs": [
            "5"
          ]
        },
        "2": {
          "type": "file",
          "name": "wdsync-inotify.exe",
          "parent_directory_ref": "3"
        },
        "3": {
          "type": "directory",
          "path": "C:\\Program Files\\WD Desktop App"
        },
        "4": {
          "type": "ipv4-addr",
          "value": "127.0.0.1"
        },
        "5": {
          "type": "network-traffic",
          "src_ref": "4",
          "dst_ref": "6",
          "protocols": [
            "tcp"
          ],
          "src_port": 60844,
          "dst_port": 8384
        },
        "6": {
          "type": "ipv4-addr",
          "value": "127.0.0.1"
        },
        "7": {
          "type": "x-oca-asset",
          "hostname": "laptop156"
        }
      },
      "created_by_ref": "identity--ec822b33-d461-458b-97b6-e23950b41f72",
      "number_observed": 1
    },
    {
      "type": "observed-data",
      "id": "observed-data--62dd060b-7f51-430f-ad3c-445fd320e0ad",
      "created": "2021-10-12T13:01:31.771Z",
      "modified": "2021-10-12T13:01:31.771Z",
      "first_observed": "2021-02-22T03:21:35.312Z",
      "last_observed": "2021-02-22T03:21:35.312Z",
      "objects": {
        "0": {
          "type": "x-oca-event",
          "code": 3,
          "action": "Network Connection",
          "provider": "Microsoft-Windows-Sysmon/Operational",
          "record_number": "1152955",
          "process_ref": 1,
          "network_ref": 5,
          "host_ref": 7
        },
        "1": {
          "type": "process",
          "name": "wdsync.exe",
          "binary_ref": "2",
          "pid": 5692,
          "x_unique_id": "{7f07c11c-f61e-5dcb-0000-0010141dbe00}",
          "opened_connection_refs": [
            "5"
          ]
        },
        "2": {
          "type": "file",
          "name": "wdsync.exe",
          "parent_directory_ref": "3"
        },
        "3": {
          "type": "directory",
          "path": "C:\\Program Files\\WD Desktop App"
        },
        "4": {
          "type": "ipv4-addr",
          "value": "127.0.0.1"
        },
        "5": {
          "type": "network-traffic",
          "src_ref": "4",
          "dst_ref": "6",
          "protocols": [
            "tcp"
          ],
          "src_port": 8384,
          "dst_port": 60844
        },
        "6": {
          "type": "ipv4-addr",
          "value": "127.0.0.1"
        },
        "7": {
          "type": "x-oca-asset",
          "hostname": "laptop156"
        }
      },
      "created_by_ref": "identity--ec822b33-d461-458b-97b6-e23950b41f72",
      "number_observed": 1
    },
    {
      "type": "observed-data",
      "id": "observed-data--049f3d3a-db8f-438c-ab2e-0370de9cc6e3",
      "created": "2021-10-12T13:01:31.771Z",
      "modified": "2021-10-12T13:01:31.771Z",
      "first_observed": "2021-02-22T04:18:22.926Z",
      "last_observed": "2021-02-22T04:18:22.926Z",
      "objects": {
        "0": {
          "type": "x-oca-event",
          "code": 3,
          "action": "Network Connection",
          "provider": "Microsoft-Windows-Sysmon/Operational",
          "record_number": "1152956",
          "process_ref": 1,
          "network_ref": 4,
          "host_ref": 6
        },
        "1": {
          "type": "process",
          "name": "System",
          "binary_ref": "2",
          "pid": 4,
          "x_unique_id": "{7f07c11c-c0b9-5dcb-0000-0010eb030000}",
          "opened_connection_refs": [
            "4"
          ]
        },
        "2": {
          "type": "file",
          "name": "System"
        },
        "3": {
          "type": "ipv4-addr",
          "value": "172.16.0.255"
        },
        "4": {
          "type": "network-traffic",
          "src_ref": "3",
          "dst_ref": "5",
          "protocols": [
            "udp"
          ],
          "src_port": 138,
          "dst_port": 138
        },
        "5": {
          "type": "ipv4-addr",
          "value": "172.16.0.101"
        },
        "6": {
          "type": "x-oca-asset",
          "hostname": "laptop156"
        }
      },
      "created_by_ref": "identity--ec822b33-d461-458b-97b6-e23950b41f72",
      "number_observed": 1
    },
    {
      "type": "observed-data",
      "id": "observed-data--ac1cf1c9-94e5-4c28-a5fb-fb06f656ada1",
      "created": "2021-10-12T13:01:31.771Z",
      "modified": "2021-10-12T13:01:31.771Z",
      "first_observed": "2021-02-22T04:54:31.840Z",
      "last_observed": "2021-02-22T04:54:31.840Z",
      "objects": {
        "0": {
          "type": "x-oca-event",
          "code": 3,
          "action": "Network Connection",
          "provider": "Microsoft-Windows-Sysmon/Operational",
          "record_number": "1152957",
          "process_ref": 1,
          "network_ref": 5,
          "host_ref": 7
        },
        "1": {
          "type": "process",
          "name": "svchost.exe",
          "binary_ref": "2",
          "pid": 1380,
          "x_unique_id": "{7f07c11c-c0d7-5dcb-0000-001042920400}",
          "opened_connection_refs": [
            "5"
          ]
        },
        "2": {
          "type": "file",
          "name": "svchost.exe",
          "parent_directory_ref": "3"
        },
        "3": {
          "type": "directory",
          "path": "C:\\Windows\\System32"
        },
        "4": {
          "type": "ipv4-addr",
          "value": "192.168.100.156"
        },
        "5": {
          "type": "network-traffic",
          "src_ref": "4",
          "dst_ref": "6",
          "protocols": [
            "tcp"
          ],
          "src_port": 60845,
          "dst_port": 47413
        },
        "6": {
          "type": "ipv4-addr",
          "value": "192.168.1.1"
        },
        "7": {
          "type": "x-oca-asset",
          "hostname": "laptop156"
        }
      },
      "created_by_ref": "identity--ec822b33-d461-458b-97b6-e23950b41f72",
      "number_observed": 1
    },
    {
      "type": "observed-data",
      "id": "observed-data--3924eff9-90e7-441c-af8e-8fdad9d53bdd",
      "created": "2021-10-12T13:01:31.771Z",
      "modified": "2021-10-12T13:01:31.771Z",
      "first_observed": "2021-02-22T04:54:36.323Z",
      "last_observed": "2021-02-22T04:54:36.323Z",
      "objects": {
        "0": {
          "type": "x-oca-event",
          "code": 3,
          "action": "Network Connection",
          "provider": "Microsoft-Windows-Sysmon/Operational",
          "record_number": "1152958",
          "process_ref": 1,
          "network_ref": 5,
          "host_ref": 7
        },
        "1": {
          "type": "process",
          "name": "svchost.exe",
          "binary_ref": "2",
          "pid": 1352,
          "x_unique_id": "{7f07c11c-c0d7-5dcb-0000-001076900400}",
          "opened_connection_refs": [
            "5"
          ]
        },
        "2": {
          "type": "file",
          "name": "svchost.exe",
          "parent_directory_ref": "3"
        },
        "3": {
          "type": "directory",
          "path": "C:\\Windows\\System32"
        },
        "4": {
          "type": "ipv4-addr",
          "value": "60.222.244.93"
        },
        "5": {
          "type": "network-traffic",
          "src_ref": "4",
          "dst_ref": "6",
          "protocols": [
            "udp"
          ],
          "src_port": 3702,
          "dst_port": 59503
        },
        "6": {
          "type": "ipv4-addr",
          "value": "127.0.0.1"
        },
        "7": {
          "type": "x-oca-asset",
          "hostname": "laptop156"
        }
      },
      "created_by_ref": "identity--ec822b33-d461-458b-97b6-e23950b41f72",
      "number_observed": 1
    },
    {
      "type": "observed-data",
      "id": "observed-data--2ba4d601-8c32-4224-9029-e271661babb2",
      "created": "2021-10-12T13:01:31.772Z",
      "modified": "2021-10-12T13:01:31.772Z",
      "first_observed": "2021-02-22T04:54:38.845Z",
      "last_observed": "2021-02-22T04:54:38.845Z",
      "objects": {
        "0": {
          "type": "x-oca-event",
          "code": 3,
          "action": "Network Connection",
          "provider": "Microsoft-Windows-Sysmon/Operational",
          "record_number": "1152959",
          "process_ref": 1,
          "network_ref": 5,
          "host_ref": 7
        },
        "1": {
          "type": "process",
          "name": "svchost.exe",
          "binary_ref": "2",
          "pid": 1352,
          "x_unique_id": "{7f07c11c-c0d7-5dcb-0000-001076900400}",
          "opened_connection_refs": [
            "5"
          ]
        },
        "2": {
          "type": "file",
          "name": "svchost.exe",
          "parent_directory_ref": "3"
        },
        "3": {
          "type": "directory",
          "path": "C:\\Windows\\System32"
        },
        "4": {
          "type": "ipv6-addr",
          "value": "ff02:0:0:0:0:0:0:c"
        },
        "5": {
          "type": "network-traffic",
          "src_ref": "4",
          "dst_ref": "6",
          "protocols": [
            "udp"
          ],
          "src_port": 3702,
          "dst_port": 59504
        },
        "6": {
          "type": "ipv6-addr",
          "value": "0:0:0:0:0:0:0:1"
        },
        "7": {
          "type": "x-oca-asset",
          "hostname": "laptop156"
        }
      },
      "created_by_ref": "identity--ec822b33-d461-458b-97b6-e23950b41f72",
      "number_observed": 1
    },
    {
      "type": "observed-data",
      "id": "observed-data--a4d66173-536b-48cb-947d-2068611dae28",
      "created": "2021-10-12T13:01:31.772Z",
      "modified": "2021-10-12T13:01:31.772Z",
      "first_observed": "2021-02-22T04:54:40.526Z",
      "last_observed": "2021-02-22T04:54:40.526Z",
      "objects": {
        "0": {
          "type": "x-oca-event",
          "code": 3,
          "action": "Network Connection",
          "provider": "Microsoft-Windows-Sysmon/Operational",
          "record_number": "1152960",
          "process_ref": 1,
          "network_ref": 5,
          "host_ref": 7
        },
        "1": {
          "type": "process",
          "name": "svchost.exe",
          "binary_ref": "2",
          "pid": 1800,
          "x_unique_id": "{7f07c11c-c0e1-5dcb-0000-00109b5b0500}",
          "opened_connection_refs": [
            "5"
          ]
        },
        "2": {
          "type": "file",
          "name": "svchost.exe",
          "parent_directory_ref": "3"
        },
        "3": {
          "type": "directory",
          "path": "C:\\Windows\\System32"
        },
        "4": {
          "type": "ipv6-addr",
          "value": "ff02:0:0:0:0:0:1:3"
        },
        "5": {
          "type": "network-traffic",
          "src_ref": "4",
          "dst_ref": "6",
          "protocols": [
            "udp"
          ],
          "src_port": 5355,
          "dst_port": 63009
        },
        "6": {
          "type": "ipv6-addr",
          "value": "fe80:0:0:0:6cba:509b:55b2:f1be"
        },
        "7": {
          "type": "x-oca-asset",
          "hostname": "laptop156"
        }
      },
      "created_by_ref": "identity--ec822b33-d461-458b-97b6-e23950b41f72",
      "number_observed": 1
    },
    {
      "type": "observed-data",
      "id": "observed-data--20fa2d9a-2441-430e-a3d6-f9ba4a66cc41",
      "created": "2021-10-12T13:01:31.772Z",
      "modified": "2021-10-12T13:01:31.772Z",
      "first_observed": "2021-02-22T04:54:40.526Z",
      "last_observed": "2021-02-22T04:54:40.526Z",
      "objects": {
        "0": {
          "type": "x-oca-event",
          "code": 3,
          "action": "Network Connection",
          "provider": "Microsoft-Windows-Sysmon/Operational",
          "record_number": "1152961",
          "process_ref": 1,
          "network_ref": 5,
          "host_ref": 7
        },
        "1": {
          "type": "process",
          "name": "svchost.exe",
          "binary_ref": "2",
          "pid": 1800,
          "x_unique_id": "{7f07c11c-c0e1-5dcb-0000-00109b5b0500}",
          "opened_connection_refs": [
            "5"
          ]
        },
        "2": {
          "type": "file",
          "name": "svchost.exe",
          "parent_directory_ref": "3"
        },
        "3": {
          "type": "directory",
          "path": "C:\\Windows\\System32"
        },
        "4": {
          "type": "ipv6-addr",
          "value": "ff02:0:0:0:0:0:1:3"
        },
        "5": {
          "type": "network-traffic",
          "src_ref": "4",
          "dst_ref": "6",
          "protocols": [
            "udp"
          ],
          "src_port": 5355,
          "dst_port": 63009
        },
        "6": {
          "type": "ipv6-addr",
          "value": "fe80:0:0:0:5d67:4a8:1e69:54d8"
        },
        "7": {
          "type": "x-oca-asset",
          "hostname": "laptop156"
        }
      },
      "created_by_ref": "identity--ec822b33-d461-458b-97b6-e23950b41f72",
      "number_observed": 1
    },
    {
      "type": "observed-data",
      "id": "observed-data--7f972272-de1f-40a7-99dd-63606cadc474",
      "created": "2021-10-12T13:01:31.773Z",
      "modified": "2021-10-12T13:01:31.773Z",
      "first_observed": "2021-02-22T04:55:08.825Z",
      "last_observed": "2021-02-22T04:55:08.825Z",
      "objects": {
        "0": {
          "type": "x-oca-event",
          "code": 3,
          "action": "Network Connection",
          "provider": "Microsoft-Windows-Sysmon/Operational",
          "record_number": "1152962",
          "process_ref": 1,
          "network_ref": 5,
          "host_ref": 7
        },
        "1": {
          "type": "process",
          "name": "svchost.exe",
          "binary_ref": "2",
          "pid": 1800,
          "x_unique_id": "{7f07c11c-c0e1-5dcb-0000-00109b5b0500}",
          "opened_connection_refs": [
            "5"
          ]
        },
        "2": {
          "type": "file",
          "name": "svchost.exe",
          "parent_directory_ref": "3"
        },
        "3": {
          "type": "directory",
          "path": "C:\\Windows\\System32"
        },
        "4": {
          "type": "ipv6-addr",
          "value": "ff02:0:0:0:0:0:1:3"
        },
        "5": {
          "type": "network-traffic",
          "src_ref": "4",
          "dst_ref": "6",
          "protocols": [
            "udp"
          ],
          "src_port": 5355,
          "dst_port": 63009
        },
        "6": {
          "type": "ipv6-addr",
          "value": "fe80:0:0:0:44c4:b323:9802:9228"
        },
        "7": {
          "type": "x-oca-asset",
          "hostname": "laptop156"
        }
      },
      "created_by_ref": "identity--ec822b33-d461-458b-97b6-e23950b41f72",
      "number_observed": 1
    },
    {
      "type": "observed-data",
      "id": "observed-data--ea5dd9aa-de99-41f3-b144-73acc625376e",
      "created": "2021-10-12T13:01:31.773Z",
      "modified": "2021-10-12T13:01:31.773Z",
      "first_observed": "2021-02-22T04:55:08.825Z",
      "last_observed": "2021-02-22T04:55:08.825Z",
      "objects": {
        "0": {
          "type": "x-oca-event",
          "code": 3,
          "action": "Network Connection",
          "provider": "Microsoft-Windows-Sysmon/Operational",
          "record_number": "1152963",
          "process_ref": 1,
          "network_ref": 5,
          "host_ref": 7
        },
        "1": {
          "type": "process",
          "name": "svchost.exe",
          "binary_ref": "2",
          "pid": 1800,
          "x_unique_id": "{7f07c11c-c0e1-5dcb-0000-00109b5b0500}",
          "opened_connection_refs": [
            "5"
          ]
        },
        "2": {
          "type": "file",
          "name": "svchost.exe",
          "parent_directory_ref": "3"
        },
        "3": {
          "type": "directory",
          "path": "C:\\Windows\\System32"
        },
        "4": {
          "type": "ipv6-addr",
          "value": "ff02:0:0:0:0:0:1:3"
        },
        "5": {
          "type": "network-traffic",
          "src_ref": "4",
          "dst_ref": "6",
          "protocols": [
            "udp"
          ],
          "src_port": 5355,
          "dst_port": 63009
        },
        "6": {
          "type": "ipv6-addr",
          "value": "fe80:0:0:0:9da5:8c7f:8185:8de6"
        },
        "7": {
          "type": "x-oca-asset",
          "hostname": "laptop156"
        }
      },
      "created_by_ref": "identity--ec822b33-d461-458b-97b6-e23950b41f72",
      "number_observed": 1
    },
    {
      "type": "observed-data",
      "id": "observed-data--895771cb-56c3-49be-8931-a5aeba9bd85d",
      "created": "2021-10-12T13:01:31.773Z",
      "modified": "2021-10-12T13:01:31.773Z",
      "first_observed": "2021-02-22T04:56:57.817Z",
      "last_observed": "2021-02-22T04:56:57.817Z",
      "objects": {
        "0": {
          "type": "x-oca-event",
          "code": 3,
          "action": "Network Connection",
          "provider": "Microsoft-Windows-Sysmon/Operational",
          "record_number": "1152964",
          "process_ref": 1,
          "network_ref": 5,
          "host_ref": 7
        },
        "1": {
          "type": "process",
          "name": "svchost.exe",
          "binary_ref": "2",
          "pid": 1352,
          "x_unique_id": "{7f07c11c-c0d7-5dcb-0000-001076900400}",
          "opened_connection_refs": [
            "5"
          ]
        },
        "2": {
          "type": "file",
          "name": "svchost.exe",
          "parent_directory_ref": "3"
        },
        "3": {
          "type": "directory",
          "path": "C:\\Windows\\System32"
        },
        "4": {
          "type": "ipv4-addr",
          "value": "127.0.0.1"
        },
        "5": {
          "type": "network-traffic",
          "src_ref": "4",
          "dst_ref": "6",
          "protocols": [
            "tcp"
          ],
          "src_port": 60846,
          "dst_port": 5357
        },
        "6": {
          "type": "ipv4-addr",
          "value": "127.0.0.1"
        },
        "7": {
          "type": "x-oca-asset",
          "hostname": "laptop156"
        }
      },
      "created_by_ref": "identity--ec822b33-d461-458b-97b6-e23950b41f72",
      "number_observed": 1
    },
    {
      "type": "observed-data",
      "id": "observed-data--3221501d-8bf4-4d01-b25b-e4e9160ed9ef",
      "created": "2021-10-12T13:01:31.773Z",
      "modified": "2021-10-12T13:01:31.773Z",
      "first_observed": "2021-02-22T04:56:57.817Z",
      "last_observed": "2021-02-22T04:56:57.817Z",
      "objects": {
        "0": {
          "type": "x-oca-event",
          "code": 3,
          "action": "Network Connection",
          "provider": "Microsoft-Windows-Sysmon/Operational",
          "record_number": "1152965",
          "process_ref": 1,
          "network_ref": 4,
          "host_ref": 6
        },
        "1": {
          "type": "process",
          "name": "System",
          "binary_ref": "2",
          "pid": 4,
          "x_unique_id": "{7f07c11c-c0b9-5dcb-0000-0010eb030000}",
          "opened_connection_refs": [
            "4"
          ]
        },
        "2": {
          "type": "file",
          "name": "System"
        },
        "3": {
          "type": "ipv4-addr",
          "value": "127.0.0.1"
        },
        "4": {
          "type": "network-traffic",
          "src_ref": "3",
          "dst_ref": "5",
          "protocols": [
            "tcp"
          ],
          "src_port": 5357,
          "dst_port": 60846
        },
        "5": {
          "type": "ipv4-addr",
          "value": "127.0.0.1"
        },
        "6": {
          "type": "x-oca-asset",
          "hostname": "laptop156"
        }
      },
      "created_by_ref": "identity--ec822b33-d461-458b-97b6-e23950b41f72",
      "number_observed": 1
    },
    {
      "type": "observed-data",
      "id": "observed-data--b53b429c-b1a0-4125-b02b-132099904a64",
      "created": "2021-10-12T13:01:31.774Z",
      "modified": "2021-10-12T13:01:31.774Z",
      "first_observed": "2021-02-22T05:06:16.786Z",
      "last_observed": "2021-02-22T05:06:16.786Z",
      "objects": {
        "0": {
          "type": "x-oca-event",
          "code": 3,
          "action": "Network Connection",
          "provider": "Microsoft-Windows-Sysmon/Operational",
          "record_number": "1152966",
          "process_ref": 1,
          "network_ref": 4,
          "host_ref": 6
        },
        "1": {
          "type": "process",
          "name": "System",
          "binary_ref": "2",
          "pid": 4,
          "x_unique_id": "{7f07c11c-c0b9-5dcb-0000-0010eb030000}",
          "opened_connection_refs": [
            "4"
          ]
        },
        "2": {
          "type": "file",
          "name": "System"
        },
        "3": {
          "type": "ipv6-addr",
          "value": "fe80:0:0:0:5d67:4a8:1e69:54d8"
        },
        "4": {
          "type": "network-traffic",
          "src_ref": "3",
          "dst_ref": "5",
          "protocols": [
            "tcp"
          ],
          "src_port": 5357,
          "dst_port": 57581
        },
        "5": {
          "type": "ipv6-addr",
          "value": "fe80:0:0:0:950c:ff99:129:5107"
        },
        "6": {
          "type": "x-oca-asset",
          "hostname": "laptop156"
        }
      },
      "created_by_ref": "identity--ec822b33-d461-458b-97b6-e23950b41f72",
      "number_observed": 1
    },

    {
      "type": "observed-data",
      "id": "observed-data--aad2efe1-1e00-43fe-ba00-efecea344888",
      "created_by_ref": "identity--ec822b33-d461-458b-97b6-e23950b41f72",
      "created": "2021-03-01T20:14:01.407Z",
      "modified": "2021-03-01T20:14:01.407Z",
      "first_observed": "2021-02-22T05:13:32.915319Z",
      "last_observed": "2021-02-22T05:13:55.285447Z",
      "number_observed": 1,
      "objects": {
        "0": {
          "type": "ipv4-addr",
          "value": "192.168.100.138"
        },
        "1": {
          "type": "ipv4-addr",
          "value": "94.127.217.66"
        },
        "2": {
          "type": "network-traffic",
          "src_ref": "0",
          "dst_ref": "1",
          "src_port": 57166,
          "dst_port": 53,
          "protocols": [
            "ip",
            "udp"
          ]
	},
        "3": {
          "type": "x-oca-event",
          "code": 3,
          "action": "Network Connection",
          "provider": "Microsoft-Windows-Sysmon/Operational",
          "record_number": "215296",
          "process_ref": 4,
          "network_ref": 2,
          "host_ref": 5
        },
        "4": {
          "type": "process",
          "name": "svchost.exe",
          "binary_ref": "6",
          "pid": 1352,
          "x_unique_id": "{a591e9c6-28a2-42f6-b5cd-63601e2894e0}",
          "opened_connection_refs": [
            "2"
          ]
	},
        "5": {
          "type": "x-oca-asset",
          "hostname": "laptop138"
        },
        "6": {
          "type": "file",
          "name": "svchost.exe",
          "parent_directory_ref": "7"
        },
        "7": {
          "type": "directory",
          "path": "C:\\"
        }
      }
    },
    {
      "type": "observed-data",
      "id": "observed-data--099b9288-e466-48aa-b5cc-e8fd05fe8f4e",
      "created_by_ref": "identity--ec822b33-d461-458b-97b6-e23950b41f72",
      "created": "2021-03-01T20:14:15.766Z",
      "modified": "2021-03-01T20:14:15.766Z",
      "first_observed": "2021-02-22T05:41:24.292955Z",
      "last_observed": "2021-02-22T05:43:58.806931Z",
      "number_observed": 1,
      "objects": {
        "0": {
          "type": "ipv4-addr",
          "value": "192.168.100.138"
        },
        "1": {
          "type": "ipv4-addr",
          "value": "94.127.217.66"
        },
        "2": {
          "type": "network-traffic",
          "src_ref": "0",
          "dst_ref": "1",
          "src_port": 53368,
          "dst_port": 53,
          "protocols": [
            "ip",
            "udp"
          ]
        },
        "3": {
          "type": "x-oca-event",
          "code": 3,
          "action": "Network Connection",
          "provider": "Microsoft-Windows-Sysmon/Operational",
          "record_number": "215297",
          "process_ref": 4,
          "network_ref": 2,
          "host_ref": 5
        },
        "4": {
          "type": "process",
          "name": "svchost.exe",
          "binary_ref": "6",
          "pid": 1352,
          "x_unique_id": "{a591e9c6-28a2-42f6-b5cd-63601e2894e0}",
          "opened_connection_refs": [
            "2"
          ]
	},
        "5": {
          "type": "x-oca-asset",
          "hostname": "laptop138"
        },
        "6": {
          "type": "file",
          "name": "svchost.exe",
          "parent_directory_ref": "7"
        },
        "7": {
          "type": "directory",
          "path": "C:\\"
        }
      }
    },
    {
      "type": "observed-data",
      "id": "observed-data--42d18867-6460-416d-b195-f3ff65f7adfe",
      "created_by_ref": "identity--ec822b33-d461-458b-97b6-e23950b41f72",
      "created": "2021-03-01T20:14:06.015Z",
      "modified": "2021-03-01T20:14:06.015Z",
      "first_observed": "2021-02-22T06:47:04.203356Z",
      "last_observed": "2021-02-22T06:51:38.148975Z",
      "number_observed": 1,
      "objects": {
        "0": {
          "type": "ipv4-addr",
          "value": "192.168.100.138"
        },
        "1": {
          "type": "ipv4-addr",
          "value": "94.127.217.66"
        },
        "2": {
          "type": "network-traffic",
          "src_ref": "0",
          "dst_ref": "1",
          "src_port": 55237,
          "dst_port": 53,
          "protocols": [
            "ip",
            "udp"
          ]
        },
        "3": {
          "type": "x-oca-event",
          "code": 3,
          "action": "Network Connection",
          "provider": "Microsoft-Windows-Sysmon/Operational",
          "record_number": "215299",
          "process_ref": 4,
          "network_ref": 2,
          "host_ref": 5
        },
        "4": {
          "type": "process",
          "name": "svchost.exe",
          "binary_ref": "6",
          "pid": 1352,
          "x_unique_id": "{a591e9c6-28a2-42f6-b5cd-63601e2894e0}",
          "opened_connection_refs": [
            "2"
          ]
	},
        "5": {
          "type": "x-oca-asset",
          "hostname": "laptop138"
        },
        "6": {
          "type": "file",
          "name": "svchost.exe",
          "parent_directory_ref": "7"
        },
        "7": {
          "type": "directory",
          "path": "C:\\"
        }
      }
    },
    {
      "type": "observed-data",
      "id": "observed-data--aa1b035a-1ed7-4f12-a4d9-f085824ce8a3",
      "created_by_ref": "identity--ec822b33-d461-458b-97b6-e23950b41f72",
      "created": "2021-03-01T20:14:17.899Z",
      "modified": "2021-03-01T20:14:17.899Z",
      "first_observed": "2021-02-22T06:50:24.913137Z",
      "last_observed": "2021-02-22T06:51:19.014155Z",
      "number_observed": 1,
      "objects": {
        "0": {
          "type": "ipv4-addr",
          "value": "192.168.100.138"
        },
        "1": {
          "type": "ipv4-addr",
          "value": "94.127.217.66"
        },
        "2": {
          "type": "network-traffic",
          "src_ref": "0",
          "dst_ref": "1",
          "src_port": 52797,
          "dst_port": 53,
          "protocols": [
            "ip",
            "udp"
          ]
        },
        "3": {
          "type": "x-oca-event",
          "code": 3,
          "action": "Network Connection",
          "provider": "Microsoft-Windows-Sysmon/Operational",
          "record_number": "215300",
          "process_ref": 4,
          "network_ref": 2,
          "host_ref": 5
        },
        "4": {
          "type": "process",
          "name": "svchost.exe",
          "binary_ref": "6",
          "pid": 1352,
          "x_unique_id": "{a591e9c6-28a2-42f6-b5cd-63601e2894e0}",
          "opened_connection_refs": [
            "2"
          ]
	},
        "5": {
          "type": "x-oca-asset",
          "hostname": "laptop138"
        },
        "6": {
          "type": "file",
          "name": "svchost.exe",
          "parent_directory_ref": "7"
        },
        "7": {
          "type": "directory",
          "path": "C:\\"
        }
      }
    },
    {
      "type": "observed-data",
      "id": "observed-data--a20fcbd5-1e0d-4f68-89f3-605ac3f75313",
      "created_by_ref": "identity--ec822b33-d461-458b-97b6-e23950b41f72",
      "created": "2021-03-01T20:14:18.410Z",
      "modified": "2021-03-01T20:14:18.410Z",
      "first_observed": "2021-02-22T07:00:38.52119Z",
      "last_observed": "2021-02-22T07:02:47.118903Z",
      "number_observed": 1,
      "objects": {
        "0": {
          "type": "ipv4-addr",
          "value": "192.168.100.138"
        },
        "1": {
          "type": "ipv4-addr",
          "value": "94.127.217.66"
        },
        "2": {
          "type": "network-traffic",
          "src_ref": "0",
          "dst_ref": "1",
          "src_port": 59215,
          "dst_port": 53,
          "protocols": [
            "ip",
            "udp"
          ]
        },
        "3": {
          "type": "x-oca-event",
          "code": 3,
          "action": "Network Connection",
          "provider": "Microsoft-Windows-Sysmon/Operational",
          "record_number": "215301",
          "process_ref": 4,
          "network_ref": 2,
          "host_ref": 5
        },
        "4": {
          "type": "process",
          "name": "svchost.exe",
          "binary_ref": "6",
          "pid": 1352,
          "x_unique_id": "{a591e9c6-28a2-42f6-b5cd-63601e2894e0}",
          "opened_connection_refs": [
            "2"
          ]
	},
        "5": {
          "type": "x-oca-asset",
          "hostname": "laptop138"
        },
        "6": {
          "type": "file",
          "name": "svchost.exe",
          "parent_directory_ref": "7"
        },
        "7": {
          "type": "directory",
          "path": "C:\\"
        }
      }
    },
    {
      "type": "observed-data",
      "id": "observed-data--6bf67ef0-2501-47c3-a40a-77b5c984e9d2",
      "created_by_ref": "identity--ec822b33-d461-458b-97b6-e23950b41f72",
      "created": "2021-03-01T20:14:13.891Z",
      "modified": "2021-03-01T20:14:13.891Z",
      "first_observed": "2021-02-22T07:07:22.814239Z",
      "last_observed": "2021-02-22T07:08:28.672322Z",
      "number_observed": 1,
      "objects": {
        "0": {
          "type": "ipv4-addr",
          "value": "192.168.100.138"
        },
        "1": {
          "type": "ipv4-addr",
          "value": "94.127.217.66"
        },
        "2": {
          "type": "network-traffic",
          "src_ref": "0",
          "dst_ref": "1",
          "src_port": 61973,
          "dst_port": 53,
          "protocols": [
            "ip",
            "udp"
          ]
        },
        "3": {
          "type": "x-oca-event",
          "code": 3,
          "action": "Network Connection",
          "provider": "Microsoft-Windows-Sysmon/Operational",
          "record_number": "215302",
          "process_ref": 4,
          "network_ref": 2,
          "host_ref": 5
        },
        "4": {
          "type": "process",
          "name": "svchost.exe",
          "binary_ref": "6",
          "pid": 1352,
          "x_unique_id": "{a591e9c6-28a2-42f6-b5cd-63601e2894e0}",
          "opened_connection_refs": [
            "2"
          ]
	},
        "5": {
          "type": "x-oca-asset",
          "hostname": "laptop138"
        },
        "6": {
          "type": "file",
          "name": "svchost.exe",
          "parent_directory_ref": "7"
        },
        "7": {
          "type": "directory",
          "path": "C:\\"
        }
      }
    },
    {
      "type": "observed-data",
      "id": "observed-data--3a5880fe-2d91-4aec-b8c1-d74194e09296",
      "created_by_ref": "identity--ec822b33-d461-458b-97b6-e23950b41f72",
      "created": "2021-03-01T20:14:02.365Z",
      "modified": "2021-03-01T20:14:02.365Z",
      "first_observed": "2021-02-22T14:19:41.567574Z",
      "last_observed": "2021-02-22T14:23:53.050483Z",
      "number_observed": 1,
      "objects": {
        "0": {
          "type": "ipv4-addr",
          "value": "192.168.100.138"
        },
        "1": {
          "type": "ipv4-addr",
          "value": "94.127.217.66"
        },
        "2": {
          "type": "network-traffic",
          "src_ref": "0",
          "dst_ref": "1",
          "src_port": 63241,
          "dst_port": 53,
          "protocols": [
            "ip",
            "udp"
          ]
        },
        "3": {
          "type": "x-oca-event",
          "code": 3,
          "action": "Network Connection",
          "provider": "Microsoft-Windows-Sysmon/Operational",
          "record_number": "215303",
          "process_ref": 4,
          "network_ref": 2,
          "host_ref": 5
        },
        "4": {
          "type": "process",
          "name": "svchost.exe",
          "binary_ref": "6",
          "pid": 1352,
          "x_unique_id": "{a591e9c6-28a2-42f6-b5cd-63601e2894e0}",
          "opened_connection_refs": [
            "2"
          ]
	},
        "5": {
          "type": "x-oca-asset",
          "hostname": "laptop138"
        },
        "6": {
          "type": "file",
          "name": "svchost.exe",
          "parent_directory_ref": "7"
        },
        "7": {
          "type": "directory",
          "path": "C:\\"
        }
      }
    },
    {
      "type": "observed-data",
      "id": "observed-data--7659ed08-5ba8-45b7-ad6c-4c13ac7457ae",
      "created_by_ref": "identity--ec822b33-d461-458b-97b6-e23950b41f72",
      "created": "2021-03-01T20:14:03.458Z",
      "modified": "2021-03-01T20:14:03.458Z",
      "first_observed": "2021-02-22T14:36:01.029273Z",
      "last_observed": "2021-02-22T14:38:33.699064Z",
      "number_observed": 1,
      "objects": {
        "0": {
          "type": "ipv4-addr",
          "value": "192.168.100.138"
        },
        "1": {
          "type": "ipv4-addr",
          "value": "94.127.217.66"
        },
        "2": {
          "type": "network-traffic",
          "src_ref": "0",
          "dst_ref": "1",
          "src_port": 61071,
          "dst_port": 53,
          "protocols": [
            "ip",
            "udp"
          ]
        },
        "3": {
          "type": "x-oca-event",
          "code": 3,
          "action": "Network Connection",
          "provider": "Microsoft-Windows-Sysmon/Operational",
          "record_number": "215304",
          "process_ref": 4,
          "network_ref": 2,
          "host_ref": 5
        },
        "4": {
          "type": "process",
          "name": "svchost.exe",
          "binary_ref": "6",
          "pid": 1352,
          "x_unique_id": "{a591e9c6-28a2-42f6-b5cd-63601e2894e0}",
          "opened_connection_refs": [
            "2"
          ]
	},
        "5": {
          "type": "x-oca-asset",
          "hostname": "laptop138"
        },
        "6": {
          "type": "file",
          "name": "svchost.exe",
          "parent_directory_ref": "7"
        },
        "7": {
          "type": "directory",
          "path": "C:\\"
        }
      }
    },

    {
      "type": "observed-data",
      "id": "observed-data--558cfa5e-1b56-426a-bd0d-1a2d4d63269c",
      "created": "2021-10-12T13:01:31.774Z",
      "modified": "2021-10-12T13:01:31.774Z",
      "first_observed": "2021-02-22T06:07:36.180Z",
      "last_observed": "2021-02-22T06:07:36.180Z",
      "objects": {
        "0": {
          "type": "x-oca-event",
          "code": 3,
          "action": "Network Connection",
          "provider": "Microsoft-Windows-Sysmon/Operational",
          "record_number": "1152967",
          "process_ref": 1,
          "network_ref": 5,
          "host_ref": 7
        },
        "1": {
          "type": "process",
          "name": "svchost.exe",
          "binary_ref": "2",
          "pid": 1800,
          "x_unique_id": "{7f07c11c-c0e1-5dcb-0000-00109b5b0500}",
          "opened_connection_refs": [
            "5"
          ]
        },
        "2": {
          "type": "file",
          "name": "svchost.exe",
          "parent_directory_ref": "3"
        },
        "3": {
          "type": "directory",
          "path": "C:\\Windows\\System32"
        },
        "4": {
          "type": "ipv6-addr",
          "value": "ff02:0:0:0:0:0:1:3"
        },
        "5": {
          "type": "network-traffic",
          "src_ref": "4",
          "dst_ref": "6",
          "protocols": [
            "udp"
          ],
          "src_port": 5355,
          "dst_port": 65126
        },
        "6": {
          "type": "ipv6-addr",
          "value": "fe80:0:0:0:6cba:509b:55b2:f1be"
        },
        "7": {
          "type": "x-oca-asset",
          "hostname": "laptop156"
        }
      },
      "created_by_ref": "identity--ec822b33-d461-458b-97b6-e23950b41f72",
      "number_observed": 1
    },
    {
      "type": "observed-data",
      "id": "observed-data--8134a014-2f4b-46e8-b4f0-cbc36fdd75c4",
      "created": "2021-10-12T13:01:31.774Z",
      "modified": "2021-10-12T13:01:31.774Z",
      "first_observed": "2021-02-22T06:07:36.180Z",
      "last_observed": "2021-02-22T06:07:36.180Z",
      "objects": {
        "0": {
          "type": "x-oca-event",
          "code": 3,
          "action": "Network Connection",
          "provider": "Microsoft-Windows-Sysmon/Operational",
          "record_number": "1152968",
          "process_ref": 1,
          "network_ref": 5,
          "host_ref": 7
        },
        "1": {
          "type": "process",
          "name": "svchost.exe",
          "binary_ref": "2",
          "pid": 1800,
          "x_unique_id": "{7f07c11c-c0e1-5dcb-0000-00109b5b0500}",
          "opened_connection_refs": [
            "5"
          ]
        },
        "2": {
          "type": "file",
          "name": "svchost.exe",
          "parent_directory_ref": "3"
        },
        "3": {
          "type": "directory",
          "path": "C:\\Windows\\System32"
        },
        "4": {
          "type": "ipv6-addr",
          "value": "ff02:0:0:0:0:0:1:3"
        },
        "5": {
          "type": "network-traffic",
          "src_ref": "4",
          "dst_ref": "6",
          "protocols": [
            "udp"
          ],
          "src_port": 5355,
          "dst_port": 65126
        },
        "6": {
          "type": "ipv6-addr",
          "value": "fe80:0:0:0:5d67:4a8:1e69:54d8"
        },
        "7": {
          "type": "x-oca-asset",
          "hostname": "laptop156"
        }
      },
      "created_by_ref": "identity--ec822b33-d461-458b-97b6-e23950b41f72",
      "number_observed": 1
    },
