    {
      "type": "observed-data",
      "id": "observed-data--b98245f3-b252-4790-bb50-39fc10b28c77",
      "created": "2021-10-12T13:01:31.912Z",
      "modified": "2021-10-12T13:01:31.912Z",
      "first_observed": "2021-02-25T17:49:43.143Z",
      "last_observed": "2021-02-25T17:49:43.143Z",
      "objects": {
        "0": {
          "type": "x-oca-event",
          "code": 3,
          "action": "Network Connection",
          "provider": "Microsoft-Windows-Sysmon/Operational",
          "record_number": "1153483",
          "process_ref": 1,
          "network_ref": 5,
          "host_ref": 7
        },
        "1": {
          "type": "process",
          "name": "svchost.exe",
          "binary_ref": "2",
          "pid": 1352,
          "x_unique_id": "{7f07c11c-c0d7-5dcb-0000-001076900400}",
          "opened_connection_refs": [
            "5"
          ]
        },
        "2": {
          "type": "file",
          "name": "svchost.exe",
          "parent_directory_ref": "3"
        },
        "3": {
          "type": "directory",
          "path": "C:\\Windows\\System32"
        },
        "4": {
          "type": "ipv4-addr",
          "value": "127.0.0.1"
        },
        "5": {
          "type": "network-traffic",
          "src_ref": "4",
          "dst_ref": "6",
          "protocols": [
            "tcp"
          ],
          "src_port": 60958,
          "dst_port": 5357
        },
        "6": {
          "type": "ipv4-addr",
          "value": "127.0.0.1"
        },
        "7": {
          "type": "x-oca-asset",
          "hostname": "laptop156"
        }
      },
      "created_by_ref": "identity--ec822b33-d461-458b-97b6-e23950b41f72",
      "number_observed": 1
    },
    {
      "type": "observed-data",
      "id": "observed-data--452af00c-9ec3-4432-a9b8-f5cd8af5a45c",
      "created": "2021-10-12T13:01:31.912Z",
      "modified": "2021-10-12T13:01:31.912Z",
      "first_observed": "2021-02-25T17:49:43.143Z",
      "last_observed": "2021-02-25T17:49:43.143Z",
      "objects": {
        "0": {
          "type": "x-oca-event",
          "code": 3,
          "action": "Network Connection",
          "provider": "Microsoft-Windows-Sysmon/Operational",
          "record_number": "1153484",
          "process_ref": 1,
          "network_ref": 4,
          "host_ref": 6
        },
        "1": {
          "type": "process",
          "name": "System",
          "binary_ref": "2",
          "pid": 4,
          "x_unique_id": "{7f07c11c-c0b9-5dcb-0000-0010eb030000}",
          "opened_connection_refs": [
            "4"
          ]
        },
        "2": {
          "type": "file",
          "name": "System"
        },
        "3": {
          "type": "ipv4-addr",
          "value": "127.0.0.1"
        },
        "4": {
          "type": "network-traffic",
          "src_ref": "3",
          "dst_ref": "5",
          "protocols": [
            "tcp"
          ],
          "src_port": 5357,
          "dst_port": 60958
        },
        "5": {
          "type": "ipv4-addr",
          "value": "127.0.0.1"
        },
        "6": {
          "type": "x-oca-asset",
          "hostname": "laptop156"
        }
      },
      "created_by_ref": "identity--ec822b33-d461-458b-97b6-e23950b41f72",
      "number_observed": 1
    },
    {
      "type": "observed-data",
      "id": "observed-data--2220e7c4-bccc-443e-8ea5-36dcc2725fb4",
      "created": "2021-10-12T13:01:31.912Z",
      "modified": "2021-10-12T13:01:31.912Z",
      "first_observed": "2021-02-25T17:57:47.304Z",
      "last_observed": "2021-02-25T17:57:47.304Z",
      "objects": {
        "0": {
          "type": "x-oca-event",
          "code": 3,
          "action": "Network Connection",
          "provider": "Microsoft-Windows-Sysmon/Operational",
          "record_number": "1153485",
          "process_ref": 1,
          "network_ref": 4,
          "host_ref": 6
        },
        "1": {
          "type": "process",
          "name": "System",
          "binary_ref": "2",
          "pid": 4,
          "x_unique_id": "{7f07c11c-c0b9-5dcb-0000-0010eb030000}",
          "opened_connection_refs": [
            "4"
          ]
        },
        "2": {
          "type": "file",
          "name": "System"
        },
        "3": {
          "type": "ipv6-addr",
          "value": "fe80:0:0:0:5d67:4a8:1e69:54d8"
        },
        "4": {
          "type": "network-traffic",
          "src_ref": "3",
          "dst_ref": "5",
          "protocols": [
            "tcp"
          ],
          "src_port": 5357,
          "dst_port": 57821
        },
        "5": {
          "type": "ipv6-addr",
          "value": "fe80:0:0:0:950c:ff99:129:5107"
        },
        "6": {
          "type": "x-oca-asset",
          "hostname": "laptop156"
        }
      },
      "created_by_ref": "identity--ec822b33-d461-458b-97b6-e23950b41f72",
      "number_observed": 1
    },
    {
      "type": "observed-data",
      "id": "observed-data--1a24217c-f156-43d0-b0d8-308e5904c14b",
      "created": "2021-10-12T13:01:31.912Z",
      "modified": "2021-10-12T13:01:31.912Z",
      "first_observed": "2021-02-25T20:05:17.203Z",
      "last_observed": "2021-02-25T20:05:17.203Z",
      "objects": {
        "0": {
          "type": "x-oca-event",
          "code": 3,
          "action": "Network Connection",
          "provider": "Microsoft-Windows-Sysmon/Operational",
          "record_number": "1153486",
          "process_ref": 1,
          "network_ref": 5,
          "host_ref": 7
        },
        "1": {
          "type": "process",
          "name": "wdsync-inotify.exe",
          "binary_ref": "2",
          "pid": 7416,
          "x_unique_id": "{7f07c11c-f61d-5dcb-0000-0010c219be00}",
          "opened_connection_refs": [
            "5"
          ]
        },
        "2": {
          "type": "file",
          "name": "wdsync-inotify.exe",
          "parent_directory_ref": "3"
        },
        "3": {
          "type": "directory",
          "path": "C:\\Program Files\\WD Desktop App"
        },
        "4": {
          "type": "ipv4-addr",
          "value": "127.0.0.1"
        },
        "5": {
          "type": "network-traffic",
          "src_ref": "4",
          "dst_ref": "6",
          "protocols": [
            "tcp"
          ],
          "src_port": 60959,
          "dst_port": 8384
        },
        "6": {
          "type": "ipv4-addr",
          "value": "127.0.0.1"
        },
        "7": {
          "type": "x-oca-asset",
          "hostname": "laptop156"
        }
      },
      "created_by_ref": "identity--ec822b33-d461-458b-97b6-e23950b41f72",
      "number_observed": 1
    },
    {
      "type": "observed-data",
      "id": "observed-data--a1574f2e-c6a1-4381-bddb-cd8eb38cfc1d",
      "created": "2021-10-12T13:01:31.913Z",
      "modified": "2021-10-12T13:01:31.913Z",
      "first_observed": "2021-02-25T20:05:17.203Z",
      "last_observed": "2021-02-25T20:05:17.203Z",
      "objects": {
        "0": {
          "type": "x-oca-event",
          "code": 3,
          "action": "Network Connection",
          "provider": "Microsoft-Windows-Sysmon/Operational",
          "record_number": "1153487",
          "process_ref": 1,
          "network_ref": 5,
          "host_ref": 7
        },
        "1": {
          "type": "process",
          "name": "wdsync.exe",
          "binary_ref": "2",
          "pid": 5692,
          "x_unique_id": "{7f07c11c-f61e-5dcb-0000-0010141dbe00}",
          "opened_connection_refs": [
            "5"
          ]
        },
        "2": {
          "type": "file",
          "name": "wdsync.exe",
          "parent_directory_ref": "3"
        },
        "3": {
          "type": "directory",
          "path": "C:\\Program Files\\WD Desktop App"
        },
        "4": {
          "type": "ipv4-addr",
          "value": "127.0.0.1"
        },
        "5": {
          "type": "network-traffic",
          "src_ref": "4",
          "dst_ref": "6",
          "protocols": [
            "tcp"
          ],
          "src_port": 8384,
          "dst_port": 60959
        },
        "6": {
          "type": "ipv4-addr",
          "value": "127.0.0.1"
        },
        "7": {
          "type": "x-oca-asset",
          "hostname": "laptop156"
        }
      },
      "created_by_ref": "identity--ec822b33-d461-458b-97b6-e23950b41f72",
      "number_observed": 1
    },
    {
      "type": "observed-data",
      "id": "observed-data--3a737be1-24f7-453d-9a37-91ef68fdc62d",
      "created": "2021-10-12T13:01:31.913Z",
      "modified": "2021-10-12T13:01:31.913Z",
      "first_observed": "2021-02-25T20:15:02.790Z",
      "last_observed": "2021-02-25T20:15:02.790Z",
      "objects": {
        "0": {
          "type": "x-oca-event",
          "code": 3,
          "action": "Network Connection",
          "provider": "Microsoft-Windows-Sysmon/Operational",
          "record_number": "1153488",
          "process_ref": 1,
          "network_ref": 5,
          "host_ref": 7
        },
        "1": {
          "type": "process",
          "name": "svchost.exe",
          "binary_ref": "2",
          "pid": 1288,
          "x_unique_id": "{7f07c11c-c0d7-5dcb-0000-00100e8b0400}",
          "opened_connection_refs": [
            "5"
          ]
        },
        "2": {
          "type": "file",
          "name": "svchost.exe",
          "parent_directory_ref": "3"
        },
        "3": {
          "type": "directory",
          "path": "C:\\Windows\\System32"
        },
        "4": {
          "type": "ipv6-addr",
          "value": "ff02:0:0:0:0:0:1:2"
        },
        "5": {
          "type": "network-traffic",
          "src_ref": "4",
          "dst_ref": "6",
          "protocols": [
            "udp"
          ],
          "src_port": 547,
          "dst_port": 546
        },
        "6": {
          "type": "ipv6-addr",
          "value": "fe80:0:0:0:5d67:4a8:1e69:54d8"
        },
        "7": {
          "type": "x-oca-asset",
          "hostname": "laptop156"
        }
      },
      "created_by_ref": "identity--ec822b33-d461-458b-97b6-e23950b41f72",
      "number_observed": 1
    },
    {
      "type": "observed-data",
      "id": "observed-data--37a2100e-3ec3-489a-8cd3-6243d846b235",
      "created": "2021-10-12T13:01:31.913Z",
      "modified": "2021-10-12T13:01:31.913Z",
      "first_observed": "2021-02-25T22:20:30.809Z",
      "last_observed": "2021-02-25T22:20:30.809Z",
      "objects": {
        "0": {
          "type": "x-oca-event",
          "code": 3,
          "action": "Network Connection",
          "provider": "Microsoft-Windows-Sysmon/Operational",
          "record_number": "1153489",
          "process_ref": 1,
          "network_ref": 5,
          "host_ref": 7
        },
        "1": {
          "type": "process",
          "name": "svchost.exe",
          "binary_ref": "2",
          "pid": 1352,
          "x_unique_id": "{7f07c11c-c0d7-5dcb-0000-001076900400}",
          "opened_connection_refs": [
            "5"
          ]
        },
        "2": {
          "type": "file",
          "name": "svchost.exe",
          "parent_directory_ref": "3"
        },
        "3": {
          "type": "directory",
          "path": "C:\\Windows\\System32"
        },
        "4": {
          "type": "ipv6-addr",
          "value": "ff02:0:0:0:0:0:0:c"
        },
        "5": {
          "type": "network-traffic",
          "src_ref": "4",
          "dst_ref": "6",
          "protocols": [
            "udp"
          ],
          "src_port": 3702,
          "dst_port": 60364
        },
        "6": {
          "type": "ipv6-addr",
          "value": "fe80:0:0:0:29fe:d90c:83b8:58db"
        },
        "7": {
          "type": "x-oca-asset",
          "hostname": "laptop156"
        }
      },
      "created_by_ref": "identity--ec822b33-d461-458b-97b6-e23950b41f72",
      "number_observed": 1
    },
    {
      "type": "observed-data",
      "id": "observed-data--9364a5bc-f0cb-476a-8c56-40ee724f71fa",
      "created": "2021-10-12T13:01:31.913Z",
      "modified": "2021-10-12T13:01:31.913Z",
      "first_observed": "2021-02-25T22:20:30.809Z",
      "last_observed": "2021-02-25T22:20:30.809Z",
      "objects": {
        "0": {
          "type": "x-oca-event",
          "code": 3,
          "action": "Network Connection",
          "provider": "Microsoft-Windows-Sysmon/Operational",
          "record_number": "1153490",
          "process_ref": 1,
          "network_ref": 5,
          "host_ref": 7
        },
        "1": {
          "type": "process",
          "name": "svchost.exe",
          "binary_ref": "2",
          "pid": 1728,
          "x_unique_id": "{7f07c11c-c0e4-5dcb-0000-001016e30500}",
          "opened_connection_refs": [
            "5"
          ]
        },
        "2": {
          "type": "file",
          "name": "svchost.exe",
          "parent_directory_ref": "3"
        },
        "3": {
          "type": "directory",
          "path": "C:\\Windows\\System32"
        },
        "4": {
          "type": "ipv6-addr",
          "value": "ff02:0:0:0:0:0:0:c"
        },
        "5": {
          "type": "network-traffic",
          "src_ref": "4",
          "dst_ref": "6",
          "protocols": [
            "udp"
          ],
          "src_port": 3702,
          "dst_port": 60364
        },
        "6": {
          "type": "ipv6-addr",
          "value": "fe80:0:0:0:29fe:d90c:83b8:58db"
        },
        "7": {
          "type": "x-oca-asset",
          "hostname": "laptop156"
        }
      },
      "created_by_ref": "identity--ec822b33-d461-458b-97b6-e23950b41f72",
      "number_observed": 1
    },
    {
      "type": "observed-data",
      "id": "observed-data--1019e43d-e3bf-4774-b5ed-ef13b703a6f3",
      "created": "2021-10-12T13:01:31.914Z",
      "modified": "2021-10-12T13:01:31.914Z",
      "first_observed": "2021-02-25T22:20:31.089Z",
      "last_observed": "2021-02-25T22:20:31.089Z",
      "objects": {
        "0": {
          "type": "x-oca-event",
          "code": 3,
          "action": "Network Connection",
          "provider": "Microsoft-Windows-Sysmon/Operational",
          "record_number": "1153491",
          "process_ref": 1,
          "network_ref": 5,
          "host_ref": 7
        },
        "1": {
          "type": "process",
          "name": "svchost.exe",
          "binary_ref": "2",
          "pid": 1352,
          "x_unique_id": "{7f07c11c-c0d7-5dcb-0000-001076900400}",
          "opened_connection_refs": [
            "5"
          ]
        },
        "2": {
          "type": "file",
          "name": "svchost.exe",
          "parent_directory_ref": "3"
        },
        "3": {
          "type": "directory",
          "path": "C:\\Windows\\System32"
        },
        "4": {
          "type": "ipv4-addr",
          "value": "239.255.255.250"
        },
        "5": {
          "type": "network-traffic",
          "src_ref": "4",
          "dst_ref": "6",
          "protocols": [
            "udp"
          ],
          "src_port": 3702,
          "dst_port": 60363
        },
        "6": {
          "type": "ipv4-addr",
          "value": "172.16.0.101"
        },
        "7": {
          "type": "x-oca-asset",
          "hostname": "laptop156"
        }
      },
      "created_by_ref": "identity--ec822b33-d461-458b-97b6-e23950b41f72",
      "number_observed": 1
    },
    {
      "type": "observed-data",
      "id": "observed-data--c84d634f-ffc8-47b7-ab5e-ec636b2a22e5",
      "created": "2021-10-12T13:01:31.914Z",
      "modified": "2021-10-12T13:01:31.914Z",
      "first_observed": "2021-02-25T22:20:31.089Z",
      "last_observed": "2021-02-25T22:20:31.089Z",
      "objects": {
        "0": {
          "type": "x-oca-event",
          "code": 3,
          "action": "Network Connection",
          "provider": "Microsoft-Windows-Sysmon/Operational",
          "record_number": "1153492",
          "process_ref": 1,
          "network_ref": 5,
          "host_ref": 7
        },
        "1": {
          "type": "process",
          "name": "svchost.exe",
          "binary_ref": "2",
          "pid": 1728,
          "x_unique_id": "{7f07c11c-c0e4-5dcb-0000-001016e30500}",
          "opened_connection_refs": [
            "5"
          ]
        },
        "2": {
          "type": "file",
          "name": "svchost.exe",
          "parent_directory_ref": "3"
        },
        "3": {
          "type": "directory",
          "path": "C:\\Windows\\System32"
        },
        "4": {
          "type": "ipv4-addr",
          "value": "239.255.255.250"
        },
        "5": {
          "type": "network-traffic",
          "src_ref": "4",
          "dst_ref": "6",
          "protocols": [
            "udp"
          ],
          "src_port": 3702,
          "dst_port": 60363
        },
        "6": {
          "type": "ipv4-addr",
          "value": "172.16.0.101"
        },
        "7": {
          "type": "x-oca-asset",
          "hostname": "laptop156"
        }
      },
      "created_by_ref": "identity--ec822b33-d461-458b-97b6-e23950b41f72",
      "number_observed": 1
    },
    {
      "type": "observed-data",
      "id": "observed-data--e5a36c88-a865-4697-b5d9-e9d82cba2c66",
      "created": "2021-10-12T13:01:31.914Z",
      "modified": "2021-10-12T13:01:31.914Z",
      "first_observed": "2021-02-25T22:40:59.141Z",
      "last_observed": "2021-02-25T22:40:59.141Z",
      "objects": {
        "0": {
          "type": "x-oca-event",
          "code": 3,
          "action": "Network Connection",
          "provider": "Microsoft-Windows-Sysmon/Operational",
          "record_number": "1153493",
          "process_ref": 1,
          "network_ref": 5,
          "host_ref": 7
        },
        "1": {
          "type": "process",
          "name": "svchost.exe",
          "binary_ref": "2",
          "pid": 1380,
          "x_unique_id": "{7f07c11c-c0d7-5dcb-0000-001042920400}",
          "opened_connection_refs": [
            "5"
          ]
        },
        "2": {
          "type": "file",
          "name": "svchost.exe",
          "parent_directory_ref": "3"
        },
        "3": {
          "type": "directory",
          "path": "C:\\Windows\\System32"
        },
        "4": {
          "type": "ipv4-addr",
          "value": "192.168.100.156"
        },
        "5": {
          "type": "network-traffic",
          "src_ref": "4",
          "dst_ref": "6",
          "protocols": [
            "tcp"
          ],
          "src_port": 60960,
          "dst_port": 47413
        },
        "6": {
          "type": "ipv4-addr",
          "value": "192.168.1.1"
        },
        "7": {
          "type": "x-oca-asset",
          "hostname": "laptop156"
        }
      },
      "created_by_ref": "identity--ec822b33-d461-458b-97b6-e23950b41f72",
      "number_observed": 1
    },
    {
      "type": "observed-data",
      "id": "observed-data--70fc939b-8527-4720-a96e-e68511817009",
      "created": "2021-10-12T13:01:31.914Z",
      "modified": "2021-10-12T13:01:31.914Z",
      "first_observed": "2021-02-25T22:41:08.668Z",
      "last_observed": "2021-02-25T22:41:08.668Z",
      "objects": {
        "0": {
          "type": "x-oca-event",
          "code": 3,
          "action": "Network Connection",
          "provider": "Microsoft-Windows-Sysmon/Operational",
          "record_number": "1153494",
          "process_ref": 1,
          "network_ref": 5,
          "host_ref": 7
        },
        "1": {
          "type": "process",
          "name": "svchost.exe",
          "binary_ref": "2",
          "pid": 1800,
          "x_unique_id": "{7f07c11c-c0e1-5dcb-0000-00109b5b0500}",
          "opened_connection_refs": [
            "5"
          ]
        },
        "2": {
          "type": "file",
          "name": "svchost.exe",
          "parent_directory_ref": "3"
        },
        "3": {
          "type": "directory",
          "path": "C:\\Windows\\System32"
        },
        "4": {
          "type": "ipv6-addr",
          "value": "ff02:0:0:0:0:0:1:3"
        },
        "5": {
          "type": "network-traffic",
          "src_ref": "4",
          "dst_ref": "6",
          "protocols": [
            "udp"
          ],
          "src_port": 5355,
          "dst_port": 64502
        },
        "6": {
          "type": "ipv6-addr",
          "value": "fe80:0:0:0:6cba:509b:55b2:f1be"
        },
        "7": {
          "type": "x-oca-asset",
          "hostname": "laptop156"
        }
      },
      "created_by_ref": "identity--ec822b33-d461-458b-97b6-e23950b41f72",
      "number_observed": 1
    },
    {
      "type": "observed-data",
      "id": "observed-data--6019d7ba-9c37-4cf8-b900-ee3cc8ef9ae0",
      "created": "2021-10-12T13:01:31.915Z",
      "modified": "2021-10-12T13:01:31.915Z",
      "first_observed": "2021-02-25T22:41:08.668Z",
      "last_observed": "2021-02-25T22:41:08.668Z",
      "objects": {
        "0": {
          "type": "x-oca-event",
          "code": 3,
          "action": "Network Connection",
          "provider": "Microsoft-Windows-Sysmon/Operational",
          "record_number": "1153495",
          "process_ref": 1,
          "network_ref": 5,
          "host_ref": 7
        },
        "1": {
          "type": "process",
          "name": "svchost.exe",
          "binary_ref": "2",
          "pid": 1800,
          "x_unique_id": "{7f07c11c-c0e1-5dcb-0000-00109b5b0500}",
          "opened_connection_refs": [
            "5"
          ]
        },
        "2": {
          "type": "file",
          "name": "svchost.exe",
          "parent_directory_ref": "3"
        },
        "3": {
          "type": "directory",
          "path": "C:\\Windows\\System32"
        },
        "4": {
          "type": "ipv4-addr",
          "value": "192.168.100.156"
        },
        "5": {
          "type": "network-traffic",
          "src_ref": "4",
          "dst_ref": "6",
          "protocols": [
            "udp"
          ],
          "src_port": 51158,
          "dst_port": 5355
        },
        "6": {
          "type": "ipv4-addr",
          "value": "224.0.0.252"
        },
        "7": {
          "type": "x-oca-asset",
          "hostname": "laptop156"
        }
      },
      "created_by_ref": "identity--ec822b33-d461-458b-97b6-e23950b41f72",
      "number_observed": 1
    },
    {
      "type": "observed-data",
      "id": "observed-data--0280a1a9-d1d2-4351-9da3-c7acf72c8d8e",
      "created": "2021-10-12T13:01:31.915Z",
      "modified": "2021-10-12T13:01:31.915Z",
      "first_observed": "2021-02-25T22:41:08.668Z",
      "last_observed": "2021-02-25T22:41:08.668Z",
      "objects": {
        "0": {
          "type": "x-oca-event",
          "code": 3,
          "action": "Network Connection",
          "provider": "Microsoft-Windows-Sysmon/Operational",
          "record_number": "1153496",
          "process_ref": 1,
          "network_ref": 5,
          "host_ref": 7
        },
        "1": {
          "type": "process",
          "name": "svchost.exe",
          "binary_ref": "2",
          "pid": 1800,
          "x_unique_id": "{7f07c11c-c0e1-5dcb-0000-00109b5b0500}",
          "opened_connection_refs": [
            "5"
          ]
        },
        "2": {
          "type": "file",
          "name": "svchost.exe",
          "parent_directory_ref": "3"
        },
        "3": {
          "type": "directory",
          "path": "C:\\Windows\\System32"
        },
        "4": {
          "type": "ipv6-addr",
          "value": "ff02:0:0:0:0:0:1:3"
        },
        "5": {
          "type": "network-traffic",
          "src_ref": "4",
          "dst_ref": "6",
          "protocols": [
            "udp"
          ],
          "src_port": 5355,
          "dst_port": 64502
        },
        "6": {
          "type": "ipv6-addr",
          "value": "fe80:0:0:0:5d67:4a8:1e69:54d8"
        },
        "7": {
          "type": "x-oca-asset",
          "hostname": "laptop156"
        }
      },
      "created_by_ref": "identity--ec822b33-d461-458b-97b6-e23950b41f72",
      "number_observed": 1
    },
    {
      "type": "observed-data",
      "id": "observed-data--2632e543-4b5d-4d0c-a9d0-c806d13511b3",
      "created": "2021-10-12T13:01:31.915Z",
      "modified": "2021-10-12T13:01:31.915Z",
      "first_observed": "2021-02-25T22:41:08.668Z",
      "last_observed": "2021-02-25T22:41:08.668Z",
      "objects": {
        "0": {
          "type": "x-oca-event",
          "code": 3,
          "action": "Network Connection",
          "provider": "Microsoft-Windows-Sysmon/Operational",
          "record_number": "1153497",
          "process_ref": 1,
          "network_ref": 5,
          "host_ref": 7
        },
        "1": {
          "type": "process",
          "name": "svchost.exe",
          "binary_ref": "2",
          "pid": 1800,
          "x_unique_id": "{7f07c11c-c0e1-5dcb-0000-00109b5b0500}",
          "opened_connection_refs": [
            "5"
          ]
        },
        "2": {
          "type": "file",
          "name": "svchost.exe",
          "parent_directory_ref": "3"
        },
        "3": {
          "type": "directory",
          "path": "C:\\Windows\\System32"
        },
        "4": {
          "type": "ipv4-addr",
          "value": "172.16.0.112"
        },
        "5": {
          "type": "network-traffic",
          "src_ref": "4",
          "dst_ref": "6",
          "protocols": [
            "udp"
          ],
          "src_port": 51158,
          "dst_port": 5355
        },
        "6": {
          "type": "ipv4-addr",
          "value": "224.0.0.252"
        },
        "7": {
          "type": "x-oca-asset",
          "hostname": "laptop156"
        }
      },
      "created_by_ref": "identity--ec822b33-d461-458b-97b6-e23950b41f72",
      "number_observed": 1
    },
    {
      "type": "observed-data",
      "id": "observed-data--86ad7fbb-232c-4840-ac20-f68d741ee5c9",
      "created": "2021-10-12T13:01:31.915Z",
      "modified": "2021-10-12T13:01:31.915Z",
      "first_observed": "2021-02-25T22:41:36.686Z",
      "last_observed": "2021-02-25T22:41:36.686Z",
      "objects": {
        "0": {
          "type": "x-oca-event",
          "code": 3,
          "action": "Network Connection",
          "provider": "Microsoft-Windows-Sysmon/Operational",
          "record_number": "1153498",
          "process_ref": 1,
          "network_ref": 5,
          "host_ref": 7
        },
        "1": {
          "type": "process",
          "name": "svchost.exe",
          "binary_ref": "2",
          "pid": 1800,
          "x_unique_id": "{7f07c11c-c0e1-5dcb-0000-00109b5b0500}",
          "opened_connection_refs": [
            "5"
          ]
        },
        "2": {
          "type": "file",
          "name": "svchost.exe",
          "parent_directory_ref": "3"
        },
        "3": {
          "type": "directory",
          "path": "C:\\Windows\\System32"
        },
        "4": {
          "type": "ipv6-addr",
          "value": "ff02:0:0:0:0:0:1:3"
        },
        "5": {
          "type": "network-traffic",
          "src_ref": "4",
          "dst_ref": "6",
          "protocols": [
            "udp"
          ],
          "src_port": 5355,
          "dst_port": 64502
        },
        "6": {
          "type": "ipv6-addr",
          "value": "fe80:0:0:0:44c4:b323:9802:9228"
        },
        "7": {
          "type": "x-oca-asset",
          "hostname": "laptop156"
        }
      },
      "created_by_ref": "identity--ec822b33-d461-458b-97b6-e23950b41f72",
      "number_observed": 1
    },
    {
      "type": "observed-data",
      "id": "observed-data--218125a3-85f9-4a38-8010-9be6eb49fc94",
      "created": "2021-10-12T13:01:31.916Z",
      "modified": "2021-10-12T13:01:31.916Z",
      "first_observed": "2021-02-25T22:41:36.686Z",
      "last_observed": "2021-02-25T22:41:36.686Z",
      "objects": {
        "0": {
          "type": "x-oca-event",
          "code": 3,
          "action": "Network Connection",
          "provider": "Microsoft-Windows-Sysmon/Operational",
          "record_number": "1153499",
          "process_ref": 1,
          "network_ref": 5,
          "host_ref": 7
        },
        "1": {
          "type": "process",
          "name": "svchost.exe",
          "binary_ref": "2",
          "pid": 1800,
          "x_unique_id": "{7f07c11c-c0e1-5dcb-0000-00109b5b0500}",
          "opened_connection_refs": [
            "5"
          ]
        },
        "2": {
          "type": "file",
          "name": "svchost.exe",
          "parent_directory_ref": "3"
        },
        "3": {
          "type": "directory",
          "path": "C:\\Windows\\System32"
        },
        "4": {
          "type": "ipv4-addr",
          "value": "192.168.175.1"
        },
        "5": {
          "type": "network-traffic",
          "src_ref": "4",
          "dst_ref": "6",
          "protocols": [
            "udp"
          ],
          "src_port": 51158,
          "dst_port": 5355
        },
        "6": {
          "type": "ipv4-addr",
          "value": "224.0.0.252"
        },
        "7": {
          "type": "x-oca-asset",
          "hostname": "laptop156"
        }
      },
      "created_by_ref": "identity--ec822b33-d461-458b-97b6-e23950b41f72",
      "number_observed": 1
    },
    {
      "type": "observed-data",
      "id": "observed-data--bc5d54f9-f806-469d-bfb0-c271749c37f2",
      "created": "2021-10-12T13:01:31.916Z",
      "modified": "2021-10-12T13:01:31.916Z",
      "first_observed": "2021-02-25T22:41:36.966Z",
      "last_observed": "2021-02-25T22:41:36.966Z",
      "objects": {
        "0": {
          "type": "x-oca-event",
          "code": 3,
          "action": "Network Connection",
          "provider": "Microsoft-Windows-Sysmon/Operational",
          "record_number": "1153500",
          "process_ref": 1,
          "network_ref": 5,
          "host_ref": 7
        },
        "1": {
          "type": "process",
          "name": "svchost.exe",
          "binary_ref": "2",
          "pid": 1800,
          "x_unique_id": "{7f07c11c-c0e1-5dcb-0000-00109b5b0500}",
          "opened_connection_refs": [
            "5"
          ]
        },
        "2": {
          "type": "file",
          "name": "svchost.exe",
          "parent_directory_ref": "3"
        },
        "3": {
          "type": "directory",
          "path": "C:\\Windows\\System32"
        },
        "4": {
          "type": "ipv6-addr",
          "value": "ff02:0:0:0:0:0:1:3"
        },
        "5": {
          "type": "network-traffic",
          "src_ref": "4",
          "dst_ref": "6",
          "protocols": [
            "udp"
          ],
          "src_port": 5355,
          "dst_port": 64502
        },
        "6": {
          "type": "ipv6-addr",
          "value": "fe80:0:0:0:9da5:8c7f:8185:8de6"
        },
        "7": {
          "type": "x-oca-asset",
          "hostname": "laptop156"
        }
      },
      "created_by_ref": "identity--ec822b33-d461-458b-97b6-e23950b41f72",
      "number_observed": 1
    },
    {
      "type": "observed-data",
      "id": "observed-data--06713045-0077-4639-8bc2-024100204d45",
      "created": "2021-10-12T13:01:31.916Z",
      "modified": "2021-10-12T13:01:31.916Z",
      "first_observed": "2021-02-25T22:41:36.966Z",
      "last_observed": "2021-02-25T22:41:36.966Z",
      "objects": {
        "0": {
          "type": "x-oca-event",
          "code": 3,
          "action": "Network Connection",
          "provider": "Microsoft-Windows-Sysmon/Operational",
          "record_number": "1153501",
          "process_ref": 1,
          "network_ref": 5,
          "host_ref": 7
        },
        "1": {
          "type": "process",
          "name": "svchost.exe",
          "binary_ref": "2",
          "pid": 1800,
          "x_unique_id": "{7f07c11c-c0e1-5dcb-0000-00109b5b0500}",
          "opened_connection_refs": [
            "5"
          ]
        },
        "2": {
          "type": "file",
          "name": "svchost.exe",
          "parent_directory_ref": "3"
        },
        "3": {
          "type": "directory",
          "path": "C:\\Windows\\System32"
        },
        "4": {
          "type": "ipv4-addr",
          "value": "192.168.232.1"
        },
        "5": {
          "type": "network-traffic",
          "src_ref": "4",
          "dst_ref": "6",
          "protocols": [
            "udp"
          ],
          "src_port": 51158,
          "dst_port": 5355
        },
        "6": {
          "type": "ipv4-addr",
          "value": "224.0.0.252"
        },
        "7": {
          "type": "x-oca-asset",
          "hostname": "laptop156"
        }
      },
      "created_by_ref": "identity--ec822b33-d461-458b-97b6-e23950b41f72",
      "number_observed": 1
    },
    {
      "type": "observed-data",
      "id": "observed-data--2ac01b5a-b0fb-4033-a4de-da6c027e8358",
      "created": "2021-10-12T13:01:31.916Z",
      "modified": "2021-10-12T13:01:31.916Z",
      "first_observed": "2021-02-25T22:46:58.059Z",
      "last_observed": "2021-02-25T22:46:58.059Z",
      "objects": {
        "0": {
          "type": "x-oca-event",
          "code": 3,
          "action": "Network Connection",
          "provider": "Microsoft-Windows-Sysmon/Operational",
          "record_number": "1153502",
          "process_ref": 1,
          "network_ref": 4,
          "host_ref": 6
        },
        "1": {
          "type": "process",
          "name": "System",
          "binary_ref": "2",
          "pid": 4,
          "x_unique_id": "{7f07c11c-c0b9-5dcb-0000-0010eb030000}",
          "opened_connection_refs": [
            "4"
          ]
        },
        "2": {
          "type": "file",
          "name": "System"
        },
        "3": {
          "type": "ipv6-addr",
          "value": "fe80:0:0:0:5d67:4a8:1e69:54d8"
        },
        "4": {
          "type": "network-traffic",
          "src_ref": "3",
          "dst_ref": "5",
          "protocols": [
            "tcp"
          ],
          "src_port": 5357,
          "dst_port": 57830
        },
        "5": {
          "type": "ipv6-addr",
          "value": "fe80:0:0:0:950c:ff99:129:5107"
        },
        "6": {
          "type": "x-oca-asset",
          "hostname": "laptop156"
        }
      },
      "created_by_ref": "identity--ec822b33-d461-458b-97b6-e23950b41f72",
      "number_observed": 1
    },
    {
      "type": "observed-data",
      "id": "observed-data--91d5945f-4763-4153-b4b0-862af4907c6d",
      "created": "2021-10-12T13:01:31.917Z",
      "modified": "2021-10-12T13:01:31.917Z",
      "first_observed": "2021-02-25T22:53:52.453Z",
      "last_observed": "2021-02-25T22:53:52.453Z",
      "objects": {
        "0": {
          "type": "x-oca-event",
          "code": 3,
          "action": "Network Connection",
          "provider": "Microsoft-Windows-Sysmon/Operational",
          "record_number": "1153503",
          "process_ref": 1,
          "network_ref": 5,
          "host_ref": 7
        },
        "1": {
          "type": "process",
          "name": "svchost.exe",
          "binary_ref": "2",
          "pid": 1352,
          "x_unique_id": "{7f07c11c-c0d7-5dcb-0000-001076900400}",
          "opened_connection_refs": [
            "5"
          ]
        },
        "2": {
          "type": "file",
          "name": "svchost.exe",
          "parent_directory_ref": "3"
        },
        "3": {
          "type": "directory",
          "path": "C:\\Windows\\System32"
        },
        "4": {
          "type": "ipv4-addr",
          "value": "127.0.0.1"
        },
        "5": {
          "type": "network-traffic",
          "src_ref": "4",
          "dst_ref": "6",
          "protocols": [
            "tcp"
          ],
          "src_port": 60961,
          "dst_port": 5357
        },
        "6": {
          "type": "ipv4-addr",
          "value": "127.0.0.1"
        },
        "7": {
          "type": "x-oca-asset",
          "hostname": "laptop156"
        }
      },
      "created_by_ref": "identity--ec822b33-d461-458b-97b6-e23950b41f72",
      "number_observed": 1
    },
    {
      "type": "observed-data",
      "id": "observed-data--6019fd7b-bd5b-45ff-9bf3-0020c9770109",
      "created": "2021-10-12T13:01:31.917Z",
      "modified": "2021-10-12T13:01:31.917Z",
      "first_observed": "2021-02-25T22:53:52.453Z",
      "last_observed": "2021-02-25T22:53:52.453Z",
      "objects": {
        "0": {
          "type": "x-oca-event",
          "code": 3,
          "action": "Network Connection",
          "provider": "Microsoft-Windows-Sysmon/Operational",
          "record_number": "1153504",
          "process_ref": 1,
          "network_ref": 4,
          "host_ref": 6
        },
        "1": {
          "type": "process",
          "name": "System",
          "binary_ref": "2",
          "pid": 4,
          "x_unique_id": "{7f07c11c-c0b9-5dcb-0000-0010eb030000}",
          "opened_connection_refs": [
            "4"
          ]
        },
        "2": {
          "type": "file",
          "name": "System"
        },
        "3": {
          "type": "ipv4-addr",
          "value": "127.0.0.1"
        },
        "4": {
          "type": "network-traffic",
          "src_ref": "3",
          "dst_ref": "5",
          "protocols": [
            "tcp"
          ],
          "src_port": 5357,
          "dst_port": 60961
        },
        "5": {
          "type": "ipv4-addr",
          "value": "127.0.0.1"
        },
        "6": {
          "type": "x-oca-asset",
          "hostname": "laptop156"
        }
      },
      "created_by_ref": "identity--ec822b33-d461-458b-97b6-e23950b41f72",
      "number_observed": 1
    },
    {
      "type": "observed-data",
      "id": "observed-data--d275d8d1-c34d-4a82-88ba-17d6d6bb338f",
      "created": "2021-10-12T13:01:31.917Z",
      "modified": "2021-10-12T13:01:31.917Z",
      "first_observed": "2021-02-25T23:14:12.660Z",
      "last_observed": "2021-02-25T23:14:12.660Z",
      "objects": {
        "0": {
          "type": "x-oca-event",
          "code": 3,
          "action": "Network Connection",
          "provider": "Microsoft-Windows-Sysmon/Operational",
          "record_number": "1153505",
          "process_ref": 1,
          "network_ref": 5,
          "host_ref": 7
        },
        "1": {
          "type": "process",
          "name": "svchost.exe",
          "binary_ref": "2",
          "pid": 1728,
          "x_unique_id": "{7f07c11c-c0e4-5dcb-0000-001016e30500}",
          "opened_connection_refs": [
            "5"
          ]
        },
        "2": {
          "type": "file",
          "name": "svchost.exe",
          "parent_directory_ref": "3"
        },
        "3": {
          "type": "directory",
          "path": "C:\\Windows\\System32"
        },
        "4": {
          "type": "ipv4-addr",
          "value": "239.255.255.250"
        },
        "5": {
          "type": "network-traffic",
          "src_ref": "4",
          "dst_ref": "6",
          "protocols": [
            "udp"
          ],
          "src_port": 1900,
          "dst_port": 54504
        },
        "6": {
          "type": "ipv4-addr",
          "value": "172.16.0.100"
        },
        "7": {
          "type": "x-oca-asset",
          "hostname": "laptop156"
        }
      },
      "created_by_ref": "identity--ec822b33-d461-458b-97b6-e23950b41f72",
      "number_observed": 1
    },
    {
      "type": "observed-data",
      "id": "observed-data--20175970-ecdc-4e6c-a4ad-1ad100a9fbd8",
      "created": "2021-10-12T13:01:31.917Z",
      "modified": "2021-10-12T13:01:31.917Z",
      "first_observed": "2021-02-25T23:37:50.397Z",
      "last_observed": "2021-02-25T23:37:50.397Z",
      "objects": {
        "0": {
          "type": "x-oca-event",
          "code": 3,
          "action": "Network Connection",
          "provider": "Microsoft-Windows-Sysmon/Operational",
          "record_number": "1153506",
          "process_ref": 1,
          "network_ref": 5,
          "host_ref": 7
        },
        "1": {
          "type": "process",
          "name": "svchost.exe",
          "binary_ref": "2",
          "pid": 1728,
          "x_unique_id": "{7f07c11c-c0e4-5dcb-0000-001016e30500}",
          "opened_connection_refs": [
            "5"
          ]
        },
        "2": {
          "type": "file",
          "name": "svchost.exe",
          "parent_directory_ref": "3"
        },
        "3": {
          "type": "directory",
          "path": "C:\\Windows\\System32"
        },
        "4": {
          "type": "ipv4-addr",
          "value": "239.255.255.250"
        },
        "5": {
          "type": "network-traffic",
          "src_ref": "4",
          "dst_ref": "6",
          "protocols": [
            "udp"
          ],
          "src_port": 1900,
          "dst_port": 1900
        },
        "6": {
          "type": "ipv4-addr",
          "value": "127.0.0.1"
        },
        "7": {
          "type": "x-oca-asset",
          "hostname": "laptop156"
        }
      },
      "created_by_ref": "identity--ec822b33-d461-458b-97b6-e23950b41f72",
      "number_observed": 1
    },
    {
      "type": "observed-data",
      "id": "observed-data--52e550a5-50a4-4e0c-8cd2-7ea33f1bc7d5",
      "created": "2021-10-12T13:01:31.918Z",
      "modified": "2021-10-12T13:01:31.918Z",
      "first_observed": "2021-02-25T23:37:50.397Z",
      "last_observed": "2021-02-25T23:37:50.397Z",
      "objects": {
        "0": {
          "type": "x-oca-event",
          "code": 3,
          "action": "Network Connection",
          "provider": "Microsoft-Windows-Sysmon/Operational",
          "record_number": "1153507",
          "process_ref": 1,
          "network_ref": 5,
          "host_ref": 7
        },
        "1": {
          "type": "process",
          "name": "svchost.exe",
          "binary_ref": "2",
          "pid": 1728,
          "x_unique_id": "{7f07c11c-c0e4-5dcb-0000-001016e30500}",
          "opened_connection_refs": [
            "5"
          ]
        },
        "2": {
          "type": "file",
          "name": "svchost.exe",
          "parent_directory_ref": "3"
        },
        "3": {
          "type": "directory",
          "path": "C:\\Windows\\System32"
        },
        "4": {
          "type": "ipv6-addr",
          "value": "ff02:0:0:0:0:0:0:c"
        },
        "5": {
          "type": "network-traffic",
          "src_ref": "4",
          "dst_ref": "6",
          "protocols": [
            "udp"
          ],
          "src_port": 1900,
          "dst_port": 1900
        },
        "6": {
          "type": "ipv6-addr",
          "value": "0:0:0:0:0:0:0:1"
        },
        "7": {
          "type": "x-oca-asset",
          "hostname": "laptop156"
        }
      },
      "created_by_ref": "identity--ec822b33-d461-458b-97b6-e23950b41f72",
      "number_observed": 1
    },
    {
      "type": "observed-data",
      "id": "observed-data--46d55613-cd42-415c-aff6-2ceab34cb7bf",
      "created": "2021-10-12T13:01:31.918Z",
      "modified": "2021-10-12T13:01:31.918Z",
      "first_observed": "2021-02-25T23:37:50.397Z",
      "last_observed": "2021-02-25T23:37:50.397Z",
      "objects": {
        "0": {
          "type": "x-oca-event",
          "code": 3,
          "action": "Network Connection",
          "provider": "Microsoft-Windows-Sysmon/Operational",
          "record_number": "1153508",
          "process_ref": 1,
          "network_ref": 5,
          "host_ref": 7
        },
        "1": {
          "type": "process",
          "name": "svchost.exe",
          "binary_ref": "2",
          "pid": 1728,
          "x_unique_id": "{7f07c11c-c0e4-5dcb-0000-001016e30500}",
          "opened_connection_refs": [
            "5"
          ]
        },
        "2": {
          "type": "file",
          "name": "svchost.exe",
          "parent_directory_ref": "3"
        },
        "3": {
          "type": "directory",
          "path": "C:\\Windows\\System32"
        },
        "4": {
          "type": "ipv6-addr",
          "value": "ff02:0:0:0:0:0:0:c"
        },
        "5": {
          "type": "network-traffic",
          "src_ref": "4",
          "dst_ref": "6",
          "protocols": [
            "udp"
          ],
          "src_port": 1900,
          "dst_port": 1900
        },
        "6": {
          "type": "ipv6-addr",
          "value": "fe80:0:0:0:5d67:4a8:1e69:54d8"
        },
        "7": {
          "type": "x-oca-asset",
          "hostname": "laptop156"
        }
      },
      "created_by_ref": "identity--ec822b33-d461-458b-97b6-e23950b41f72",
      "number_observed": 1
    },
    {
      "type": "observed-data",
      "id": "observed-data--0d6a5156-d48d-4d8f-be35-bfba275628f8",
      "created": "2021-10-12T13:01:31.918Z",
      "modified": "2021-10-12T13:01:31.918Z",
      "first_observed": "2021-02-25T23:37:50.397Z",
      "last_observed": "2021-02-25T23:37:50.397Z",
      "objects": {
        "0": {
          "type": "x-oca-event",
          "code": 3,
          "action": "Network Connection",
          "provider": "Microsoft-Windows-Sysmon/Operational",
          "record_number": "1153509",
          "process_ref": 1,
          "network_ref": 5,
          "host_ref": 7
        },
        "1": {
          "type": "process",
          "name": "svchost.exe",
          "binary_ref": "2",
          "pid": 1728,
          "x_unique_id": "{7f07c11c-c0e4-5dcb-0000-001016e30500}",
          "opened_connection_refs": [
            "5"
          ]
        },
        "2": {
          "type": "file",
          "name": "svchost.exe",
          "parent_directory_ref": "3"
        },
        "3": {
          "type": "directory",
          "path": "C:\\Windows\\System32"
        },
        "4": {
          "type": "ipv6-addr",
          "value": "ff02:0:0:0:0:0:0:c"
        },
        "5": {
          "type": "network-traffic",
          "src_ref": "4",
          "dst_ref": "6",
          "protocols": [
            "udp"
          ],
          "src_port": 1900,
          "dst_port": 1900
        },
        "6": {
          "type": "ipv6-addr",
          "value": "fe80:0:0:0:6cba:509b:55b2:f1be"
        },
        "7": {
          "type": "x-oca-asset",
          "hostname": "laptop156"
        }
      },
      "created_by_ref": "identity--ec822b33-d461-458b-97b6-e23950b41f72",
      "number_observed": 1
    },
    {
      "type": "observed-data",
      "id": "observed-data--2e3e7181-9289-4f52-bc6e-070741150309",
      "created": "2021-10-12T13:01:31.918Z",
      "modified": "2021-10-12T13:01:31.918Z",
      "first_observed": "2021-02-26T00:34:28.485Z",
      "last_observed": "2021-02-26T00:34:28.485Z",
      "objects": {
        "0": {
          "type": "x-oca-event",
          "code": 3,
          "action": "Network Connection",
          "provider": "Microsoft-Windows-Sysmon/Operational",
          "record_number": "1153510",
          "process_ref": 1,
          "network_ref": 5,
          "host_ref": 7
        },
        "1": {
          "type": "process",
          "name": "svchost.exe",
          "binary_ref": "2",
          "pid": 1800,
          "x_unique_id": "{7f07c11c-c0e1-5dcb-0000-00109b5b0500}",
          "opened_connection_refs": [
            "5"
          ]
        },
        "2": {
          "type": "file",
          "name": "svchost.exe",
          "parent_directory_ref": "3"
        },
        "3": {
          "type": "directory",
          "path": "C:\\Windows\\System32"
        },
        "4": {
          "type": "ipv6-addr",
          "value": "ff02:0:0:0:0:0:1:3"
        },
        "5": {
          "type": "network-traffic",
          "src_ref": "4",
          "dst_ref": "6",
          "protocols": [
            "udp"
          ],
          "src_port": 5355,
          "dst_port": 63834
        },
        "6": {
          "type": "ipv6-addr",
          "value": "fe80:0:0:0:6cba:509b:55b2:f1be"
        },
        "7": {
          "type": "x-oca-asset",
          "hostname": "laptop156"
        }
      },
      "created_by_ref": "identity--ec822b33-d461-458b-97b6-e23950b41f72",
      "number_observed": 1
    },
    {
      "type": "observed-data",
      "id": "observed-data--b4bdccd6-79ee-4643-bdc5-53d7ca8c62a3",
      "created": "2021-10-12T13:01:31.919Z",
      "modified": "2021-10-12T13:01:31.919Z",
      "first_observed": "2021-02-26T00:34:28.765Z",
      "last_observed": "2021-02-26T00:34:28.765Z",
      "objects": {
        "0": {
          "type": "x-oca-event",
          "code": 3,
          "action": "Network Connection",
          "provider": "Microsoft-Windows-Sysmon/Operational",
          "record_number": "1153511",
          "process_ref": 1,
          "network_ref": 5,
          "host_ref": 7
        },
        "1": {
          "type": "process",
          "name": "svchost.exe",
          "binary_ref": "2",
          "pid": 1800,
          "x_unique_id": "{7f07c11c-c0e1-5dcb-0000-00109b5b0500}",
          "opened_connection_refs": [
            "5"
          ]
        },
        "2": {
          "type": "file",
          "name": "svchost.exe",
          "parent_directory_ref": "3"
        },
        "3": {
          "type": "directory",
          "path": "C:\\Windows\\System32"
        },
        "4": {
          "type": "ipv6-addr",
          "value": "ff02:0:0:0:0:0:1:3"
        },
        "5": {
          "type": "network-traffic",
          "src_ref": "4",
          "dst_ref": "6",
          "protocols": [
            "udp"
          ],
          "src_port": 5355,
          "dst_port": 63834
        },
        "6": {
          "type": "ipv6-addr",
          "value": "fe80:0:0:0:5d67:4a8:1e69:54d8"
        },
        "7": {
          "type": "x-oca-asset",
          "hostname": "laptop156"
        }
      },
      "created_by_ref": "identity--ec822b33-d461-458b-97b6-e23950b41f72",
      "number_observed": 1
    },
