    {
      "type": "observed-data",
      "id": "observed-data--49cdb6f4-d10e-40fc-9b34-69bdebb98f19",
      "created": "2021-10-12T13:01:32.006Z",
      "modified": "2021-10-12T13:01:32.006Z",
      "first_observed": "2021-02-28T09:26:19.151Z",
      "last_observed": "2021-02-28T09:26:19.151Z",
      "objects": {
        "0": {
          "type": "x-oca-event",
          "code": 3,
          "action": "Network Connection",
          "provider": "Microsoft-Windows-Sysmon/Operational",
          "record_number": "1153854",
          "process_ref": 1,
          "network_ref": 4,
          "host_ref": 6
        },
        "1": {
          "type": "process",
          "name": "System",
          "binary_ref": "2",
          "pid": 4,
          "x_unique_id": "{7f07c11c-c0b9-5dcb-0000-0010eb030000}",
          "opened_connection_refs": [
            "4"
          ]
        },
        "2": {
          "type": "file",
          "name": "System"
        },
        "3": {
          "type": "ipv4-addr",
          "value": "127.0.0.1"
        },
        "4": {
          "type": "network-traffic",
          "src_ref": "3",
          "dst_ref": "5",
          "protocols": [
            "tcp"
          ],
          "src_port": 5357,
          "dst_port": 61040
        },
        "5": {
          "type": "ipv4-addr",
          "value": "127.0.0.1"
        },
        "6": {
          "type": "x-oca-asset",
          "hostname": "laptop156"
        }
      },
      "created_by_ref": "identity--ec822b33-d461-458b-97b6-e23950b41f72",
      "number_observed": 1
    },
    {
      "type": "observed-data",
      "id": "observed-data--3b34e239-d70f-44eb-b99a-6d31779c5f8f",
      "created": "2021-10-12T13:01:32.007Z",
      "modified": "2021-10-12T13:01:32.007Z",
      "first_observed": "2021-02-28T09:30:41.404Z",
      "last_observed": "2021-02-28T09:30:41.404Z",
      "objects": {
        "0": {
          "type": "x-oca-event",
          "code": 3,
          "action": "Network Connection",
          "provider": "Microsoft-Windows-Sysmon/Operational",
          "record_number": "1153855",
          "process_ref": 1,
          "network_ref": 5,
          "host_ref": 7
        },
        "1": {
          "type": "process",
          "name": "svchost.exe",
          "binary_ref": "2",
          "pid": 1728,
          "x_unique_id": "{7f07c11c-c0e4-5dcb-0000-001016e30500}",
          "opened_connection_refs": [
            "5"
          ]
        },
        "2": {
          "type": "file",
          "name": "svchost.exe",
          "parent_directory_ref": "3"
        },
        "3": {
          "type": "directory",
          "path": "C:\\Windows\\System32"
        },
        "4": {
          "type": "ipv4-addr",
          "value": "239.255.255.250"
        },
        "5": {
          "type": "network-traffic",
          "src_ref": "4",
          "dst_ref": "6",
          "protocols": [
            "udp"
          ],
          "src_port": 3702,
          "dst_port": 52427
        },
        "6": {
          "type": "ipv4-addr",
          "value": "172.16.0.100"
        },
        "7": {
          "type": "x-oca-asset",
          "hostname": "laptop156"
        }
      },
      "created_by_ref": "identity--ec822b33-d461-458b-97b6-e23950b41f72",
      "number_observed": 1
    },
    {
      "type": "observed-data",
      "id": "observed-data--53084ac0-a8f9-4d61-82d5-956b3692d4fc",
      "created": "2021-10-12T13:01:32.007Z",
      "modified": "2021-10-12T13:01:32.007Z",
      "first_observed": "2021-02-28T09:30:43.646Z",
      "last_observed": "2021-02-28T09:30:43.646Z",
      "objects": {
        "0": {
          "type": "x-oca-event",
          "code": 3,
          "action": "Network Connection",
          "provider": "Microsoft-Windows-Sysmon/Operational",
          "record_number": "1153856",
          "process_ref": 1,
          "network_ref": 4,
          "host_ref": 6
        },
        "1": {
          "type": "process",
          "name": "System",
          "binary_ref": "2",
          "pid": 4,
          "x_unique_id": "{7f07c11c-c0b9-5dcb-0000-0010eb030000}",
          "opened_connection_refs": [
            "4"
          ]
        },
        "2": {
          "type": "file",
          "name": "System"
        },
        "3": {
          "type": "ipv6-addr",
          "value": "fe80:0:0:0:5d67:4a8:1e69:54d8"
        },
        "4": {
          "type": "network-traffic",
          "src_ref": "3",
          "dst_ref": "5",
          "protocols": [
            "tcp"
          ],
          "src_port": 5357,
          "dst_port": 58067
        },
        "5": {
          "type": "ipv6-addr",
          "value": "fe80:0:0:0:950c:ff99:129:5107"
        },
        "6": {
          "type": "x-oca-asset",
          "hostname": "laptop156"
        }
      },
      "created_by_ref": "identity--ec822b33-d461-458b-97b6-e23950b41f72",
      "number_observed": 1
    },
    {
      "type": "observed-data",
      "id": "observed-data--b9ab72ef-ea25-4fcd-a360-17c9cc4aaab5",
      "created": "2021-10-12T13:01:32.007Z",
      "modified": "2021-10-12T13:01:32.007Z",
      "first_observed": "2021-02-28T10:40:06.919Z",
      "last_observed": "2021-02-28T10:40:06.919Z",
      "objects": {
        "0": {
          "type": "x-oca-event",
          "code": 3,
          "action": "Network Connection",
          "provider": "Microsoft-Windows-Sysmon/Operational",
          "record_number": "1153857",
          "process_ref": 1,
          "network_ref": 5,
          "host_ref": 7
        },
        "1": {
          "type": "process",
          "name": "svchost.exe",
          "binary_ref": "2",
          "pid": 1380,
          "x_unique_id": "{7f07c11c-c0d7-5dcb-0000-001042920400}",
          "opened_connection_refs": [
            "5"
          ]
        },
        "2": {
          "type": "file",
          "name": "svchost.exe",
          "parent_directory_ref": "3"
        },
        "3": {
          "type": "directory",
          "path": "C:\\Windows\\System32"
        },
        "4": {
          "type": "ipv4-addr",
          "value": "192.168.100.156"
        },
        "5": {
          "type": "network-traffic",
          "src_ref": "4",
          "dst_ref": "6",
          "protocols": [
            "tcp"
          ],
          "src_port": 61041,
          "dst_port": 47413
        },
        "6": {
          "type": "ipv4-addr",
          "value": "192.168.1.1"
        },
        "7": {
          "type": "x-oca-asset",
          "hostname": "laptop156"
        }
      },
      "created_by_ref": "identity--ec822b33-d461-458b-97b6-e23950b41f72",
      "number_observed": 1
    },
    {
      "type": "observed-data",
      "id": "observed-data--80b3e3a9-33d4-4161-a944-8117e6e77219",
      "created": "2021-10-12T13:01:32.007Z",
      "modified": "2021-10-12T13:01:32.007Z",
      "first_observed": "2021-02-28T10:40:08.880Z",
      "last_observed": "2021-02-28T10:40:08.880Z",
      "objects": {
        "0": {
          "type": "x-oca-event",
          "code": 3,
          "action": "Network Connection",
          "provider": "Microsoft-Windows-Sysmon/Operational",
          "record_number": "1153858",
          "process_ref": 1,
          "network_ref": 5,
          "host_ref": 7
        },
        "1": {
          "type": "process",
          "name": "svchost.exe",
          "binary_ref": "2",
          "pid": 1288,
          "x_unique_id": "{7f07c11c-c0d7-5dcb-0000-00100e8b0400}",
          "opened_connection_refs": [
            "5"
          ]
        },
        "2": {
          "type": "file",
          "name": "svchost.exe",
          "parent_directory_ref": "3"
        },
        "3": {
          "type": "directory",
          "path": "C:\\Windows\\System32"
        },
        "4": {
          "type": "ipv6-addr",
          "value": "ff02:0:0:0:0:0:1:2"
        },
        "5": {
          "type": "network-traffic",
          "src_ref": "4",
          "dst_ref": "6",
          "protocols": [
            "udp"
          ],
          "src_port": 547,
          "dst_port": 546
        },
        "6": {
          "type": "ipv6-addr",
          "value": "fe80:0:0:0:3094:3762:3f57:fe63"
        },
        "7": {
          "type": "x-oca-asset",
          "hostname": "laptop156"
        }
      },
      "created_by_ref": "identity--ec822b33-d461-458b-97b6-e23950b41f72",
      "number_observed": 1
    },
    {
      "type": "observed-data",
      "id": "observed-data--6d5f76c2-8594-4d3e-a10b-c9c1774e1e0b",
      "created": "2021-10-12T13:01:32.008Z",
      "modified": "2021-10-12T13:01:32.008Z",
      "first_observed": "2021-02-28T10:40:09.441Z",
      "last_observed": "2021-02-28T10:40:09.441Z",
      "objects": {
        "0": {
          "type": "x-oca-event",
          "code": 3,
          "action": "Network Connection",
          "provider": "Microsoft-Windows-Sysmon/Operational",
          "record_number": "1153859",
          "process_ref": 1,
          "network_ref": 5,
          "host_ref": 7
        },
        "1": {
          "type": "process",
          "name": "svchost.exe",
          "binary_ref": "2",
          "pid": 1800,
          "x_unique_id": "{7f07c11c-c0e1-5dcb-0000-00109b5b0500}",
          "opened_connection_refs": [
            "5"
          ]
        },
        "2": {
          "type": "file",
          "name": "svchost.exe",
          "parent_directory_ref": "3"
        },
        "3": {
          "type": "directory",
          "path": "C:\\Windows\\System32"
        },
        "4": {
          "type": "ipv6-addr",
          "value": "ff02:0:0:0:0:0:1:3"
        },
        "5": {
          "type": "network-traffic",
          "src_ref": "4",
          "dst_ref": "6",
          "protocols": [
            "udp"
          ],
          "src_port": 5355,
          "dst_port": 60465
        },
        "6": {
          "type": "ipv6-addr",
          "value": "fe80:0:0:0:6cba:509b:55b2:f1be"
        },
        "7": {
          "type": "x-oca-asset",
          "hostname": "laptop156"
        }
      },
      "created_by_ref": "identity--ec822b33-d461-458b-97b6-e23950b41f72",
      "number_observed": 1
    },
    {
      "type": "observed-data",
      "id": "observed-data--4d22a585-e71d-4a0c-9e61-243d699d629e",
      "created": "2021-10-12T13:01:32.008Z",
      "modified": "2021-10-12T13:01:32.008Z",
      "first_observed": "2021-02-28T10:40:09.721Z",
      "last_observed": "2021-02-28T10:40:09.721Z",
      "objects": {
        "0": {
          "type": "x-oca-event",
          "code": 3,
          "action": "Network Connection",
          "provider": "Microsoft-Windows-Sysmon/Operational",
          "record_number": "1153860",
          "process_ref": 1,
          "network_ref": 5,
          "host_ref": 7
        },
        "1": {
          "type": "process",
          "name": "svchost.exe",
          "binary_ref": "2",
          "pid": 1800,
          "x_unique_id": "{7f07c11c-c0e1-5dcb-0000-00109b5b0500}",
          "opened_connection_refs": [
            "5"
          ]
        },
        "2": {
          "type": "file",
          "name": "svchost.exe",
          "parent_directory_ref": "3"
        },
        "3": {
          "type": "directory",
          "path": "C:\\Windows\\System32"
        },
        "4": {
          "type": "ipv6-addr",
          "value": "ff02:0:0:0:0:0:1:3"
        },
        "5": {
          "type": "network-traffic",
          "src_ref": "4",
          "dst_ref": "6",
          "protocols": [
            "udp"
          ],
          "src_port": 5355,
          "dst_port": 60465
        },
        "6": {
          "type": "ipv6-addr",
          "value": "fe80:0:0:0:5d67:4a8:1e69:54d8"
        },
        "7": {
          "type": "x-oca-asset",
          "hostname": "laptop156"
        }
      },
      "created_by_ref": "identity--ec822b33-d461-458b-97b6-e23950b41f72",
      "number_observed": 1
    },
    {
      "type": "observed-data",
      "id": "observed-data--2b213289-b9d3-4e4a-94fe-19178a280cc1",
      "created": "2021-10-12T13:01:32.009Z",
      "modified": "2021-10-12T13:01:32.009Z",
      "first_observed": "2021-02-28T10:40:37.459Z",
      "last_observed": "2021-02-28T10:40:37.459Z",
      "objects": {
        "0": {
          "type": "x-oca-event",
          "code": 3,
          "action": "Network Connection",
          "provider": "Microsoft-Windows-Sysmon/Operational",
          "record_number": "1153861",
          "process_ref": 1,
          "network_ref": 5,
          "host_ref": 7
        },
        "1": {
          "type": "process",
          "name": "svchost.exe",
          "binary_ref": "2",
          "pid": 1800,
          "x_unique_id": "{7f07c11c-c0e1-5dcb-0000-00109b5b0500}",
          "opened_connection_refs": [
            "5"
          ]
        },
        "2": {
          "type": "file",
          "name": "svchost.exe",
          "parent_directory_ref": "3"
        },
        "3": {
          "type": "directory",
          "path": "C:\\Windows\\System32"
        },
        "4": {
          "type": "ipv6-addr",
          "value": "ff02:0:0:0:0:0:1:3"
        },
        "5": {
          "type": "network-traffic",
          "src_ref": "4",
          "dst_ref": "6",
          "protocols": [
            "udp"
          ],
          "src_port": 5355,
          "dst_port": 60465
        },
        "6": {
          "type": "ipv6-addr",
          "value": "fe80:0:0:0:44c4:b323:9802:9228"
        },
        "7": {
          "type": "x-oca-asset",
          "hostname": "laptop156"
        }
      },
      "created_by_ref": "identity--ec822b33-d461-458b-97b6-e23950b41f72",
      "number_observed": 1
    },
    {
      "type": "observed-data",
      "id": "observed-data--7db7b98b-4a5f-4690-8934-aea6575fa349",
      "created": "2021-10-12T13:01:32.009Z",
      "modified": "2021-10-12T13:01:32.009Z",
      "first_observed": "2021-02-28T10:40:37.740Z",
      "last_observed": "2021-02-28T10:40:37.740Z",
      "objects": {
        "0": {
          "type": "x-oca-event",
          "code": 3,
          "action": "Network Connection",
          "provider": "Microsoft-Windows-Sysmon/Operational",
          "record_number": "1153862",
          "process_ref": 1,
          "network_ref": 5,
          "host_ref": 7
        },
        "1": {
          "type": "process",
          "name": "svchost.exe",
          "binary_ref": "2",
          "pid": 1800,
          "x_unique_id": "{7f07c11c-c0e1-5dcb-0000-00109b5b0500}",
          "opened_connection_refs": [
            "5"
          ]
        },
        "2": {
          "type": "file",
          "name": "svchost.exe",
          "parent_directory_ref": "3"
        },
        "3": {
          "type": "directory",
          "path": "C:\\Windows\\System32"
        },
        "4": {
          "type": "ipv6-addr",
          "value": "ff02:0:0:0:0:0:1:3"
        },
        "5": {
          "type": "network-traffic",
          "src_ref": "4",
          "dst_ref": "6",
          "protocols": [
            "udp"
          ],
          "src_port": 5355,
          "dst_port": 60465
        },
        "6": {
          "type": "ipv6-addr",
          "value": "fe80:0:0:0:9da5:8c7f:8185:8de6"
        },
        "7": {
          "type": "x-oca-asset",
          "hostname": "laptop156"
        }
      },
      "created_by_ref": "identity--ec822b33-d461-458b-97b6-e23950b41f72",
      "number_observed": 1
    },
    {
      "type": "observed-data",
      "id": "observed-data--8b7519af-f174-4e30-9258-4b5a1f1dc557",
      "created": "2021-10-12T13:01:32.009Z",
      "modified": "2021-10-12T13:01:32.009Z",
      "first_observed": "2021-02-28T10:40:54.551Z",
      "last_observed": "2021-02-28T10:40:54.551Z",
      "objects": {
        "0": {
          "type": "x-oca-event",
          "code": 3,
          "action": "Network Connection",
          "provider": "Microsoft-Windows-Sysmon/Operational",
          "record_number": "1153863",
          "process_ref": 1,
          "network_ref": 5,
          "host_ref": 7
        },
        "1": {
          "type": "process",
          "name": "svchost.exe",
          "binary_ref": "2",
          "pid": 1380,
          "x_unique_id": "{7f07c11c-c0d7-5dcb-0000-001042920400}",
          "opened_connection_refs": [
            "5"
          ]
        },
        "2": {
          "type": "file",
          "name": "svchost.exe",
          "parent_directory_ref": "3"
        },
        "3": {
          "type": "directory",
          "path": "C:\\Windows\\System32"
        },
        "4": {
          "type": "ipv4-addr",
          "value": "192.168.100.156"
        },
        "5": {
          "type": "network-traffic",
          "src_ref": "4",
          "dst_ref": "6",
          "protocols": [
            "tcp"
          ],
          "src_port": 61042,
          "dst_port": 47413
        },
        "6": {
          "type": "ipv4-addr",
          "value": "192.168.1.1"
        },
        "7": {
          "type": "x-oca-asset",
          "hostname": "laptop156"
        }
      },
      "created_by_ref": "identity--ec822b33-d461-458b-97b6-e23950b41f72",
      "number_observed": 1
    },
    {
      "type": "observed-data",
      "id": "observed-data--6fb432cf-d6f3-4b97-8c9c-3e52b5ab70b8",
      "created": "2021-10-12T13:01:32.010Z",
      "modified": "2021-10-12T13:01:32.010Z",
      "first_observed": "2021-02-28T10:40:58.753Z",
      "last_observed": "2021-02-28T10:40:58.753Z",
      "objects": {
        "0": {
          "type": "x-oca-event",
          "code": 3,
          "action": "Network Connection",
          "provider": "Microsoft-Windows-Sysmon/Operational",
          "record_number": "1153864",
          "process_ref": 1,
          "network_ref": 5,
          "host_ref": 7
        },
        "1": {
          "type": "process",
          "name": "svchost.exe",
          "binary_ref": "2",
          "pid": 1380,
          "x_unique_id": "{7f07c11c-c0d7-5dcb-0000-001042920400}",
          "opened_connection_refs": [
            "5"
          ]
        },
        "2": {
          "type": "file",
          "name": "svchost.exe",
          "parent_directory_ref": "3"
        },
        "3": {
          "type": "directory",
          "path": "C:\\Windows\\System32"
        },
        "4": {
          "type": "ipv4-addr",
          "value": "192.168.100.156"
        },
        "5": {
          "type": "network-traffic",
          "src_ref": "4",
          "dst_ref": "6",
          "protocols": [
            "tcp"
          ],
          "src_port": 61043,
          "dst_port": 47413
        },
        "6": {
          "type": "ipv4-addr",
          "value": "192.168.1.1"
        },
        "7": {
          "type": "x-oca-asset",
          "hostname": "laptop156"
        }
      },
      "created_by_ref": "identity--ec822b33-d461-458b-97b6-e23950b41f72",
      "number_observed": 1
    },
    {
      "type": "observed-data",
      "id": "observed-data--1948b4e9-da1b-461f-8e18-505b8442f333",
      "created": "2021-10-12T13:01:32.010Z",
      "modified": "2021-10-12T13:01:32.010Z",
      "first_observed": "2021-02-28T10:41:40.781Z",
      "last_observed": "2021-02-28T10:41:40.781Z",
      "objects": {
        "0": {
          "type": "x-oca-event",
          "code": 3,
          "action": "Network Connection",
          "provider": "Microsoft-Windows-Sysmon/Operational",
          "record_number": "1153865",
          "process_ref": 1,
          "network_ref": 5,
          "host_ref": 7
        },
        "1": {
          "type": "process",
          "name": "svchost.exe",
          "binary_ref": "2",
          "pid": 1800,
          "x_unique_id": "{7f07c11c-c0e1-5dcb-0000-00109b5b0500}",
          "opened_connection_refs": [
            "5"
          ]
        },
        "2": {
          "type": "file",
          "name": "svchost.exe",
          "parent_directory_ref": "3"
        },
        "3": {
          "type": "directory",
          "path": "C:\\Windows\\System32"
        },
        "4": {
          "type": "ipv6-addr",
          "value": "ff02:0:0:0:0:0:1:3"
        },
        "5": {
          "type": "network-traffic",
          "src_ref": "4",
          "dst_ref": "6",
          "protocols": [
            "udp"
          ],
          "src_port": 5355,
          "dst_port": 50082
        },
        "6": {
          "type": "ipv6-addr",
          "value": "fe80:0:0:0:6cba:509b:55b2:f1be"
        },
        "7": {
          "type": "x-oca-asset",
          "hostname": "laptop156"
        }
      },
      "created_by_ref": "identity--ec822b33-d461-458b-97b6-e23950b41f72",
      "number_observed": 1
    },
    {
      "type": "observed-data",
      "id": "observed-data--5adafd26-6469-4c0c-b9e3-30264f0dd61b",
      "created": "2021-10-12T13:01:32.010Z",
      "modified": "2021-10-12T13:01:32.010Z",
      "first_observed": "2021-02-28T10:41:40.781Z",
      "last_observed": "2021-02-28T10:41:40.781Z",
      "objects": {
        "0": {
          "type": "x-oca-event",
          "code": 3,
          "action": "Network Connection",
          "provider": "Microsoft-Windows-Sysmon/Operational",
          "record_number": "1153866",
          "process_ref": 1,
          "network_ref": 5,
          "host_ref": 7
        },
        "1": {
          "type": "process",
          "name": "svchost.exe",
          "binary_ref": "2",
          "pid": 1800,
          "x_unique_id": "{7f07c11c-c0e1-5dcb-0000-00109b5b0500}",
          "opened_connection_refs": [
            "5"
          ]
        },
        "2": {
          "type": "file",
          "name": "svchost.exe",
          "parent_directory_ref": "3"
        },
        "3": {
          "type": "directory",
          "path": "C:\\Windows\\System32"
        },
        "4": {
          "type": "ipv6-addr",
          "value": "ff02:0:0:0:0:0:1:3"
        },
        "5": {
          "type": "network-traffic",
          "src_ref": "4",
          "dst_ref": "6",
          "protocols": [
            "udp"
          ],
          "src_port": 5355,
          "dst_port": 50082
        },
        "6": {
          "type": "ipv6-addr",
          "value": "fe80:0:0:0:5d67:4a8:1e69:54d8"
        },
        "7": {
          "type": "x-oca-asset",
          "hostname": "laptop156"
        }
      },
      "created_by_ref": "identity--ec822b33-d461-458b-97b6-e23950b41f72",
      "number_observed": 1
    },
    {
      "type": "observed-data",
      "id": "observed-data--d9d97c70-ce72-4bc6-a070-9dbd2e4269e6",
      "created": "2021-10-12T13:01:32.010Z",
      "modified": "2021-10-12T13:01:32.010Z",
      "first_observed": "2021-02-28T10:42:09.080Z",
      "last_observed": "2021-02-28T10:42:09.080Z",
      "objects": {
        "0": {
          "type": "x-oca-event",
          "code": 3,
          "action": "Network Connection",
          "provider": "Microsoft-Windows-Sysmon/Operational",
          "record_number": "1153867",
          "process_ref": 1,
          "network_ref": 5,
          "host_ref": 7
        },
        "1": {
          "type": "process",
          "name": "svchost.exe",
          "binary_ref": "2",
          "pid": 1800,
          "x_unique_id": "{7f07c11c-c0e1-5dcb-0000-00109b5b0500}",
          "opened_connection_refs": [
            "5"
          ]
        },
        "2": {
          "type": "file",
          "name": "svchost.exe",
          "parent_directory_ref": "3"
        },
        "3": {
          "type": "directory",
          "path": "C:\\Windows\\System32"
        },
        "4": {
          "type": "ipv6-addr",
          "value": "ff02:0:0:0:0:0:1:3"
        },
        "5": {
          "type": "network-traffic",
          "src_ref": "4",
          "dst_ref": "6",
          "protocols": [
            "udp"
          ],
          "src_port": 5355,
          "dst_port": 50082
        },
        "6": {
          "type": "ipv6-addr",
          "value": "fe80:0:0:0:44c4:b323:9802:9228"
        },
        "7": {
          "type": "x-oca-asset",
          "hostname": "laptop156"
        }
      },
      "created_by_ref": "identity--ec822b33-d461-458b-97b6-e23950b41f72",
      "number_observed": 1
    },
    {
      "type": "observed-data",
      "id": "observed-data--97f3af0f-876a-4b60-b00e-55fd267bda5d",
      "created": "2021-10-12T13:01:32.011Z",
      "modified": "2021-10-12T13:01:32.011Z",
      "first_observed": "2021-02-28T10:42:09.080Z",
      "last_observed": "2021-02-28T10:42:09.080Z",
      "objects": {
        "0": {
          "type": "x-oca-event",
          "code": 3,
          "action": "Network Connection",
          "provider": "Microsoft-Windows-Sysmon/Operational",
          "record_number": "1153868",
          "process_ref": 1,
          "network_ref": 5,
          "host_ref": 7
        },
        "1": {
          "type": "process",
          "name": "svchost.exe",
          "binary_ref": "2",
          "pid": 1800,
          "x_unique_id": "{7f07c11c-c0e1-5dcb-0000-00109b5b0500}",
          "opened_connection_refs": [
            "5"
          ]
        },
        "2": {
          "type": "file",
          "name": "svchost.exe",
          "parent_directory_ref": "3"
        },
        "3": {
          "type": "directory",
          "path": "C:\\Windows\\System32"
        },
        "4": {
          "type": "ipv6-addr",
          "value": "ff02:0:0:0:0:0:1:3"
        },
        "5": {
          "type": "network-traffic",
          "src_ref": "4",
          "dst_ref": "6",
          "protocols": [
            "udp"
          ],
          "src_port": 5355,
          "dst_port": 50082
        },
        "6": {
          "type": "ipv6-addr",
          "value": "fe80:0:0:0:9da5:8c7f:8185:8de6"
        },
        "7": {
          "type": "x-oca-asset",
          "hostname": "laptop156"
        }
      },
      "created_by_ref": "identity--ec822b33-d461-458b-97b6-e23950b41f72",
      "number_observed": 1
    },
    {
      "type": "observed-data",
      "id": "observed-data--0a7c9c67-7752-468d-b561-162b9d37b7e3",
      "created": "2021-10-12T13:01:32.011Z",
      "modified": "2021-10-12T13:01:32.011Z",
      "first_observed": "2021-02-28T10:42:51.668Z",
      "last_observed": "2021-02-28T10:42:51.668Z",
      "objects": {
        "0": {
          "type": "x-oca-event",
          "code": 3,
          "action": "Network Connection",
          "provider": "Microsoft-Windows-Sysmon/Operational",
          "record_number": "1153869",
          "process_ref": 1,
          "network_ref": 4,
          "host_ref": 6
        },
        "1": {
          "type": "process",
          "name": "System",
          "binary_ref": "2",
          "pid": 4,
          "x_unique_id": "{7f07c11c-c0b9-5dcb-0000-0010eb030000}",
          "opened_connection_refs": [
            "4"
          ]
        },
        "2": {
          "type": "file",
          "name": "System"
        },
        "3": {
          "type": "ipv6-addr",
          "value": "fe80:0:0:0:5d67:4a8:1e69:54d8"
        },
        "4": {
          "type": "network-traffic",
          "src_ref": "3",
          "dst_ref": "5",
          "protocols": [
            "tcp"
          ],
          "src_port": 5357,
          "dst_port": 58070
        },
        "5": {
          "type": "ipv6-addr",
          "value": "fe80:0:0:0:950c:ff99:129:5107"
        },
        "6": {
          "type": "x-oca-asset",
          "hostname": "laptop156"
        }
      },
      "created_by_ref": "identity--ec822b33-d461-458b-97b6-e23950b41f72",
      "number_observed": 1
    },
    {
      "type": "observed-data",
      "id": "observed-data--bdee7241-628a-4994-96e4-84b3f948ff8f",
      "created": "2021-10-12T13:01:32.011Z",
      "modified": "2021-10-12T13:01:32.011Z",
      "first_observed": "2021-02-28T10:53:29.370Z",
      "last_observed": "2021-02-28T10:53:29.370Z",
      "objects": {
        "0": {
          "type": "x-oca-event",
          "code": 3,
          "action": "Network Connection",
          "provider": "Microsoft-Windows-Sysmon/Operational",
          "record_number": "1153870",
          "process_ref": 1,
          "network_ref": 5,
          "host_ref": 7
        },
        "1": {
          "type": "process",
          "name": "svchost.exe",
          "binary_ref": "2",
          "pid": 1352,
          "x_unique_id": "{7f07c11c-c0d7-5dcb-0000-001076900400}",
          "opened_connection_refs": [
            "5"
          ]
        },
        "2": {
          "type": "file",
          "name": "svchost.exe",
          "parent_directory_ref": "3"
        },
        "3": {
          "type": "directory",
          "path": "C:\\Windows\\System32"
        },
        "4": {
          "type": "ipv4-addr",
          "value": "127.0.0.1"
        },
        "5": {
          "type": "network-traffic",
          "src_ref": "4",
          "dst_ref": "6",
          "protocols": [
            "tcp"
          ],
          "src_port": 61044,
          "dst_port": 5357
        },
        "6": {
          "type": "ipv4-addr",
          "value": "127.0.0.1"
        },
        "7": {
          "type": "x-oca-asset",
          "hostname": "laptop156"
        }
      },
      "created_by_ref": "identity--ec822b33-d461-458b-97b6-e23950b41f72",
      "number_observed": 1
    },
    {
      "type": "observed-data",
      "id": "observed-data--edb56cca-c24b-4275-9329-d656489e4719",
      "created": "2021-10-12T13:01:32.011Z",
      "modified": "2021-10-12T13:01:32.011Z",
      "first_observed": "2021-02-28T10:53:29.370Z",
      "last_observed": "2021-02-28T10:53:29.370Z",
      "objects": {
        "0": {
          "type": "x-oca-event",
          "code": 3,
          "action": "Network Connection",
          "provider": "Microsoft-Windows-Sysmon/Operational",
          "record_number": "1153871",
          "process_ref": 1,
          "network_ref": 4,
          "host_ref": 6
        },
        "1": {
          "type": "process",
          "name": "System",
          "binary_ref": "2",
          "pid": 4,
          "x_unique_id": "{7f07c11c-c0b9-5dcb-0000-0010eb030000}",
          "opened_connection_refs": [
            "4"
          ]
        },
        "2": {
          "type": "file",
          "name": "System"
        },
        "3": {
          "type": "ipv4-addr",
          "value": "127.0.0.1"
        },
        "4": {
          "type": "network-traffic",
          "src_ref": "3",
          "dst_ref": "5",
          "protocols": [
            "tcp"
          ],
          "src_port": 5357,
          "dst_port": 61044
        },
        "5": {
          "type": "ipv4-addr",
          "value": "127.0.0.1"
        },
        "6": {
          "type": "x-oca-asset",
          "hostname": "laptop156"
        }
      },
      "created_by_ref": "identity--ec822b33-d461-458b-97b6-e23950b41f72",
      "number_observed": 1
    },
    {
      "type": "observed-data",
      "id": "observed-data--8f2a9073-4691-4381-aa58-ad81c017d61d",
      "created": "2021-10-12T13:01:32.012Z",
      "modified": "2021-10-12T13:01:32.012Z",
      "first_observed": "2021-02-28T11:41:52.090Z",
      "last_observed": "2021-02-28T11:41:52.090Z",
      "objects": {
        "0": {
          "type": "x-oca-event",
          "code": 3,
          "action": "Network Connection",
          "provider": "Microsoft-Windows-Sysmon/Operational",
          "record_number": "1153872",
          "process_ref": 1,
          "network_ref": 5,
          "host_ref": 7
        },
        "1": {
          "type": "process",
          "name": "kdd",
          "binary_ref": "2",
          "pid": 5340,
          "x_unique_id": "{7f07c11c-f5fa-5dcb-0000-00106939ba00}",
          "opened_connection_refs": [
            "5"
          ]
        },
        "2": {
          "type": "file",
          "name": "kdd",
          "parent_directory_ref": "3"
        },
        "3": {
          "type": "directory",
          "path": "C:\\Program Files\\WD Desktop App"
        },
        "4": {
          "type": "ipv4-addr",
          "value": "192.168.100.156"
        },
        "5": {
          "type": "network-traffic",
          "src_ref": "4",
          "dst_ref": "6",
          "protocols": [
            "tcp"
          ],
          "src_port": 61045,
          "dst_port": 443
        },
        "6": {
          "type": "ipv4-addr",
          "value": "35.162.80.139"
        },
        "7": {
          "type": "x-oca-asset",
          "hostname": "laptop156"
        }
      },
      "created_by_ref": "identity--ec822b33-d461-458b-97b6-e23950b41f72",
      "number_observed": 1
    },
    {
      "type": "observed-data",
      "id": "observed-data--22f7e062-05d5-47d5-af4b-dddda409dd8a",
      "created": "2021-10-12T13:01:32.012Z",
      "modified": "2021-10-12T13:01:32.012Z",
      "first_observed": "2021-02-28T11:48:14.262Z",
      "last_observed": "2021-02-28T11:48:14.262Z",
      "objects": {
        "0": {
          "type": "x-oca-event",
          "code": 3,
          "action": "Network Connection",
          "provider": "Microsoft-Windows-Sysmon/Operational",
          "record_number": "1153873",
          "process_ref": 1,
          "network_ref": 5,
          "host_ref": 7
        },
        "1": {
          "type": "process",
          "name": "svchost.exe",
          "binary_ref": "2",
          "pid": 1728,
          "x_unique_id": "{7f07c11c-c0e4-5dcb-0000-001016e30500}",
          "opened_connection_refs": [
            "5"
          ]
        },
        "2": {
          "type": "file",
          "name": "svchost.exe",
          "parent_directory_ref": "3"
        },
        "3": {
          "type": "directory",
          "path": "C:\\Windows\\System32"
        },
        "4": {
          "type": "ipv4-addr",
          "value": "239.255.255.250"
        },
        "5": {
          "type": "network-traffic",
          "src_ref": "4",
          "dst_ref": "6",
          "protocols": [
            "udp"
          ],
          "src_port": 1900,
          "dst_port": 58290
        },
        "6": {
          "type": "ipv4-addr",
          "value": "192.168.1.1"
        },
        "7": {
          "type": "x-oca-asset",
          "hostname": "laptop156"
        }
      },
      "created_by_ref": "identity--ec822b33-d461-458b-97b6-e23950b41f72",
      "number_observed": 1
    },
    {
      "type": "observed-data",
      "id": "observed-data--9be1b7f5-79fa-47b7-9da5-b1865ba4034b",
      "created": "2021-10-12T13:01:32.012Z",
      "modified": "2021-10-12T13:01:32.012Z",
      "first_observed": "2021-02-28T11:55:53.486Z",
      "last_observed": "2021-02-28T11:55:53.486Z",
      "objects": {
        "0": {
          "type": "x-oca-event",
          "code": 3,
          "action": "Network Connection",
          "provider": "Microsoft-Windows-Sysmon/Operational",
          "record_number": "1153874",
          "process_ref": 1,
          "network_ref": 5,
          "host_ref": 7
        },
        "1": {
          "type": "process",
          "name": "svchost.exe",
          "binary_ref": "2",
          "pid": 1728,
          "x_unique_id": "{7f07c11c-c0e4-5dcb-0000-001016e30500}",
          "opened_connection_refs": [
            "5"
          ]
        },
        "2": {
          "type": "file",
          "name": "svchost.exe",
          "parent_directory_ref": "3"
        },
        "3": {
          "type": "directory",
          "path": "C:\\Windows\\System32"
        },
        "4": {
          "type": "ipv4-addr",
          "value": "239.255.255.250"
        },
        "5": {
          "type": "network-traffic",
          "src_ref": "4",
          "dst_ref": "6",
          "protocols": [
            "udp"
          ],
          "src_port": 1900,
          "dst_port": 60000
        },
        "6": {
          "type": "ipv4-addr",
          "value": "192.168.1.169"
        },
        "7": {
          "type": "x-oca-asset",
          "hostname": "laptop156"
        }
      },
      "created_by_ref": "identity--ec822b33-d461-458b-97b6-e23950b41f72",
      "number_observed": 1
    },
    {
      "type": "observed-data",
      "id": "observed-data--fa6e6590-14ab-47c3-9e44-49f25b81ae93",
      "created": "2021-10-12T13:01:32.012Z",
      "modified": "2021-10-12T13:01:32.012Z",
      "first_observed": "2021-02-28T12:30:12.288Z",
      "last_observed": "2021-02-28T12:30:12.288Z",
      "objects": {
        "0": {
          "type": "x-oca-event",
          "code": 3,
          "action": "Network Connection",
          "provider": "Microsoft-Windows-Sysmon/Operational",
          "record_number": "1153875",
          "process_ref": 1,
          "network_ref": 5,
          "host_ref": 7
        },
        "1": {
          "type": "process",
          "name": "svchost.exe",
          "binary_ref": "2",
          "pid": 1352,
          "x_unique_id": "{7f07c11c-c0d7-5dcb-0000-001076900400}",
          "opened_connection_refs": [
            "5"
          ]
        },
        "2": {
          "type": "file",
          "name": "svchost.exe",
          "parent_directory_ref": "3"
        },
        "3": {
          "type": "directory",
          "path": "C:\\Windows\\System32"
        },
        "4": {
          "type": "ipv6-addr",
          "value": "ff02:0:0:0:0:0:0:c"
        },
        "5": {
          "type": "network-traffic",
          "src_ref": "4",
          "dst_ref": "6",
          "protocols": [
            "udp"
          ],
          "src_port": 3702,
          "dst_port": 61577
        },
        "6": {
          "type": "ipv6-addr",
          "value": "fe80:0:0:0:950c:ff99:129:5107"
        },
        "7": {
          "type": "x-oca-asset",
          "hostname": "laptop156"
        }
      },
      "created_by_ref": "identity--ec822b33-d461-458b-97b6-e23950b41f72",
      "number_observed": 1
    },
    {
      "type": "observed-data",
      "id": "observed-data--cde007c2-64e8-4ea1-bcf0-a69d24c5c905",
      "created": "2021-10-12T13:01:32.013Z",
      "modified": "2021-10-12T13:01:32.013Z",
      "first_observed": "2021-02-28T12:30:12.288Z",
      "last_observed": "2021-02-28T12:30:12.288Z",
      "objects": {
        "0": {
          "type": "x-oca-event",
          "code": 3,
          "action": "Network Connection",
          "provider": "Microsoft-Windows-Sysmon/Operational",
          "record_number": "1153876",
          "process_ref": 1,
          "network_ref": 5,
          "host_ref": 7
        },
        "1": {
          "type": "process",
          "name": "svchost.exe",
          "binary_ref": "2",
          "pid": 1728,
          "x_unique_id": "{7f07c11c-c0e4-5dcb-0000-001016e30500}",
          "opened_connection_refs": [
            "5"
          ]
        },
        "2": {
          "type": "file",
          "name": "svchost.exe",
          "parent_directory_ref": "3"
        },
        "3": {
          "type": "directory",
          "path": "C:\\Windows\\System32"
        },
        "4": {
          "type": "ipv6-addr",
          "value": "ff02:0:0:0:0:0:0:c"
        },
        "5": {
          "type": "network-traffic",
          "src_ref": "4",
          "dst_ref": "6",
          "protocols": [
            "udp"
          ],
          "src_port": 3702,
          "dst_port": 61577
        },
        "6": {
          "type": "ipv6-addr",
          "value": "fe80:0:0:0:950c:ff99:129:5107"
        },
        "7": {
          "type": "x-oca-asset",
          "hostname": "laptop156"
        }
      },
      "created_by_ref": "identity--ec822b33-d461-458b-97b6-e23950b41f72",
      "number_observed": 1
    },
    {
      "type": "observed-data",
      "id": "observed-data--da1304a8-4f58-4fad-84cc-f928571b53ee",
      "created": "2021-10-12T13:01:32.013Z",
      "modified": "2021-10-12T13:01:32.013Z",
      "first_observed": "2021-02-28T12:30:12.568Z",
      "last_observed": "2021-02-28T12:30:12.568Z",
      "objects": {
        "0": {
          "type": "x-oca-event",
          "code": 3,
          "action": "Network Connection",
          "provider": "Microsoft-Windows-Sysmon/Operational",
          "record_number": "1153877",
          "process_ref": 1,
          "network_ref": 5,
          "host_ref": 7
        },
        "1": {
          "type": "process",
          "name": "svchost.exe",
          "binary_ref": "2",
          "pid": 1352,
          "x_unique_id": "{7f07c11c-c0d7-5dcb-0000-001076900400}",
          "opened_connection_refs": [
            "5"
          ]
        },
        "2": {
          "type": "file",
          "name": "svchost.exe",
          "parent_directory_ref": "3"
        },
        "3": {
          "type": "directory",
          "path": "C:\\Windows\\System32"
        },
        "4": {
          "type": "ipv4-addr",
          "value": "239.255.255.250"
        },
        "5": {
          "type": "network-traffic",
          "src_ref": "4",
          "dst_ref": "6",
          "protocols": [
            "udp"
          ],
          "src_port": 3702,
          "dst_port": 61576
        },
        "6": {
          "type": "ipv4-addr",
          "value": "172.16.0.100"
        },
        "7": {
          "type": "x-oca-asset",
          "hostname": "laptop156"
        }
      },
      "created_by_ref": "identity--ec822b33-d461-458b-97b6-e23950b41f72",
      "number_observed": 1
    },
    {
      "type": "observed-data",
      "id": "observed-data--529ea5dc-73f0-405e-840d-2f3ed1cd205c",
      "created": "2021-10-12T13:01:32.013Z",
      "modified": "2021-10-12T13:01:32.013Z",
      "first_observed": "2021-02-28T12:30:12.568Z",
      "last_observed": "2021-02-28T12:30:12.568Z",
      "objects": {
        "0": {
          "type": "x-oca-event",
          "code": 3,
          "action": "Network Connection",
          "provider": "Microsoft-Windows-Sysmon/Operational",
          "record_number": "1153878",
          "process_ref": 1,
          "network_ref": 5,
          "host_ref": 7
        },
        "1": {
          "type": "process",
          "name": "svchost.exe",
          "binary_ref": "2",
          "pid": 1728,
          "x_unique_id": "{7f07c11c-c0e4-5dcb-0000-001016e30500}",
          "opened_connection_refs": [
            "5"
          ]
        },
        "2": {
          "type": "file",
          "name": "svchost.exe",
          "parent_directory_ref": "3"
        },
        "3": {
          "type": "directory",
          "path": "C:\\Windows\\System32"
        },
        "4": {
          "type": "ipv4-addr",
          "value": "239.255.255.250"
        },
        "5": {
          "type": "network-traffic",
          "src_ref": "4",
          "dst_ref": "6",
          "protocols": [
            "udp"
          ],
          "src_port": 3702,
          "dst_port": 61576
        },
        "6": {
          "type": "ipv4-addr",
          "value": "172.16.0.100"
        },
        "7": {
          "type": "x-oca-asset",
          "hostname": "laptop156"
        }
      },
      "created_by_ref": "identity--ec822b33-d461-458b-97b6-e23950b41f72",
      "number_observed": 1
    },
    {
      "type": "observed-data",
      "id": "observed-data--02e0ec64-70f1-4428-a30b-55eeee0603fd",
      "created": "2021-10-12T13:01:32.014Z",
      "modified": "2021-10-12T13:01:32.014Z",
      "first_observed": "2021-02-28T13:54:43.922Z",
      "last_observed": "2021-02-28T13:54:43.922Z",
      "objects": {
        "0": {
          "type": "x-oca-event",
          "code": 1,
          "action": "Process Creation",
          "provider": "Microsoft-Windows-Sysmon/Operational",
          "record_number": "1153879",
          "process_ref": 4,
          "parent_process_ref": "4",
          "host_ref": 8
        },
        "1": {
          "type": "process",
          "created": "2019-11-16T13:29:17.055Z",
          "name": "cmd.exe",
          "binary_ref": "2",
          "pid": 13008,
          "x_unique_id": "{7f07c11c-f9ad-5dcf-0000-001033e6810d}",
          "command_line": "C:\\Windows\\system32\\cmd.exe /d /s /c \"wmic logicaldisk get size,freespace,caption\"",
          "parent_ref": "4",
          "creator_user_ref": "7"
        },
        "2": {
          "type": "file",
          "name": "cmd.exe",
          "parent_directory_ref": "3",
          "hashes": {
            "MD5": "AD7B9C14083B52BC532FBA5948342B98"
          }
        },
        "3": {
          "type": "directory",
          "path": "C:\\Windows\\SysWOW64"
        },
        "4": {
          "type": "process",
          "name": "WD Discovery.exe",
          "binary_ref": "5",
          "pid": 6164,
          "x_unique_id": "{7f07c11c-f5cd-5dcb-0000-00104fbbb400}",
          "command_line": "\"C:\\Program Files (x86)\\Western Digital\\Discovery\\Current\\WD Discovery.exe\" --autolaunch"
        },
        "5": {
          "type": "file",
          "name": "WD Discovery.exe",
          "parent_directory_ref": "6"
        },
        "6": {
          "type": "directory",
          "path": "C:\\Program Files (x86)\\Western Digital\\Discovery\\Current"
        },
        "7": {
          "type": "user-account",
          "account_login": "laptop156\\John"
        },
        "8": {
          "type": "x-oca-asset",
          "hostname": "laptop156"
        }
      },
      "created_by_ref": "identity--ec822b33-d461-458b-97b6-e23950b41f72",
      "number_observed": 1
    },
    {
      "type": "observed-data",
      "id": "observed-data--c6ac40e4-df5a-4701-8f93-28729d5ece41",
      "created": "2021-10-12T13:01:32.014Z",
      "modified": "2021-10-12T13:01:32.014Z",
      "first_observed": "2021-02-28T13:55:02.134Z",
      "last_observed": "2021-02-28T13:55:02.134Z",
      "objects": {
        "0": {
          "type": "x-oca-event",
          "code": 1,
          "action": "Process Creation",
          "provider": "Microsoft-Windows-Sysmon/Operational",
          "record_number": "1153880",
          "process_ref": 4,
          "parent_process_ref": "4",
          "host_ref": 8
        },
        "1": {
          "type": "process",
          "created": "2019-11-16T13:29:17.120Z",
          "name": "conhost.exe",
          "binary_ref": "2",
          "pid": 9212,
          "x_unique_id": "{7f07c11c-f9ad-5dcf-0000-0010bfe8810d}",
          "command_line": "\\??\\C:\\Windows\\system32\\conhost.exe \"17204003788043254568029411-1210482886583188704-746948792-1248880507492047105\"",
          "parent_ref": "4",
          "creator_user_ref": "7"
        },
        "2": {
          "type": "file",
          "name": "conhost.exe",
          "parent_directory_ref": "3",
          "hashes": {
            "MD5": "3EB5F7CF5B46FC7DCFC747D2C8E3348F"
          }
        },
        "3": {
          "type": "directory",
          "path": "C:\\Windows\\System32"
        },
        "4": {
          "type": "process",
          "name": "csrss.exe",
          "binary_ref": "5",
          "pid": 3348,
          "x_unique_id": "{7f07c11c-f59e-5dcb-0000-0010aa19b100}",
          "command_line": "%SystemRoot%\\system32\\csrss.exe ObjectDirectory=\\Windows SharedSection=1024,20480,768 Windows=On SubSystemType=Windows ServerDll=basesrv,1 ServerDll=winsrv:UserServerDllInitialization,3 ServerDll=winsrv:ConServerDllInitialization,2 ServerDll=sxssrv,4 ProfileControl=Off MaxRequestThreads=16"
        },
        "5": {
          "type": "file",
          "name": "csrss.exe",
          "parent_directory_ref": "6"
        },
        "6": {
          "type": "directory",
          "path": "C:\\Windows\\System32"
        },
        "7": {
          "type": "user-account",
          "account_login": "laptop156\\John"
        },
        "8": {
          "type": "x-oca-asset",
          "hostname": "laptop156"
        }
      },
      "created_by_ref": "identity--ec822b33-d461-458b-97b6-e23950b41f72",
      "number_observed": 1
    },
    {
      "type": "observed-data",
      "id": "observed-data--616ea419-3900-4ce4-8ce0-4a95823d4089",
      "created": "2021-10-12T13:01:32.014Z",
      "modified": "2021-10-12T13:01:32.014Z",
      "first_observed": "2021-02-28T13:55:31.273Z",
      "last_observed": "2021-02-28T13:55:31.273Z",
      "objects": {
        "0": {
          "type": "x-oca-event",
          "code": 1,
          "action": "Process Creation",
          "provider": "Microsoft-Windows-Sysmon/Operational",
          "record_number": "1153881",
          "process_ref": 4,
          "parent_process_ref": "4",
          "host_ref": 8
        },
        "1": {
          "type": "process",
          "created": "2019-11-16T13:29:17.224Z",
          "name": "WMIC.exe",
          "binary_ref": "2",
          "pid": 10020,
          "x_unique_id": "{7f07c11c-f9ad-5dcf-0000-0010a4eb810d}",
          "command_line": "wmic  logicaldisk get size,freespace,caption",
          "parent_ref": "4",
          "creator_user_ref": "7"
        },
        "2": {
          "type": "file",
          "name": "WMIC.exe",
          "parent_directory_ref": "3",
          "hashes": {
            "MD5": "A03CF3838775E0801A0894C8BACD2E56"
          }
        },
        "3": {
          "type": "directory",
          "path": "C:\\Windows\\SysWOW64\\wbem"
        },
        "4": {
          "type": "process",
          "name": "cmd.exe",
          "binary_ref": "5",
          "pid": 13008,
          "x_unique_id": "{7f07c11c-f9ad-5dcf-0000-001033e6810d}",
          "command_line": "C:\\Windows\\system32\\cmd.exe /d /s /c \"wmic logicaldisk get size,freespace,caption\""
        },
        "5": {
          "type": "file",
          "name": "cmd.exe",
          "parent_directory_ref": "6"
        },
        "6": {
          "type": "directory",
          "path": "C:\\Windows\\SysWOW64"
        },
        "7": {
          "type": "user-account",
          "account_login": "laptop156\\John"
        },
        "8": {
          "type": "x-oca-asset",
          "hostname": "laptop156"
        }
      },
      "created_by_ref": "identity--ec822b33-d461-458b-97b6-e23950b41f72",
      "number_observed": 1
    },
