    {
      "type": "observed-data",
      "id": "observed-data--98835a5c-4d5c-4679-8940-cc20795f2f7e",
      "created": "2021-10-12T13:01:31.868Z",
      "modified": "2021-10-12T13:01:31.868Z",
      "first_observed": "2021-02-24T15:26:49.012Z",
      "last_observed": "2021-02-24T15:26:49.012Z",
      "objects": {
        "0": {
          "type": "x-oca-event",
          "code": 3,
          "action": "Network Connection",
          "provider": "Microsoft-Windows-Sysmon/Operational",
          "record_number": "1153313",
          "process_ref": 1,
          "network_ref": 5,
          "host_ref": 7
        },
        "1": {
          "type": "process",
          "name": "svchost.exe",
          "binary_ref": "2",
          "pid": 1800,
          "x_unique_id": "{7f07c11c-c0e1-5dcb-0000-00109b5b0500}",
          "opened_connection_refs": [
            "5"
          ]
        },
        "2": {
          "type": "file",
          "name": "svchost.exe",
          "parent_directory_ref": "3"
        },
        "3": {
          "type": "directory",
          "path": "C:\\Windows\\System32"
        },
        "4": {
          "type": "ipv6-addr",
          "value": "ff02:0:0:0:0:0:1:3"
        },
        "5": {
          "type": "network-traffic",
          "src_ref": "4",
          "dst_ref": "6",
          "protocols": [
            "udp"
          ],
          "src_port": 5355,
          "dst_port": 64722
        },
        "6": {
          "type": "ipv6-addr",
          "value": "fe80:0:0:0:5d67:4a8:1e69:54d8"
        },
        "7": {
          "type": "x-oca-asset",
          "hostname": "laptop156"
        }
      },
      "created_by_ref": "identity--ec822b33-d461-458b-97b6-e23950b41f72",
      "number_observed": 1
    },
    {
      "type": "observed-data",
      "id": "observed-data--7ef944a3-a745-4144-bf47-e5532eccf077",
      "created": "2021-10-12T13:01:31.868Z",
      "modified": "2021-10-12T13:01:31.868Z",
      "first_observed": "2021-02-24T15:26:52.654Z",
      "last_observed": "2021-02-24T15:26:52.654Z",
      "objects": {
        "0": {
          "type": "x-oca-event",
          "code": 3,
          "action": "Network Connection",
          "provider": "Microsoft-Windows-Sysmon/Operational",
          "record_number": "1153314",
          "process_ref": 1,
          "network_ref": 5,
          "host_ref": 7
        },
        "1": {
          "type": "process",
          "name": "svchost.exe",
          "binary_ref": "2",
          "pid": 1380,
          "x_unique_id": "{7f07c11c-c0d7-5dcb-0000-001042920400}",
          "opened_connection_refs": [
            "5"
          ]
        },
        "2": {
          "type": "file",
          "name": "svchost.exe",
          "parent_directory_ref": "3"
        },
        "3": {
          "type": "directory",
          "path": "C:\\Windows\\System32"
        },
        "4": {
          "type": "ipv4-addr",
          "value": "192.168.100.156"
        },
        "5": {
          "type": "network-traffic",
          "src_ref": "4",
          "dst_ref": "6",
          "protocols": [
            "tcp"
          ],
          "src_port": 60921,
          "dst_port": 47413
        },
        "6": {
          "type": "ipv4-addr",
          "value": "192.168.1.1"
        },
        "7": {
          "type": "x-oca-asset",
          "hostname": "laptop156"
        }
      },
      "created_by_ref": "identity--ec822b33-d461-458b-97b6-e23950b41f72",
      "number_observed": 1
    },
    {
      "type": "observed-data",
      "id": "observed-data--868bbd7a-39a6-4a76-bb25-2f16713f8f7a",
      "created": "2021-10-12T13:01:31.869Z",
      "modified": "2021-10-12T13:01:31.869Z",
      "first_observed": "2021-02-24T15:26:52.934Z",
      "last_observed": "2021-02-24T15:26:52.934Z",
      "objects": {
        "0": {
          "type": "x-oca-event",
          "code": 3,
          "action": "Network Connection",
          "provider": "Microsoft-Windows-Sysmon/Operational",
          "record_number": "1153315",
          "process_ref": 1,
          "network_ref": 5,
          "host_ref": 7
        },
        "1": {
          "type": "process",
          "name": "svchost.exe",
          "binary_ref": "2",
          "pid": 1288,
          "x_unique_id": "{7f07c11c-c0d7-5dcb-0000-00100e8b0400}",
          "opened_connection_refs": [
            "5"
          ]
        },
        "2": {
          "type": "file",
          "name": "svchost.exe",
          "parent_directory_ref": "3"
        },
        "3": {
          "type": "directory",
          "path": "C:\\Windows\\System32"
        },
        "4": {
          "type": "ipv6-addr",
          "value": "ff02:0:0:0:0:0:1:2"
        },
        "5": {
          "type": "network-traffic",
          "src_ref": "4",
          "dst_ref": "6",
          "protocols": [
            "udp"
          ],
          "src_port": 547,
          "dst_port": 546
        },
        "6": {
          "type": "ipv6-addr",
          "value": "fe80:0:0:0:85b:10c8:3f57:fe63"
        },
        "7": {
          "type": "x-oca-asset",
          "hostname": "laptop156"
        }
      },
      "created_by_ref": "identity--ec822b33-d461-458b-97b6-e23950b41f72",
      "number_observed": 1
    },
    {
      "type": "observed-data",
      "id": "observed-data--74fecc59-927e-435d-854a-cf0ed8c19f6b",
      "created": "2021-10-12T13:01:31.869Z",
      "modified": "2021-10-12T13:01:31.869Z",
      "first_observed": "2021-02-24T15:27:17.311Z",
      "last_observed": "2021-02-24T15:27:17.311Z",
      "objects": {
        "0": {
          "type": "x-oca-event",
          "code": 3,
          "action": "Network Connection",
          "provider": "Microsoft-Windows-Sysmon/Operational",
          "record_number": "1153316",
          "process_ref": 1,
          "network_ref": 5,
          "host_ref": 7
        },
        "1": {
          "type": "process",
          "name": "svchost.exe",
          "binary_ref": "2",
          "pid": 1800,
          "x_unique_id": "{7f07c11c-c0e1-5dcb-0000-00109b5b0500}",
          "opened_connection_refs": [
            "5"
          ]
        },
        "2": {
          "type": "file",
          "name": "svchost.exe",
          "parent_directory_ref": "3"
        },
        "3": {
          "type": "directory",
          "path": "C:\\Windows\\System32"
        },
        "4": {
          "type": "ipv6-addr",
          "value": "ff02:0:0:0:0:0:1:3"
        },
        "5": {
          "type": "network-traffic",
          "src_ref": "4",
          "dst_ref": "6",
          "protocols": [
            "udp"
          ],
          "src_port": 5355,
          "dst_port": 64722
        },
        "6": {
          "type": "ipv6-addr",
          "value": "fe80:0:0:0:44c4:b323:9802:9228"
        },
        "7": {
          "type": "x-oca-asset",
          "hostname": "laptop156"
        }
      },
      "created_by_ref": "identity--ec822b33-d461-458b-97b6-e23950b41f72",
      "number_observed": 1
    },
    {
      "type": "observed-data",
      "id": "observed-data--3bdea0fe-46a8-4a72-9807-48ecb77ebb04",
      "created": "2021-10-12T13:01:31.869Z",
      "modified": "2021-10-12T13:01:31.869Z",
      "first_observed": "2021-02-24T15:27:17.311Z",
      "last_observed": "2021-02-24T15:27:17.311Z",
      "objects": {
        "0": {
          "type": "x-oca-event",
          "code": 3,
          "action": "Network Connection",
          "provider": "Microsoft-Windows-Sysmon/Operational",
          "record_number": "1153317",
          "process_ref": 1,
          "network_ref": 5,
          "host_ref": 7
        },
        "1": {
          "type": "process",
          "name": "svchost.exe",
          "binary_ref": "2",
          "pid": 1800,
          "x_unique_id": "{7f07c11c-c0e1-5dcb-0000-00109b5b0500}",
          "opened_connection_refs": [
            "5"
          ]
        },
        "2": {
          "type": "file",
          "name": "svchost.exe",
          "parent_directory_ref": "3"
        },
        "3": {
          "type": "directory",
          "path": "C:\\Windows\\System32"
        },
        "4": {
          "type": "ipv6-addr",
          "value": "ff02:0:0:0:0:0:1:3"
        },
        "5": {
          "type": "network-traffic",
          "src_ref": "4",
          "dst_ref": "6",
          "protocols": [
            "udp"
          ],
          "src_port": 5355,
          "dst_port": 64722
        },
        "6": {
          "type": "ipv6-addr",
          "value": "fe80:0:0:0:9da5:8c7f:8185:8de6"
        },
        "7": {
          "type": "x-oca-asset",
          "hostname": "laptop156"
        }
      },
      "created_by_ref": "identity--ec822b33-d461-458b-97b6-e23950b41f72",
      "number_observed": 1
    },
    {
      "type": "observed-data",
      "id": "observed-data--361963b0-8bac-42d4-a7c3-754e2649fdca",
      "created": "2021-10-12T13:01:31.869Z",
      "modified": "2021-10-12T13:01:31.869Z",
      "first_observed": "2021-02-24T15:27:37.764Z",
      "last_observed": "2021-02-24T15:27:37.764Z",
      "objects": {
        "0": {
          "type": "x-oca-event",
          "code": 3,
          "action": "Network Connection",
          "provider": "Microsoft-Windows-Sysmon/Operational",
          "record_number": "1153318",
          "process_ref": 1,
          "network_ref": 5,
          "host_ref": 7
        },
        "1": {
          "type": "process",
          "name": "svchost.exe",
          "binary_ref": "2",
          "pid": 1380,
          "x_unique_id": "{7f07c11c-c0d7-5dcb-0000-001042920400}",
          "opened_connection_refs": [
            "5"
          ]
        },
        "2": {
          "type": "file",
          "name": "svchost.exe",
          "parent_directory_ref": "3"
        },
        "3": {
          "type": "directory",
          "path": "C:\\Windows\\System32"
        },
        "4": {
          "type": "ipv4-addr",
          "value": "192.168.100.156"
        },
        "5": {
          "type": "network-traffic",
          "src_ref": "4",
          "dst_ref": "6",
          "protocols": [
            "tcp"
          ],
          "src_port": 60922,
          "dst_port": 47413
        },
        "6": {
          "type": "ipv4-addr",
          "value": "192.168.1.1"
        },
        "7": {
          "type": "x-oca-asset",
          "hostname": "laptop156"
        }
      },
      "created_by_ref": "identity--ec822b33-d461-458b-97b6-e23950b41f72",
      "number_observed": 1
    },
    {
      "type": "observed-data",
      "id": "observed-data--7189fdbf-ddd5-4956-b082-0d2fdaa4d6da",
      "created": "2021-10-12T13:01:31.870Z",
      "modified": "2021-10-12T13:01:31.870Z",
      "first_observed": "2021-02-24T15:27:41.687Z",
      "last_observed": "2021-02-24T15:27:41.687Z",
      "objects": {
        "0": {
          "type": "x-oca-event",
          "code": 3,
          "action": "Network Connection",
          "provider": "Microsoft-Windows-Sysmon/Operational",
          "record_number": "1153319",
          "process_ref": 1,
          "network_ref": 5,
          "host_ref": 7
        },
        "1": {
          "type": "process",
          "name": "svchost.exe",
          "binary_ref": "2",
          "pid": 1380,
          "x_unique_id": "{7f07c11c-c0d7-5dcb-0000-001042920400}",
          "opened_connection_refs": [
            "5"
          ]
        },
        "2": {
          "type": "file",
          "name": "svchost.exe",
          "parent_directory_ref": "3"
        },
        "3": {
          "type": "directory",
          "path": "C:\\Windows\\System32"
        },
        "4": {
          "type": "ipv4-addr",
          "value": "192.168.100.156"
        },
        "5": {
          "type": "network-traffic",
          "src_ref": "4",
          "dst_ref": "6",
          "protocols": [
            "tcp"
          ],
          "src_port": 60923,
          "dst_port": 47413
        },
        "6": {
          "type": "ipv4-addr",
          "value": "192.168.1.1"
        },
        "7": {
          "type": "x-oca-asset",
          "hostname": "laptop156"
        }
      },
      "created_by_ref": "identity--ec822b33-d461-458b-97b6-e23950b41f72",
      "number_observed": 1
    },
    {
      "type": "observed-data",
      "id": "observed-data--144a466e-1878-42c5-a77b-10f40f49542c",
      "created": "2021-10-12T13:01:31.870Z",
      "modified": "2021-10-12T13:01:31.870Z",
      "first_observed": "2021-02-24T15:28:14.188Z",
      "last_observed": "2021-02-24T15:28:14.188Z",
      "objects": {
        "0": {
          "type": "x-oca-event",
          "code": 3,
          "action": "Network Connection",
          "provider": "Microsoft-Windows-Sysmon/Operational",
          "record_number": "1153320",
          "process_ref": 1,
          "network_ref": 5,
          "host_ref": 7
        },
        "1": {
          "type": "process",
          "name": "svchost.exe",
          "binary_ref": "2",
          "pid": 1800,
          "x_unique_id": "{7f07c11c-c0e1-5dcb-0000-00109b5b0500}",
          "opened_connection_refs": [
            "5"
          ]
        },
        "2": {
          "type": "file",
          "name": "svchost.exe",
          "parent_directory_ref": "3"
        },
        "3": {
          "type": "directory",
          "path": "C:\\Windows\\System32"
        },
        "4": {
          "type": "ipv6-addr",
          "value": "ff02:0:0:0:0:0:1:3"
        },
        "5": {
          "type": "network-traffic",
          "src_ref": "4",
          "dst_ref": "6",
          "protocols": [
            "udp"
          ],
          "src_port": 5355,
          "dst_port": 63776
        },
        "6": {
          "type": "ipv6-addr",
          "value": "fe80:0:0:0:6cba:509b:55b2:f1be"
        },
        "7": {
          "type": "x-oca-asset",
          "hostname": "laptop156"
        }
      },
      "created_by_ref": "identity--ec822b33-d461-458b-97b6-e23950b41f72",
      "number_observed": 1
    },
    {
      "type": "observed-data",
      "id": "observed-data--129a1747-4d97-4b1f-8d8f-c0921a797dd3",
      "created": "2021-10-12T13:01:31.870Z",
      "modified": "2021-10-12T13:01:31.870Z",
      "first_observed": "2021-02-24T15:28:14.188Z",
      "last_observed": "2021-02-24T15:28:14.188Z",
      "objects": {
        "0": {
          "type": "x-oca-event",
          "code": 3,
          "action": "Network Connection",
          "provider": "Microsoft-Windows-Sysmon/Operational",
          "record_number": "1153321",
          "process_ref": 1,
          "network_ref": 5,
          "host_ref": 7
        },
        "1": {
          "type": "process",
          "name": "svchost.exe",
          "binary_ref": "2",
          "pid": 1800,
          "x_unique_id": "{7f07c11c-c0e1-5dcb-0000-00109b5b0500}",
          "opened_connection_refs": [
            "5"
          ]
        },
        "2": {
          "type": "file",
          "name": "svchost.exe",
          "parent_directory_ref": "3"
        },
        "3": {
          "type": "directory",
          "path": "C:\\Windows\\System32"
        },
        "4": {
          "type": "ipv6-addr",
          "value": "ff02:0:0:0:0:0:1:3"
        },
        "5": {
          "type": "network-traffic",
          "src_ref": "4",
          "dst_ref": "6",
          "protocols": [
            "udp"
          ],
          "src_port": 5355,
          "dst_port": 63776
        },
        "6": {
          "type": "ipv6-addr",
          "value": "fe80:0:0:0:5d67:4a8:1e69:54d8"
        },
        "7": {
          "type": "x-oca-asset",
          "hostname": "laptop156"
        }
      },
      "created_by_ref": "identity--ec822b33-d461-458b-97b6-e23950b41f72",
      "number_observed": 1
    },
    {
      "type": "observed-data",
      "id": "observed-data--236d9ef1-518d-4191-ae01-bacb00e23957",
      "created": "2021-10-12T13:01:31.870Z",
      "modified": "2021-10-12T13:01:31.870Z",
      "first_observed": "2021-02-24T15:28:42.487Z",
      "last_observed": "2021-02-24T15:28:42.487Z",
      "objects": {
        "0": {
          "type": "x-oca-event",
          "code": 3,
          "action": "Network Connection",
          "provider": "Microsoft-Windows-Sysmon/Operational",
          "record_number": "1153322",
          "process_ref": 1,
          "network_ref": 5,
          "host_ref": 7
        },
        "1": {
          "type": "process",
          "name": "svchost.exe",
          "binary_ref": "2",
          "pid": 1800,
          "x_unique_id": "{7f07c11c-c0e1-5dcb-0000-00109b5b0500}",
          "opened_connection_refs": [
            "5"
          ]
        },
        "2": {
          "type": "file",
          "name": "svchost.exe",
          "parent_directory_ref": "3"
        },
        "3": {
          "type": "directory",
          "path": "C:\\Windows\\System32"
        },
        "4": {
          "type": "ipv6-addr",
          "value": "ff02:0:0:0:0:0:1:3"
        },
        "5": {
          "type": "network-traffic",
          "src_ref": "4",
          "dst_ref": "6",
          "protocols": [
            "udp"
          ],
          "src_port": 5355,
          "dst_port": 63776
        },
        "6": {
          "type": "ipv6-addr",
          "value": "fe80:0:0:0:44c4:b323:9802:9228"
        },
        "7": {
          "type": "x-oca-asset",
          "hostname": "laptop156"
        }
      },
      "created_by_ref": "identity--ec822b33-d461-458b-97b6-e23950b41f72",
      "number_observed": 1
    },
    {
      "type": "observed-data",
      "id": "observed-data--85b9e2e7-dff4-407a-8944-1039e944ec4c",
      "created": "2021-10-12T13:01:31.871Z",
      "modified": "2021-10-12T13:01:31.871Z",
      "first_observed": "2021-02-24T15:28:42.487Z",
      "last_observed": "2021-02-24T15:28:42.487Z",
      "objects": {
        "0": {
          "type": "x-oca-event",
          "code": 3,
          "action": "Network Connection",
          "provider": "Microsoft-Windows-Sysmon/Operational",
          "record_number": "1153323",
          "process_ref": 1,
          "network_ref": 5,
          "host_ref": 7
        },
        "1": {
          "type": "process",
          "name": "svchost.exe",
          "binary_ref": "2",
          "pid": 1800,
          "x_unique_id": "{7f07c11c-c0e1-5dcb-0000-00109b5b0500}",
          "opened_connection_refs": [
            "5"
          ]
        },
        "2": {
          "type": "file",
          "name": "svchost.exe",
          "parent_directory_ref": "3"
        },
        "3": {
          "type": "directory",
          "path": "C:\\Windows\\System32"
        },
        "4": {
          "type": "ipv6-addr",
          "value": "ff02:0:0:0:0:0:1:3"
        },
        "5": {
          "type": "network-traffic",
          "src_ref": "4",
          "dst_ref": "6",
          "protocols": [
            "udp"
          ],
          "src_port": 5355,
          "dst_port": 63776
        },
        "6": {
          "type": "ipv6-addr",
          "value": "fe80:0:0:0:9da5:8c7f:8185:8de6"
        },
        "7": {
          "type": "x-oca-asset",
          "hostname": "laptop156"
        }
      },
      "created_by_ref": "identity--ec822b33-d461-458b-97b6-e23950b41f72",
      "number_observed": 1
    },
    {
      "type": "observed-data",
      "id": "observed-data--5f4efd3b-56be-412b-81b5-18d317d3457c",
      "created": "2021-10-12T13:01:31.871Z",
      "modified": "2021-10-12T13:01:31.871Z",
      "first_observed": "2021-02-24T15:39:51.569Z",
      "last_observed": "2021-02-24T15:39:51.569Z",
      "objects": {
        "0": {
          "type": "x-oca-event",
          "code": 3,
          "action": "Network Connection",
          "provider": "Microsoft-Windows-Sysmon/Operational",
          "record_number": "1153324",
          "process_ref": 1,
          "network_ref": 5,
          "host_ref": 7
        },
        "1": {
          "type": "process",
          "name": "svchost.exe",
          "binary_ref": "2",
          "pid": 1352,
          "x_unique_id": "{7f07c11c-c0d7-5dcb-0000-001076900400}",
          "opened_connection_refs": [
            "5"
          ]
        },
        "2": {
          "type": "file",
          "name": "svchost.exe",
          "parent_directory_ref": "3"
        },
        "3": {
          "type": "directory",
          "path": "C:\\Windows\\System32"
        },
        "4": {
          "type": "ipv4-addr",
          "value": "127.0.0.1"
        },
        "5": {
          "type": "network-traffic",
          "src_ref": "4",
          "dst_ref": "6",
          "protocols": [
            "tcp"
          ],
          "src_port": 60924,
          "dst_port": 5357
        },
        "6": {
          "type": "ipv4-addr",
          "value": "127.0.0.1"
        },
        "7": {
          "type": "x-oca-asset",
          "hostname": "laptop156"
        }
      },
      "created_by_ref": "identity--ec822b33-d461-458b-97b6-e23950b41f72",
      "number_observed": 1
    },
    {
      "type": "observed-data",
      "id": "observed-data--4334a793-cded-4140-9379-0521b23c2a4f",
      "created": "2021-10-12T13:01:31.871Z",
      "modified": "2021-10-12T13:01:31.871Z",
      "first_observed": "2021-02-24T15:39:51.850Z",
      "last_observed": "2021-02-24T15:39:51.850Z",
      "objects": {
        "0": {
          "type": "x-oca-event",
          "code": 3,
          "action": "Network Connection",
          "provider": "Microsoft-Windows-Sysmon/Operational",
          "record_number": "1153325",
          "process_ref": 1,
          "network_ref": 4,
          "host_ref": 6
        },
        "1": {
          "type": "process",
          "name": "System",
          "binary_ref": "2",
          "pid": 4,
          "x_unique_id": "{7f07c11c-c0b9-5dcb-0000-0010eb030000}",
          "opened_connection_refs": [
            "4"
          ]
        },
        "2": {
          "type": "file",
          "name": "System"
        },
        "3": {
          "type": "ipv4-addr",
          "value": "127.0.0.1"
        },
        "4": {
          "type": "network-traffic",
          "src_ref": "3",
          "dst_ref": "5",
          "protocols": [
            "tcp"
          ],
          "src_port": 5357,
          "dst_port": 60924
        },
        "5": {
          "type": "ipv4-addr",
          "value": "127.0.0.1"
        },
        "6": {
          "type": "x-oca-asset",
          "hostname": "laptop156"
        }
      },
      "created_by_ref": "identity--ec822b33-d461-458b-97b6-e23950b41f72",
      "number_observed": 1
    },
    {
      "type": "observed-data",
      "id": "observed-data--c1973e6d-59bb-4242-88c9-f6f191977640",
      "created": "2021-10-12T13:01:31.871Z",
      "modified": "2021-10-12T13:01:31.871Z",
      "first_observed": "2021-02-24T15:40:46.766Z",
      "last_observed": "2021-02-24T15:40:46.766Z",
      "objects": {
        "0": {
          "type": "x-oca-event",
          "code": 3,
          "action": "Network Connection",
          "provider": "Microsoft-Windows-Sysmon/Operational",
          "record_number": "1153326",
          "process_ref": 1,
          "network_ref": 4,
          "host_ref": 6
        },
        "1": {
          "type": "process",
          "name": "System",
          "binary_ref": "2",
          "pid": 4,
          "x_unique_id": "{7f07c11c-c0b9-5dcb-0000-0010eb030000}",
          "opened_connection_refs": [
            "4"
          ]
        },
        "2": {
          "type": "file",
          "name": "System"
        },
        "3": {
          "type": "ipv6-addr",
          "value": "fe80:0:0:0:5d67:4a8:1e69:54d8"
        },
        "4": {
          "type": "network-traffic",
          "src_ref": "3",
          "dst_ref": "5",
          "protocols": [
            "tcp"
          ],
          "src_port": 5357,
          "dst_port": 57751
        },
        "5": {
          "type": "ipv6-addr",
          "value": "fe80:0:0:0:950c:ff99:129:5107"
        },
        "6": {
          "type": "x-oca-asset",
          "hostname": "laptop156"
        }
      },
      "created_by_ref": "identity--ec822b33-d461-458b-97b6-e23950b41f72",
      "number_observed": 1
    },
    {
      "type": "observed-data",
      "id": "observed-data--6011fae8-dcf6-495b-b8dd-2d47dde16042",
      "created": "2021-10-12T13:01:31.872Z",
      "modified": "2021-10-12T13:01:31.872Z",
      "first_observed": "2021-02-24T16:30:57.357Z",
      "last_observed": "2021-02-24T16:30:57.357Z",
      "objects": {
        "0": {
          "type": "x-oca-event",
          "code": 1,
          "action": "Process Creation",
          "provider": "Microsoft-Windows-Sysmon/Operational",
          "record_number": "1153327",
          "process_ref": 4,
          "parent_process_ref": "4",
          "host_ref": 8
        },
        "1": {
          "type": "process",
          "created": "2019-11-16T13:09:17.040Z",
          "name": "cmd.exe",
          "binary_ref": "2",
          "pid": 8972,
          "x_unique_id": "{7f07c11c-f4fd-5dcf-0000-001037de730d}",
          "command_line": "C:\\Windows\\system32\\cmd.exe /d /s /c \"wmic logicaldisk get size,freespace,caption\"",
          "parent_ref": "4",
          "creator_user_ref": "7"
        },
        "2": {
          "type": "file",
          "name": "cmd.exe",
          "parent_directory_ref": "3",
          "hashes": {
            "MD5": "AD7B9C14083B52BC532FBA5948342B98"
          }
        },
        "3": {
          "type": "directory",
          "path": "C:\\Windows\\SysWOW64"
        },
        "4": {
          "type": "process",
          "name": "WD Discovery.exe",
          "binary_ref": "5",
          "pid": 6164,
          "x_unique_id": "{7f07c11c-f5cd-5dcb-0000-00104fbbb400}",
          "command_line": "\"C:\\Program Files (x86)\\Western Digital\\Discovery\\Current\\WD Discovery.exe\" --autolaunch"
        },
        "5": {
          "type": "file",
          "name": "WD Discovery.exe",
          "parent_directory_ref": "6"
        },
        "6": {
          "type": "directory",
          "path": "C:\\Program Files (x86)\\Western Digital\\Discovery\\Current"
        },
        "7": {
          "type": "user-account",
          "account_login": "laptop156\\John"
        },
        "8": {
          "type": "x-oca-asset",
          "hostname": "laptop156"
        }
      },
      "created_by_ref": "identity--ec822b33-d461-458b-97b6-e23950b41f72",
      "number_observed": 1
    },
    {
      "type": "observed-data",
      "id": "observed-data--d5c8ebe0-592f-4db9-a205-a790671beb0b",
      "created": "2021-10-12T13:01:31.872Z",
      "modified": "2021-10-12T13:01:31.872Z",
      "first_observed": "2021-02-24T16:31:21.173Z",
      "last_observed": "2021-02-24T16:31:21.173Z",
      "objects": {
        "0": {
          "type": "x-oca-event",
          "code": 1,
          "action": "Process Creation",
          "provider": "Microsoft-Windows-Sysmon/Operational",
          "record_number": "1153328",
          "process_ref": 4,
          "parent_process_ref": "4",
          "host_ref": 8
        },
        "1": {
          "type": "process",
          "created": "2019-11-16T13:09:17.125Z",
          "name": "conhost.exe",
          "binary_ref": "2",
          "pid": 8708,
          "x_unique_id": "{7f07c11c-f4fd-5dcf-0000-001046e0730d}",
          "command_line": "\\??\\C:\\Windows\\system32\\conhost.exe \"1819973496-1485064600-1327037085398505084-10748134501349004455751292297-347001418\"",
          "parent_ref": "4",
          "creator_user_ref": "7"
        },
        "2": {
          "type": "file",
          "name": "conhost.exe",
          "parent_directory_ref": "3",
          "hashes": {
            "MD5": "3EB5F7CF5B46FC7DCFC747D2C8E3348F"
          }
        },
        "3": {
          "type": "directory",
          "path": "C:\\Windows\\System32"
        },
        "4": {
          "type": "process",
          "name": "csrss.exe",
          "binary_ref": "5",
          "pid": 3348,
          "x_unique_id": "{7f07c11c-f59e-5dcb-0000-0010aa19b100}",
          "command_line": "%SystemRoot%\\system32\\csrss.exe ObjectDirectory=\\Windows SharedSection=1024,20480,768 Windows=On SubSystemType=Windows ServerDll=basesrv,1 ServerDll=winsrv:UserServerDllInitialization,3 ServerDll=winsrv:ConServerDllInitialization,2 ServerDll=sxssrv,4 ProfileControl=Off MaxRequestThreads=16"
        },
        "5": {
          "type": "file",
          "name": "csrss.exe",
          "parent_directory_ref": "6"
        },
        "6": {
          "type": "directory",
          "path": "C:\\Windows\\System32"
        },
        "7": {
          "type": "user-account",
          "account_login": "laptop156\\John"
        },
        "8": {
          "type": "x-oca-asset",
          "hostname": "laptop156"
        }
      },
      "created_by_ref": "identity--ec822b33-d461-458b-97b6-e23950b41f72",
      "number_observed": 1
    },
    {
      "type": "observed-data",
      "id": "observed-data--2291d2e3-077e-4ae6-904f-d45752d3b6ce",
      "created": "2021-10-12T13:01:31.872Z",
      "modified": "2021-10-12T13:01:31.872Z",
      "first_observed": "2021-02-24T16:31:43.307Z",
      "last_observed": "2021-02-24T16:31:43.307Z",
      "objects": {
        "0": {
          "type": "x-oca-event",
          "code": 1,
          "action": "Process Creation",
          "provider": "Microsoft-Windows-Sysmon/Operational",
          "record_number": "1153329",
          "process_ref": 4,
          "parent_process_ref": "4",
          "host_ref": 8
        },
        "1": {
          "type": "process",
          "created": "2019-11-16T13:09:17.204Z",
          "name": "WMIC.exe",
          "binary_ref": "2",
          "pid": 8940,
          "x_unique_id": "{7f07c11c-f4fd-5dcf-0000-001028e3730d}",
          "command_line": "wmic  logicaldisk get size,freespace,caption",
          "parent_ref": "4",
          "creator_user_ref": "7"
        },
        "2": {
          "type": "file",
          "name": "WMIC.exe",
          "parent_directory_ref": "3",
          "hashes": {
            "MD5": "A03CF3838775E0801A0894C8BACD2E56"
          }
        },
        "3": {
          "type": "directory",
          "path": "C:\\Windows\\SysWOW64\\wbem"
        },
        "4": {
          "type": "process",
          "name": "cmd.exe",
          "binary_ref": "5",
          "pid": 8972,
          "x_unique_id": "{7f07c11c-f4fd-5dcf-0000-001037de730d}",
          "command_line": "C:\\Windows\\system32\\cmd.exe /d /s /c \"wmic logicaldisk get size,freespace,caption\""
        },
        "5": {
          "type": "file",
          "name": "cmd.exe",
          "parent_directory_ref": "6"
        },
        "6": {
          "type": "directory",
          "path": "C:\\Windows\\SysWOW64"
        },
        "7": {
          "type": "user-account",
          "account_login": "laptop156\\John"
        },
        "8": {
          "type": "x-oca-asset",
          "hostname": "laptop156"
        }
      },
      "created_by_ref": "identity--ec822b33-d461-458b-97b6-e23950b41f72",
      "number_observed": 1
    },
    {
      "type": "observed-data",
      "id": "observed-data--3a6a952f-78ff-439a-b254-cc989991c9fc",
      "created": "2021-10-12T13:01:31.873Z",
      "modified": "2021-10-12T13:01:31.873Z",
      "first_observed": "2021-02-24T16:32:53.634Z",
      "last_observed": "2021-02-24T16:32:53.634Z",
      "objects": {
        "0": {
          "type": "x-oca-event",
          "code": 5,
          "action": "Process Terminated",
          "provider": "Microsoft-Windows-Sysmon/Operational",
          "record_number": "1153330",
          "process_ref": 1,
          "host_ref": 4
        },
        "1": {
          "type": "process",
          "name": "WMIC.exe",
          "binary_ref": "2",
          "pid": 8940,
          "x_unique_id": "{7f07c11c-f4fd-5dcf-0000-001028e3730d}"
        },
        "2": {
          "type": "file",
          "name": "WMIC.exe",
          "parent_directory_ref": "3"
        },
        "3": {
          "type": "directory",
          "path": "C:\\Windows\\SysWOW64\\wbem"
        },
        "4": {
          "type": "x-oca-asset",
          "hostname": "laptop156"
        }
      },
      "created_by_ref": "identity--ec822b33-d461-458b-97b6-e23950b41f72",
      "number_observed": 1
    },
    {
      "type": "observed-data",
      "id": "observed-data--be31b0e3-439e-4ee5-aebb-8356e11b88cc",
      "created": "2021-10-12T13:01:31.873Z",
      "modified": "2021-10-12T13:01:31.873Z",
      "first_observed": "2021-02-24T16:32:54.755Z",
      "last_observed": "2021-02-24T16:32:54.755Z",
      "objects": {
        "0": {
          "type": "x-oca-event",
          "code": 5,
          "action": "Process Terminated",
          "provider": "Microsoft-Windows-Sysmon/Operational",
          "record_number": "1153331",
          "process_ref": 1,
          "host_ref": 4
        },
        "1": {
          "type": "process",
          "name": "cmd.exe",
          "binary_ref": "2",
          "pid": 8972,
          "x_unique_id": "{7f07c11c-f4fd-5dcf-0000-001037de730d}"
        },
        "2": {
          "type": "file",
          "name": "cmd.exe",
          "parent_directory_ref": "3"
        },
        "3": {
          "type": "directory",
          "path": "C:\\Windows\\SysWOW64"
        },
        "4": {
          "type": "x-oca-asset",
          "hostname": "laptop156"
        }
      },
      "created_by_ref": "identity--ec822b33-d461-458b-97b6-e23950b41f72",
      "number_observed": 1
    },
    {
      "type": "observed-data",
      "id": "observed-data--d57f8683-5d1e-4341-939c-3618634c5d8f",
      "created": "2021-10-12T13:01:31.873Z",
      "modified": "2021-10-12T13:01:31.873Z",
      "first_observed": "2021-02-24T16:32:55.315Z",
      "last_observed": "2021-02-24T16:32:55.315Z",
      "objects": {
        "0": {
          "type": "x-oca-event",
          "code": 5,
          "action": "Process Terminated",
          "provider": "Microsoft-Windows-Sysmon/Operational",
          "record_number": "1153332",
          "process_ref": 1,
          "host_ref": 4
        },
        "1": {
          "type": "process",
          "name": "conhost.exe",
          "binary_ref": "2",
          "pid": 8708,
          "x_unique_id": "{7f07c11c-f4fd-5dcf-0000-001046e0730d}"
        },
        "2": {
          "type": "file",
          "name": "conhost.exe",
          "parent_directory_ref": "3"
        },
        "3": {
          "type": "directory",
          "path": "C:\\Windows\\System32"
        },
        "4": {
          "type": "x-oca-asset",
          "hostname": "laptop156"
        }
      },
      "created_by_ref": "identity--ec822b33-d461-458b-97b6-e23950b41f72",
      "number_observed": 1
    },
    {
      "type": "observed-data",
      "id": "observed-data--315062f9-0cbf-4cab-b750-ea647a380fa9",
      "created": "2021-10-12T13:01:31.873Z",
      "modified": "2021-10-12T13:01:31.873Z",
      "first_observed": "2021-02-24T16:04:06.852Z",
      "last_observed": "2021-02-24T16:04:06.852Z",
      "objects": {
        "0": {
          "type": "x-oca-event",
          "code": 3,
          "action": "Network Connection",
          "provider": "Microsoft-Windows-Sysmon/Operational",
          "record_number": "1153333",
          "process_ref": 1,
          "network_ref": 5,
          "host_ref": 7
        },
        "1": {
          "type": "process",
          "name": "wdsync-inotify.exe",
          "binary_ref": "2",
          "pid": 7416,
          "x_unique_id": "{7f07c11c-f61d-5dcb-0000-0010c219be00}",
          "opened_connection_refs": [
            "5"
          ]
        },
        "2": {
          "type": "file",
          "name": "wdsync-inotify.exe",
          "parent_directory_ref": "3"
        },
        "3": {
          "type": "directory",
          "path": "C:\\Program Files\\WD Desktop App"
        },
        "4": {
          "type": "ipv4-addr",
          "value": "127.0.0.1"
        },
        "5": {
          "type": "network-traffic",
          "src_ref": "4",
          "dst_ref": "6",
          "protocols": [
            "tcp"
          ],
          "src_port": 60925,
          "dst_port": 8384
        },
        "6": {
          "type": "ipv4-addr",
          "value": "127.0.0.1"
        },
        "7": {
          "type": "x-oca-asset",
          "hostname": "laptop156"
        }
      },
      "created_by_ref": "identity--ec822b33-d461-458b-97b6-e23950b41f72",
      "number_observed": 1
    },
    {
      "type": "observed-data",
      "id": "observed-data--b7f25891-7d24-4dba-9133-08411472e006",
      "created": "2021-10-12T13:01:31.874Z",
      "modified": "2021-10-12T13:01:31.874Z",
      "first_observed": "2021-02-24T16:04:06.852Z",
      "last_observed": "2021-02-24T16:04:06.852Z",
      "objects": {
        "0": {
          "type": "x-oca-event",
          "code": 3,
          "action": "Network Connection",
          "provider": "Microsoft-Windows-Sysmon/Operational",
          "record_number": "1153334",
          "process_ref": 1,
          "network_ref": 5,
          "host_ref": 7
        },
        "1": {
          "type": "process",
          "name": "wdsync.exe",
          "binary_ref": "2",
          "pid": 5692,
          "x_unique_id": "{7f07c11c-f61e-5dcb-0000-0010141dbe00}",
          "opened_connection_refs": [
            "5"
          ]
        },
        "2": {
          "type": "file",
          "name": "wdsync.exe",
          "parent_directory_ref": "3"
        },
        "3": {
          "type": "directory",
          "path": "C:\\Program Files\\WD Desktop App"
        },
        "4": {
          "type": "ipv4-addr",
          "value": "127.0.0.1"
        },
        "5": {
          "type": "network-traffic",
          "src_ref": "4",
          "dst_ref": "6",
          "protocols": [
            "tcp"
          ],
          "src_port": 8384,
          "dst_port": 60925
        },
        "6": {
          "type": "ipv4-addr",
          "value": "127.0.0.1"
        },
        "7": {
          "type": "x-oca-asset",
          "hostname": "laptop156"
        }
      },
      "created_by_ref": "identity--ec822b33-d461-458b-97b6-e23950b41f72",
      "number_observed": 1
    },
    {
      "type": "observed-data",
      "id": "observed-data--9c8b7d00-c027-4186-84f7-e5409b009dde",
      "created": "2021-10-12T13:01:31.874Z",
      "modified": "2021-10-12T13:01:31.874Z",
      "first_observed": "2021-02-24T17:10:17.358Z",
      "last_observed": "2021-02-24T17:10:17.358Z",
      "objects": {
        "0": {
          "type": "x-oca-event",
          "code": 3,
          "action": "Network Connection",
          "provider": "Microsoft-Windows-Sysmon/Operational",
          "record_number": "1153335",
          "process_ref": 1,
          "network_ref": 5,
          "host_ref": 7
        },
        "1": {
          "type": "process",
          "name": "svchost.exe",
          "binary_ref": "2",
          "pid": 1728,
          "x_unique_id": "{7f07c11c-c0e4-5dcb-0000-001016e30500}",
          "opened_connection_refs": [
            "5"
          ]
        },
        "2": {
          "type": "file",
          "name": "svchost.exe",
          "parent_directory_ref": "3"
        },
        "3": {
          "type": "directory",
          "path": "C:\\Windows\\System32"
        },
        "4": {
          "type": "ipv4-addr",
          "value": "239.255.255.250"
        },
        "5": {
          "type": "network-traffic",
          "src_ref": "4",
          "dst_ref": "6",
          "protocols": [
            "udp"
          ],
          "src_port": 1900,
          "dst_port": 55364
        },
        "6": {
          "type": "ipv4-addr",
          "value": "192.168.1.1"
        },
        "7": {
          "type": "x-oca-asset",
          "hostname": "laptop156"
        }
      },
      "created_by_ref": "identity--ec822b33-d461-458b-97b6-e23950b41f72",
      "number_observed": 1
    },
    {
      "type": "observed-data",
      "id": "observed-data--f9544dd0-e6b6-42bb-aef7-dbefb32f34e5",
      "created": "2021-10-12T13:01:31.874Z",
      "modified": "2021-10-12T13:01:31.874Z",
      "first_observed": "2021-02-24T17:10:45.937Z",
      "last_observed": "2021-02-24T17:10:45.937Z",
      "objects": {
        "0": {
          "type": "x-oca-event",
          "code": 3,
          "action": "Network Connection",
          "provider": "Microsoft-Windows-Sysmon/Operational",
          "record_number": "1153336",
          "process_ref": 1,
          "network_ref": 5,
          "host_ref": 7
        },
        "1": {
          "type": "process",
          "name": "svchost.exe",
          "binary_ref": "2",
          "pid": 1728,
          "x_unique_id": "{7f07c11c-c0e4-5dcb-0000-001016e30500}",
          "opened_connection_refs": [
            "5"
          ]
        },
        "2": {
          "type": "file",
          "name": "svchost.exe",
          "parent_directory_ref": "3"
        },
        "3": {
          "type": "directory",
          "path": "C:\\Windows\\System32"
        },
        "4": {
          "type": "ipv4-addr",
          "value": "239.255.255.250"
        },
        "5": {
          "type": "network-traffic",
          "src_ref": "4",
          "dst_ref": "6",
          "protocols": [
            "udp"
          ],
          "src_port": 1900,
          "dst_port": 44037
        },
        "6": {
          "type": "ipv4-addr",
          "value": "192.168.1.1"
        },
        "7": {
          "type": "x-oca-asset",
          "hostname": "laptop156"
        }
      },
      "created_by_ref": "identity--ec822b33-d461-458b-97b6-e23950b41f72",
      "number_observed": 1
    },
    {
      "type": "observed-data",
      "id": "observed-data--31b15911-4d08-418c-9845-1a0dc1d5d431",
      "created": "2021-10-12T13:01:31.874Z",
      "modified": "2021-10-12T13:01:31.874Z",
      "first_observed": "2021-02-24T17:11:14.516Z",
      "last_observed": "2021-02-24T17:11:14.516Z",
      "objects": {
        "0": {
          "type": "x-oca-event",
          "code": 3,
          "action": "Network Connection",
          "provider": "Microsoft-Windows-Sysmon/Operational",
          "record_number": "1153337",
          "process_ref": 1,
          "network_ref": 5,
          "host_ref": 7
        },
        "1": {
          "type": "process",
          "name": "svchost.exe",
          "binary_ref": "2",
          "pid": 1728,
          "x_unique_id": "{7f07c11c-c0e4-5dcb-0000-001016e30500}",
          "opened_connection_refs": [
            "5"
          ]
        },
        "2": {
          "type": "file",
          "name": "svchost.exe",
          "parent_directory_ref": "3"
        },
        "3": {
          "type": "directory",
          "path": "C:\\Windows\\System32"
        },
        "4": {
          "type": "ipv4-addr",
          "value": "239.255.255.250"
        },
        "5": {
          "type": "network-traffic",
          "src_ref": "4",
          "dst_ref": "6",
          "protocols": [
            "udp"
          ],
          "src_port": 1900,
          "dst_port": 38273
        },
        "6": {
          "type": "ipv4-addr",
          "value": "192.168.1.1"
        },
        "7": {
          "type": "x-oca-asset",
          "hostname": "laptop156"
        }
      },
      "created_by_ref": "identity--ec822b33-d461-458b-97b6-e23950b41f72",
      "number_observed": 1
    },
    {
      "type": "observed-data",
      "id": "observed-data--93625ffb-c72d-471b-93f0-e2e7d9643076",
      "created": "2021-10-12T13:01:31.875Z",
      "modified": "2021-10-12T13:01:31.875Z",
      "first_observed": "2021-02-24T17:11:43.375Z",
      "last_observed": "2021-02-24T17:11:43.375Z",
      "objects": {
        "0": {
          "type": "x-oca-event",
          "code": 3,
          "action": "Network Connection",
          "provider": "Microsoft-Windows-Sysmon/Operational",
          "record_number": "1153338",
          "process_ref": 1,
          "network_ref": 5,
          "host_ref": 7
        },
        "1": {
          "type": "process",
          "name": "svchost.exe",
          "binary_ref": "2",
          "pid": 1728,
          "x_unique_id": "{7f07c11c-c0e4-5dcb-0000-001016e30500}",
          "opened_connection_refs": [
            "5"
          ]
        },
        "2": {
          "type": "file",
          "name": "svchost.exe",
          "parent_directory_ref": "3"
        },
        "3": {
          "type": "directory",
          "path": "C:\\Windows\\System32"
        },
        "4": {
          "type": "ipv4-addr",
          "value": "239.255.255.250"
        },
        "5": {
          "type": "network-traffic",
          "src_ref": "4",
          "dst_ref": "6",
          "protocols": [
            "udp"
          ],
          "src_port": 1900,
          "dst_port": 37873
        },
        "6": {
          "type": "ipv4-addr",
          "value": "192.168.1.1"
        },
        "7": {
          "type": "x-oca-asset",
          "hostname": "laptop156"
        }
      },
      "created_by_ref": "identity--ec822b33-d461-458b-97b6-e23950b41f72",
      "number_observed": 1
    },
    {
      "type": "observed-data",
      "id": "observed-data--3661435a-98b2-4a23-b56c-a1524f8bc0c9",
      "created": "2021-10-12T13:01:31.875Z",
      "modified": "2021-10-12T13:01:31.875Z",
      "first_observed": "2021-02-24T17:12:11.954Z",
      "last_observed": "2021-02-24T17:12:11.954Z",
      "objects": {
        "0": {
          "type": "x-oca-event",
          "code": 3,
          "action": "Network Connection",
          "provider": "Microsoft-Windows-Sysmon/Operational",
          "record_number": "1153339",
          "process_ref": 1,
          "network_ref": 5,
          "host_ref": 7
        },
        "1": {
          "type": "process",
          "name": "svchost.exe",
          "binary_ref": "2",
          "pid": 1728,
          "x_unique_id": "{7f07c11c-c0e4-5dcb-0000-001016e30500}",
          "opened_connection_refs": [
            "5"
          ]
        },
        "2": {
          "type": "file",
          "name": "svchost.exe",
          "parent_directory_ref": "3"
        },
        "3": {
          "type": "directory",
          "path": "C:\\Windows\\System32"
        },
        "4": {
          "type": "ipv4-addr",
          "value": "239.255.255.250"
        },
        "5": {
          "type": "network-traffic",
          "src_ref": "4",
          "dst_ref": "6",
          "protocols": [
            "udp"
          ],
          "src_port": 1900,
          "dst_port": 45833
        },
        "6": {
          "type": "ipv4-addr",
          "value": "192.168.1.1"
        },
        "7": {
          "type": "x-oca-asset",
          "hostname": "laptop156"
        }
      },
      "created_by_ref": "identity--ec822b33-d461-458b-97b6-e23950b41f72",
      "number_observed": 1
    },
    {
      "type": "observed-data",
      "id": "observed-data--a19e0429-a5e6-4a50-aec2-e82253b64ef1",
      "created": "2021-10-12T13:01:31.875Z",
      "modified": "2021-10-12T13:01:31.875Z",
      "first_observed": "2021-02-24T17:12:40.813Z",
      "last_observed": "2021-02-24T17:12:40.813Z",
      "objects": {
        "0": {
          "type": "x-oca-event",
          "code": 3,
          "action": "Network Connection",
          "provider": "Microsoft-Windows-Sysmon/Operational",
          "record_number": "1153340",
          "process_ref": 1,
          "network_ref": 5,
          "host_ref": 7
        },
        "1": {
          "type": "process",
          "name": "svchost.exe",
          "binary_ref": "2",
          "pid": 1728,
          "x_unique_id": "{7f07c11c-c0e4-5dcb-0000-001016e30500}",
          "opened_connection_refs": [
            "5"
          ]
        },
        "2": {
          "type": "file",
          "name": "svchost.exe",
          "parent_directory_ref": "3"
        },
        "3": {
          "type": "directory",
          "path": "C:\\Windows\\System32"
        },
        "4": {
          "type": "ipv4-addr",
          "value": "239.255.255.250"
        },
        "5": {
          "type": "network-traffic",
          "src_ref": "4",
          "dst_ref": "6",
          "protocols": [
            "udp"
          ],
          "src_port": 1900,
          "dst_port": 49295
        },
        "6": {
          "type": "ipv4-addr",
          "value": "192.168.1.1"
        },
        "7": {
          "type": "x-oca-asset",
          "hostname": "laptop156"
        }
      },
      "created_by_ref": "identity--ec822b33-d461-458b-97b6-e23950b41f72",
      "number_observed": 1
    },
