    {
      "type": "observed-data",
      "id": "observed-data--b90dcbbb-3cee-4b90-9433-0bfe8d606a7e",
      "created": "2021-10-12T13:01:31.969Z",
      "modified": "2021-10-12T13:01:31.969Z",
      "first_observed": "2021-02-27T09:00:40.752Z",
      "last_observed": "2021-02-27T09:00:40.752Z",
      "objects": {
        "0": {
          "type": "x-oca-event",
          "code": 3,
          "action": "Network Connection",
          "provider": "Microsoft-Windows-Sysmon/Operational",
          "record_number": "1153711",
          "process_ref": 1,
          "network_ref": 5,
          "host_ref": 7
        },
        "1": {
          "type": "process",
          "name": "svchost.exe",
          "binary_ref": "2",
          "pid": 1380,
          "x_unique_id": "{7f07c11c-c0d7-5dcb-0000-001042920400}",
          "opened_connection_refs": [
            "5"
          ]
        },
        "2": {
          "type": "file",
          "name": "svchost.exe",
          "parent_directory_ref": "3"
        },
        "3": {
          "type": "directory",
          "path": "C:\\Windows\\System32"
        },
        "4": {
          "type": "ipv4-addr",
          "value": "192.168.100.156"
        },
        "5": {
          "type": "network-traffic",
          "src_ref": "4",
          "dst_ref": "6",
          "protocols": [
            "udp"
          ],
          "src_port": 56141,
          "dst_port": 3544
        },
        "6": {
          "type": "ipv4-addr",
          "value": "92.242.140.21"
        },
        "7": {
          "type": "x-oca-asset",
          "hostname": "laptop156"
        }
      },
      "created_by_ref": "identity--ec822b33-d461-458b-97b6-e23950b41f72",
      "number_observed": 1
    },
    {
      "type": "observed-data",
      "id": "observed-data--c20ff6b8-88c4-4e28-b258-0ed4ccd09dc9",
      "created": "2021-10-12T13:01:31.970Z",
      "modified": "2021-10-12T13:01:31.970Z",
      "first_observed": "2021-02-27T09:01:35.389Z",
      "last_observed": "2021-02-27T09:01:35.389Z",
      "objects": {
        "0": {
          "type": "x-oca-event",
          "code": 3,
          "action": "Network Connection",
          "provider": "Microsoft-Windows-Sysmon/Operational",
          "record_number": "1153712",
          "process_ref": 1,
          "network_ref": 5,
          "host_ref": 7
        },
        "1": {
          "type": "process",
          "name": "svchost.exe",
          "binary_ref": "2",
          "pid": 1800,
          "x_unique_id": "{7f07c11c-c0e1-5dcb-0000-00109b5b0500}",
          "opened_connection_refs": [
            "5"
          ]
        },
        "2": {
          "type": "file",
          "name": "svchost.exe",
          "parent_directory_ref": "3"
        },
        "3": {
          "type": "directory",
          "path": "C:\\Windows\\System32"
        },
        "4": {
          "type": "ipv6-addr",
          "value": "ff02:0:0:0:0:0:1:3"
        },
        "5": {
          "type": "network-traffic",
          "src_ref": "4",
          "dst_ref": "6",
          "protocols": [
            "udp"
          ],
          "src_port": 5355,
          "dst_port": 58946
        },
        "6": {
          "type": "ipv6-addr",
          "value": "fe80:0:0:0:6cba:509b:55b2:f1be"
        },
        "7": {
          "type": "x-oca-asset",
          "hostname": "laptop156"
        }
      },
      "created_by_ref": "identity--ec822b33-d461-458b-97b6-e23950b41f72",
      "number_observed": 1
    },
    {
      "type": "observed-data",
      "id": "observed-data--a8c1a5f2-3032-4ee6-9a3c-17e0acdd4692",
      "created": "2021-10-12T13:01:31.970Z",
      "modified": "2021-10-12T13:01:31.970Z",
      "first_observed": "2021-02-27T09:01:35.389Z",
      "last_observed": "2021-02-27T09:01:35.389Z",
      "objects": {
        "0": {
          "type": "x-oca-event",
          "code": 3,
          "action": "Network Connection",
          "provider": "Microsoft-Windows-Sysmon/Operational",
          "record_number": "1153713",
          "process_ref": 1,
          "network_ref": 5,
          "host_ref": 7
        },
        "1": {
          "type": "process",
          "name": "svchost.exe",
          "binary_ref": "2",
          "pid": 1800,
          "x_unique_id": "{7f07c11c-c0e1-5dcb-0000-00109b5b0500}",
          "opened_connection_refs": [
            "5"
          ]
        },
        "2": {
          "type": "file",
          "name": "svchost.exe",
          "parent_directory_ref": "3"
        },
        "3": {
          "type": "directory",
          "path": "C:\\Windows\\System32"
        },
        "4": {
          "type": "ipv6-addr",
          "value": "ff02:0:0:0:0:0:1:3"
        },
        "5": {
          "type": "network-traffic",
          "src_ref": "4",
          "dst_ref": "6",
          "protocols": [
            "udp"
          ],
          "src_port": 5355,
          "dst_port": 58946
        },
        "6": {
          "type": "ipv6-addr",
          "value": "fe80:0:0:0:5d67:4a8:1e69:54d8"
        },
        "7": {
          "type": "x-oca-asset",
          "hostname": "laptop156"
        }
      },
      "created_by_ref": "identity--ec822b33-d461-458b-97b6-e23950b41f72",
      "number_observed": 1
    },
    {
      "type": "observed-data",
      "id": "observed-data--b89e227d-247a-4457-a5d3-80316ae97805",
      "created": "2021-10-12T13:01:31.970Z",
      "modified": "2021-10-12T13:01:31.970Z",
      "first_observed": "2021-02-27T09:02:03.407Z",
      "last_observed": "2021-02-27T09:02:03.407Z",
      "objects": {
        "0": {
          "type": "x-oca-event",
          "code": 3,
          "action": "Network Connection",
          "provider": "Microsoft-Windows-Sysmon/Operational",
          "record_number": "1153714",
          "process_ref": 1,
          "network_ref": 5,
          "host_ref": 7
        },
        "1": {
          "type": "process",
          "name": "svchost.exe",
          "binary_ref": "2",
          "pid": 1800,
          "x_unique_id": "{7f07c11c-c0e1-5dcb-0000-00109b5b0500}",
          "opened_connection_refs": [
            "5"
          ]
        },
        "2": {
          "type": "file",
          "name": "svchost.exe",
          "parent_directory_ref": "3"
        },
        "3": {
          "type": "directory",
          "path": "C:\\Windows\\System32"
        },
        "4": {
          "type": "ipv6-addr",
          "value": "ff02:0:0:0:0:0:1:3"
        },
        "5": {
          "type": "network-traffic",
          "src_ref": "4",
          "dst_ref": "6",
          "protocols": [
            "udp"
          ],
          "src_port": 5355,
          "dst_port": 58946
        },
        "6": {
          "type": "ipv6-addr",
          "value": "fe80:0:0:0:44c4:b323:9802:9228"
        },
        "7": {
          "type": "x-oca-asset",
          "hostname": "laptop156"
        }
      },
      "created_by_ref": "identity--ec822b33-d461-458b-97b6-e23950b41f72",
      "number_observed": 1
    },
    {
      "type": "observed-data",
      "id": "observed-data--6d51bd2f-e362-442e-bdd0-b29ef8edc370",
      "created": "2021-10-12T13:01:31.971Z",
      "modified": "2021-10-12T13:01:31.971Z",
      "first_observed": "2021-02-27T09:02:03.687Z",
      "last_observed": "2021-02-27T09:02:03.687Z",
      "objects": {
        "0": {
          "type": "x-oca-event",
          "code": 3,
          "action": "Network Connection",
          "provider": "Microsoft-Windows-Sysmon/Operational",
          "record_number": "1153715",
          "process_ref": 1,
          "network_ref": 5,
          "host_ref": 7
        },
        "1": {
          "type": "process",
          "name": "svchost.exe",
          "binary_ref": "2",
          "pid": 1800,
          "x_unique_id": "{7f07c11c-c0e1-5dcb-0000-00109b5b0500}",
          "opened_connection_refs": [
            "5"
          ]
        },
        "2": {
          "type": "file",
          "name": "svchost.exe",
          "parent_directory_ref": "3"
        },
        "3": {
          "type": "directory",
          "path": "C:\\Windows\\System32"
        },
        "4": {
          "type": "ipv6-addr",
          "value": "ff02:0:0:0:0:0:1:3"
        },
        "5": {
          "type": "network-traffic",
          "src_ref": "4",
          "dst_ref": "6",
          "protocols": [
            "udp"
          ],
          "src_port": 5355,
          "dst_port": 58946
        },
        "6": {
          "type": "ipv6-addr",
          "value": "fe80:0:0:0:9da5:8c7f:8185:8de6"
        },
        "7": {
          "type": "x-oca-asset",
          "hostname": "laptop156"
        }
      },
      "created_by_ref": "identity--ec822b33-d461-458b-97b6-e23950b41f72",
      "number_observed": 1
    },
    {
      "type": "observed-data",
      "id": "observed-data--90877065-9511-4629-8973-1c14f0227e72",
      "created": "2021-10-12T13:01:31.971Z",
      "modified": "2021-10-12T13:01:31.971Z",
      "first_observed": "2021-02-27T09:04:58.803Z",
      "last_observed": "2021-02-27T09:04:58.803Z",
      "objects": {
        "0": {
          "type": "x-oca-event",
          "code": 3,
          "action": "Network Connection",
          "provider": "Microsoft-Windows-Sysmon/Operational",
          "record_number": "1153716",
          "process_ref": 1,
          "network_ref": 5,
          "host_ref": 7
        },
        "1": {
          "type": "process",
          "name": "svchost.exe",
          "binary_ref": "2",
          "pid": 1352,
          "x_unique_id": "{7f07c11c-c0d7-5dcb-0000-001076900400}",
          "opened_connection_refs": [
            "5"
          ]
        },
        "2": {
          "type": "file",
          "name": "svchost.exe",
          "parent_directory_ref": "3"
        },
        "3": {
          "type": "directory",
          "path": "C:\\Windows\\System32"
        },
        "4": {
          "type": "ipv4-addr",
          "value": "127.0.0.1"
        },
        "5": {
          "type": "network-traffic",
          "src_ref": "4",
          "dst_ref": "6",
          "protocols": [
            "tcp"
          ],
          "src_port": 61010,
          "dst_port": 5357
        },
        "6": {
          "type": "ipv4-addr",
          "value": "127.0.0.1"
        },
        "7": {
          "type": "x-oca-asset",
          "hostname": "laptop156"
        }
      },
      "created_by_ref": "identity--ec822b33-d461-458b-97b6-e23950b41f72",
      "number_observed": 1
    },
    {
      "type": "observed-data",
      "id": "observed-data--02b77248-cdd1-489e-ac17-6ba23403ac29",
      "created": "2021-10-12T13:01:31.971Z",
      "modified": "2021-10-12T13:01:31.971Z",
      "first_observed": "2021-02-27T09:04:58.803Z",
      "last_observed": "2021-02-27T09:04:58.803Z",
      "objects": {
        "0": {
          "type": "x-oca-event",
          "code": 3,
          "action": "Network Connection",
          "provider": "Microsoft-Windows-Sysmon/Operational",
          "record_number": "1153717",
          "process_ref": 1,
          "network_ref": 4,
          "host_ref": 6
        },
        "1": {
          "type": "process",
          "name": "System",
          "binary_ref": "2",
          "pid": 4,
          "x_unique_id": "{7f07c11c-c0b9-5dcb-0000-0010eb030000}",
          "opened_connection_refs": [
            "4"
          ]
        },
        "2": {
          "type": "file",
          "name": "System"
        },
        "3": {
          "type": "ipv4-addr",
          "value": "127.0.0.1"
        },
        "4": {
          "type": "network-traffic",
          "src_ref": "3",
          "dst_ref": "5",
          "protocols": [
            "tcp"
          ],
          "src_port": 5357,
          "dst_port": 61010
        },
        "5": {
          "type": "ipv4-addr",
          "value": "127.0.0.1"
        },
        "6": {
          "type": "x-oca-asset",
          "hostname": "laptop156"
        }
      },
      "created_by_ref": "identity--ec822b33-d461-458b-97b6-e23950b41f72",
      "number_observed": 1
    },
    {
      "type": "observed-data",
      "id": "observed-data--e9e3bd38-544a-40c0-9309-051d025ef6db",
      "created": "2021-10-12T13:01:31.971Z",
      "modified": "2021-10-12T13:01:31.971Z",
      "first_observed": "2021-02-27T09:06:29.863Z",
      "last_observed": "2021-02-27T09:06:29.863Z",
      "objects": {
        "0": {
          "type": "x-oca-event",
          "code": 3,
          "action": "Network Connection",
          "provider": "Microsoft-Windows-Sysmon/Operational",
          "record_number": "1153718",
          "process_ref": 1,
          "network_ref": 4,
          "host_ref": 6
        },
        "1": {
          "type": "process",
          "name": "System",
          "binary_ref": "2",
          "pid": 4,
          "x_unique_id": "{7f07c11c-c0b9-5dcb-0000-0010eb030000}",
          "opened_connection_refs": [
            "4"
          ]
        },
        "2": {
          "type": "file",
          "name": "System"
        },
        "3": {
          "type": "ipv6-addr",
          "value": "fe80:0:0:0:5d67:4a8:1e69:54d8"
        },
        "4": {
          "type": "network-traffic",
          "src_ref": "3",
          "dst_ref": "5",
          "protocols": [
            "tcp"
          ],
          "src_port": 5357,
          "dst_port": 58019
        },
        "5": {
          "type": "ipv6-addr",
          "value": "fe80:0:0:0:950c:ff99:129:5107"
        },
        "6": {
          "type": "x-oca-asset",
          "hostname": "laptop156"
        }
      },
      "created_by_ref": "identity--ec822b33-d461-458b-97b6-e23950b41f72",
      "number_observed": 1
    },
    {
      "type": "observed-data",
      "id": "observed-data--b2cdfe48-cffc-4269-8674-5fca1d00c407",
      "created": "2021-10-12T13:01:31.972Z",
      "modified": "2021-10-12T13:01:31.972Z",
      "first_observed": "2021-02-27T09:26:51.191Z",
      "last_observed": "2021-02-27T09:26:51.191Z",
      "objects": {
        "0": {
          "type": "x-oca-event",
          "code": 3,
          "action": "Network Connection",
          "provider": "Microsoft-Windows-Sysmon/Operational",
          "record_number": "1153719",
          "process_ref": 1,
          "network_ref": 5,
          "host_ref": 7
        },
        "1": {
          "type": "process",
          "name": "wdsync-inotify.exe",
          "binary_ref": "2",
          "pid": 7416,
          "x_unique_id": "{7f07c11c-f61d-5dcb-0000-0010c219be00}",
          "opened_connection_refs": [
            "5"
          ]
        },
        "2": {
          "type": "file",
          "name": "wdsync-inotify.exe",
          "parent_directory_ref": "3"
        },
        "3": {
          "type": "directory",
          "path": "C:\\Program Files\\WD Desktop App"
        },
        "4": {
          "type": "ipv4-addr",
          "value": "127.0.0.1"
        },
        "5": {
          "type": "network-traffic",
          "src_ref": "4",
          "dst_ref": "6",
          "protocols": [
            "tcp"
          ],
          "src_port": 61011,
          "dst_port": 8384
        },
        "6": {
          "type": "ipv4-addr",
          "value": "127.0.0.1"
        },
        "7": {
          "type": "x-oca-asset",
          "hostname": "laptop156"
        }
      },
      "created_by_ref": "identity--ec822b33-d461-458b-97b6-e23950b41f72",
      "number_observed": 1
    },
    {
      "type": "observed-data",
      "id": "observed-data--82aa4403-617c-497d-a5f0-a9598b9de2bb",
      "created": "2021-10-12T13:01:31.972Z",
      "modified": "2021-10-12T13:01:31.972Z",
      "first_observed": "2021-02-27T09:26:51.191Z",
      "last_observed": "2021-02-27T09:26:51.191Z",
      "objects": {
        "0": {
          "type": "x-oca-event",
          "code": 3,
          "action": "Network Connection",
          "provider": "Microsoft-Windows-Sysmon/Operational",
          "record_number": "1153720",
          "process_ref": 1,
          "network_ref": 5,
          "host_ref": 7
        },
        "1": {
          "type": "process",
          "name": "wdsync.exe",
          "binary_ref": "2",
          "pid": 5692,
          "x_unique_id": "{7f07c11c-f61e-5dcb-0000-0010141dbe00}",
          "opened_connection_refs": [
            "5"
          ]
        },
        "2": {
          "type": "file",
          "name": "wdsync.exe",
          "parent_directory_ref": "3"
        },
        "3": {
          "type": "directory",
          "path": "C:\\Program Files\\WD Desktop App"
        },
        "4": {
          "type": "ipv4-addr",
          "value": "127.0.0.1"
        },
        "5": {
          "type": "network-traffic",
          "src_ref": "4",
          "dst_ref": "6",
          "protocols": [
            "tcp"
          ],
          "src_port": 8384,
          "dst_port": 61011
        },
        "6": {
          "type": "ipv4-addr",
          "value": "127.0.0.1"
        },
        "7": {
          "type": "x-oca-asset",
          "hostname": "laptop156"
        }
      },
      "created_by_ref": "identity--ec822b33-d461-458b-97b6-e23950b41f72",
      "number_observed": 1
    },
    {
      "type": "observed-data",
      "id": "observed-data--b6e49919-9d88-4ee9-96e4-ae73016b1a08",
      "created": "2021-10-12T13:01:31.972Z",
      "modified": "2021-10-12T13:01:31.972Z",
      "first_observed": "2021-02-27T09:55:07.993Z",
      "last_observed": "2021-02-27T09:55:07.993Z",
      "objects": {
        "0": {
          "type": "x-oca-event",
          "code": 3,
          "action": "Network Connection",
          "provider": "Microsoft-Windows-Sysmon/Operational",
          "record_number": "1153721",
          "process_ref": 1,
          "network_ref": 5,
          "host_ref": 7
        },
        "1": {
          "type": "process",
          "name": "svchost.exe",
          "binary_ref": "2",
          "pid": 1728,
          "x_unique_id": "{7f07c11c-c0e4-5dcb-0000-001016e30500}",
          "opened_connection_refs": [
            "5"
          ]
        },
        "2": {
          "type": "file",
          "name": "svchost.exe",
          "parent_directory_ref": "3"
        },
        "3": {
          "type": "directory",
          "path": "C:\\Windows\\System32"
        },
        "4": {
          "type": "ipv4-addr",
          "value": "192.168.100.156"
        },
        "5": {
          "type": "network-traffic",
          "src_ref": "4",
          "dst_ref": "6",
          "protocols": [
            "udp"
          ],
          "src_port": 59654,
          "dst_port": 1900
        },
        "6": {
          "type": "ipv4-addr",
          "value": "239.255.255.250"
        },
        "7": {
          "type": "x-oca-asset",
          "hostname": "laptop156"
        }
      },
      "created_by_ref": "identity--ec822b33-d461-458b-97b6-e23950b41f72",
      "number_observed": 1
    },
    {
      "type": "observed-data",
      "id": "observed-data--36064fab-b0ab-4af7-8d22-f5d4e0d3da0e",
      "created": "2021-10-12T13:01:31.972Z",
      "modified": "2021-10-12T13:01:31.972Z",
      "first_observed": "2021-02-27T09:55:07.993Z",
      "last_observed": "2021-02-27T09:55:07.993Z",
      "objects": {
        "0": {
          "type": "x-oca-event",
          "code": 3,
          "action": "Network Connection",
          "provider": "Microsoft-Windows-Sysmon/Operational",
          "record_number": "1153722",
          "process_ref": 1,
          "network_ref": 5,
          "host_ref": 7
        },
        "1": {
          "type": "process",
          "name": "svchost.exe",
          "binary_ref": "2",
          "pid": 1728,
          "x_unique_id": "{7f07c11c-c0e4-5dcb-0000-001016e30500}",
          "opened_connection_refs": [
            "5"
          ]
        },
        "2": {
          "type": "file",
          "name": "svchost.exe",
          "parent_directory_ref": "3"
        },
        "3": {
          "type": "directory",
          "path": "C:\\Windows\\System32"
        },
        "4": {
          "type": "ipv4-addr",
          "value": "172.16.0.112"
        },
        "5": {
          "type": "network-traffic",
          "src_ref": "4",
          "dst_ref": "6",
          "protocols": [
            "udp"
          ],
          "src_port": 59655,
          "dst_port": 1900
        },
        "6": {
          "type": "ipv4-addr",
          "value": "239.255.255.250"
        },
        "7": {
          "type": "x-oca-asset",
          "hostname": "laptop156"
        }
      },
      "created_by_ref": "identity--ec822b33-d461-458b-97b6-e23950b41f72",
      "number_observed": 1
    },
    {
      "type": "observed-data",
      "id": "observed-data--c822c9de-62a2-474a-a8c7-2b904dee5ff1",
      "created": "2021-10-12T13:01:31.973Z",
      "modified": "2021-10-12T13:01:31.973Z",
      "first_observed": "2021-02-27T09:55:07.993Z",
      "last_observed": "2021-02-27T09:55:07.993Z",
      "objects": {
        "0": {
          "type": "x-oca-event",
          "code": 3,
          "action": "Network Connection",
          "provider": "Microsoft-Windows-Sysmon/Operational",
          "record_number": "1153723",
          "process_ref": 1,
          "network_ref": 5,
          "host_ref": 7
        },
        "1": {
          "type": "process",
          "name": "svchost.exe",
          "binary_ref": "2",
          "pid": 1728,
          "x_unique_id": "{7f07c11c-c0e4-5dcb-0000-001016e30500}",
          "opened_connection_refs": [
            "5"
          ]
        },
        "2": {
          "type": "file",
          "name": "svchost.exe",
          "parent_directory_ref": "3"
        },
        "3": {
          "type": "directory",
          "path": "C:\\Windows\\System32"
        },
        "4": {
          "type": "ipv4-addr",
          "value": "127.0.0.1"
        },
        "5": {
          "type": "network-traffic",
          "src_ref": "4",
          "dst_ref": "6",
          "protocols": [
            "udp"
          ],
          "src_port": 59656,
          "dst_port": 1900
        },
        "6": {
          "type": "ipv4-addr",
          "value": "239.255.255.250"
        },
        "7": {
          "type": "x-oca-asset",
          "hostname": "laptop156"
        }
      },
      "created_by_ref": "identity--ec822b33-d461-458b-97b6-e23950b41f72",
      "number_observed": 1
    },
    {
      "type": "observed-data",
      "id": "observed-data--ac143f70-eab0-4ce4-b2e0-dd0543804451",
      "created": "2021-10-12T13:01:31.973Z",
      "modified": "2021-10-12T13:01:31.973Z",
      "first_observed": "2021-02-27T09:55:07.993Z",
      "last_observed": "2021-02-27T09:55:07.993Z",
      "objects": {
        "0": {
          "type": "x-oca-event",
          "code": 3,
          "action": "Network Connection",
          "provider": "Microsoft-Windows-Sysmon/Operational",
          "record_number": "1153724",
          "process_ref": 1,
          "network_ref": 5,
          "host_ref": 7
        },
        "1": {
          "type": "process",
          "name": "svchost.exe",
          "binary_ref": "2",
          "pid": 1728,
          "x_unique_id": "{7f07c11c-c0e4-5dcb-0000-001016e30500}",
          "opened_connection_refs": [
            "5"
          ]
        },
        "2": {
          "type": "file",
          "name": "svchost.exe",
          "parent_directory_ref": "3"
        },
        "3": {
          "type": "directory",
          "path": "C:\\Windows\\System32"
        },
        "4": {
          "type": "ipv4-addr",
          "value": "239.255.255.250"
        },
        "5": {
          "type": "network-traffic",
          "src_ref": "4",
          "dst_ref": "6",
          "protocols": [
            "udp"
          ],
          "src_port": 1900,
          "dst_port": 59656
        },
        "6": {
          "type": "ipv4-addr",
          "value": "127.0.0.1"
        },
        "7": {
          "type": "x-oca-asset",
          "hostname": "laptop156"
        }
      },
      "created_by_ref": "identity--ec822b33-d461-458b-97b6-e23950b41f72",
      "number_observed": 1
    },
    {
      "type": "observed-data",
      "id": "observed-data--3bafccdc-972d-4115-a779-6b19605d1a50",
      "created": "2021-10-12T13:01:31.973Z",
      "modified": "2021-10-12T13:01:31.973Z",
      "first_observed": "2021-02-27T12:35:39.923Z",
      "last_observed": "2021-02-27T12:35:39.923Z",
      "objects": {
        "0": {
          "type": "x-oca-event",
          "code": 3,
          "action": "Network Connection",
          "provider": "Microsoft-Windows-Sysmon/Operational",
          "record_number": "1153725",
          "process_ref": 1,
          "network_ref": 5,
          "host_ref": 7
        },
        "1": {
          "type": "process",
          "name": "svchost.exe",
          "binary_ref": "2",
          "pid": 1728,
          "x_unique_id": "{7f07c11c-c0e4-5dcb-0000-001016e30500}",
          "opened_connection_refs": [
            "5"
          ]
        },
        "2": {
          "type": "file",
          "name": "svchost.exe",
          "parent_directory_ref": "3"
        },
        "3": {
          "type": "directory",
          "path": "C:\\Windows\\System32"
        },
        "4": {
          "type": "ipv4-addr",
          "value": "239.255.255.250"
        },
        "5": {
          "type": "network-traffic",
          "src_ref": "4",
          "dst_ref": "6",
          "protocols": [
            "udp"
          ],
          "src_port": 1900,
          "dst_port": 51266
        },
        "6": {
          "type": "ipv4-addr",
          "value": "172.16.0.100"
        },
        "7": {
          "type": "x-oca-asset",
          "hostname": "laptop156"
        }
      },
      "created_by_ref": "identity--ec822b33-d461-458b-97b6-e23950b41f72",
      "number_observed": 1
    },
    {
      "type": "observed-data",
      "id": "observed-data--f3ef2f15-d594-4a79-8a61-93fcf64bc38c",
      "created": "2021-10-12T13:01:31.973Z",
      "modified": "2021-10-12T13:01:31.973Z",
      "first_observed": "2021-02-27T13:55:03.073Z",
      "last_observed": "2021-02-27T13:55:03.073Z",
      "objects": {
        "0": {
          "type": "x-oca-event",
          "code": 3,
          "action": "Network Connection",
          "provider": "Microsoft-Windows-Sysmon/Operational",
          "record_number": "1153726",
          "process_ref": 1,
          "network_ref": 5,
          "host_ref": 7
        },
        "1": {
          "type": "process",
          "name": "svchost.exe",
          "binary_ref": "2",
          "pid": 1380,
          "x_unique_id": "{7f07c11c-c0d7-5dcb-0000-001042920400}",
          "opened_connection_refs": [
            "5"
          ]
        },
        "2": {
          "type": "file",
          "name": "svchost.exe",
          "parent_directory_ref": "3"
        },
        "3": {
          "type": "directory",
          "path": "C:\\Windows\\System32"
        },
        "4": {
          "type": "ipv4-addr",
          "value": "192.168.100.156"
        },
        "5": {
          "type": "network-traffic",
          "src_ref": "4",
          "dst_ref": "6",
          "protocols": [
            "tcp"
          ],
          "src_port": 61012,
          "dst_port": 47413
        },
        "6": {
          "type": "ipv4-addr",
          "value": "192.168.1.1"
        },
        "7": {
          "type": "x-oca-asset",
          "hostname": "laptop156"
        }
      },
      "created_by_ref": "identity--ec822b33-d461-458b-97b6-e23950b41f72",
      "number_observed": 1
    },
    {
      "type": "observed-data",
      "id": "observed-data--f2cecd9a-cd03-4582-8d7b-5a544bfdb756",
      "created": "2021-10-12T13:01:31.973Z",
      "modified": "2021-10-12T13:01:31.973Z",
      "first_observed": "2021-02-27T13:55:06.716Z",
      "last_observed": "2021-02-27T13:55:06.716Z",
      "objects": {
        "0": {
          "type": "x-oca-event",
          "code": 3,
          "action": "Network Connection",
          "provider": "Microsoft-Windows-Sysmon/Operational",
          "record_number": "1153727",
          "process_ref": 1,
          "network_ref": 5,
          "host_ref": 7
        },
        "1": {
          "type": "process",
          "name": "svchost.exe",
          "binary_ref": "2",
          "pid": 1800,
          "x_unique_id": "{7f07c11c-c0e1-5dcb-0000-00109b5b0500}",
          "opened_connection_refs": [
            "5"
          ]
        },
        "2": {
          "type": "file",
          "name": "svchost.exe",
          "parent_directory_ref": "3"
        },
        "3": {
          "type": "directory",
          "path": "C:\\Windows\\System32"
        },
        "4": {
          "type": "ipv6-addr",
          "value": "ff02:0:0:0:0:0:1:3"
        },
        "5": {
          "type": "network-traffic",
          "src_ref": "4",
          "dst_ref": "6",
          "protocols": [
            "udp"
          ],
          "src_port": 5355,
          "dst_port": 61203
        },
        "6": {
          "type": "ipv6-addr",
          "value": "fe80:0:0:0:6cba:509b:55b2:f1be"
        },
        "7": {
          "type": "x-oca-asset",
          "hostname": "laptop156"
        }
      },
      "created_by_ref": "identity--ec822b33-d461-458b-97b6-e23950b41f72",
      "number_observed": 1
    },
    {
      "type": "observed-data",
      "id": "observed-data--428906de-98eb-4845-9f15-a55517159733",
      "created": "2021-10-12T13:01:31.974Z",
      "modified": "2021-10-12T13:01:31.974Z",
      "first_observed": "2021-02-27T13:55:06.716Z",
      "last_observed": "2021-02-27T13:55:06.716Z",
      "objects": {
        "0": {
          "type": "x-oca-event",
          "code": 3,
          "action": "Network Connection",
          "provider": "Microsoft-Windows-Sysmon/Operational",
          "record_number": "1153728",
          "process_ref": 1,
          "network_ref": 5,
          "host_ref": 7
        },
        "1": {
          "type": "process",
          "name": "svchost.exe",
          "binary_ref": "2",
          "pid": 1800,
          "x_unique_id": "{7f07c11c-c0e1-5dcb-0000-00109b5b0500}",
          "opened_connection_refs": [
            "5"
          ]
        },
        "2": {
          "type": "file",
          "name": "svchost.exe",
          "parent_directory_ref": "3"
        },
        "3": {
          "type": "directory",
          "path": "C:\\Windows\\System32"
        },
        "4": {
          "type": "ipv6-addr",
          "value": "ff02:0:0:0:0:0:1:3"
        },
        "5": {
          "type": "network-traffic",
          "src_ref": "4",
          "dst_ref": "6",
          "protocols": [
            "udp"
          ],
          "src_port": 5355,
          "dst_port": 61203
        },
        "6": {
          "type": "ipv6-addr",
          "value": "fe80:0:0:0:5d67:4a8:1e69:54d8"
        },
        "7": {
          "type": "x-oca-asset",
          "hostname": "laptop156"
        }
      },
      "created_by_ref": "identity--ec822b33-d461-458b-97b6-e23950b41f72",
      "number_observed": 1
    },
    {
      "type": "observed-data",
      "id": "observed-data--f9fbc43e-5e86-49c4-be84-ae2cd68f37ef",
      "created": "2021-10-12T13:01:31.974Z",
      "modified": "2021-10-12T13:01:31.974Z",
      "first_observed": "2021-02-27T13:55:34.734Z",
      "last_observed": "2021-02-27T13:55:34.734Z",
      "objects": {
        "0": {
          "type": "x-oca-event",
          "code": 3,
          "action": "Network Connection",
          "provider": "Microsoft-Windows-Sysmon/Operational",
          "record_number": "1153729",
          "process_ref": 1,
          "network_ref": 5,
          "host_ref": 7
        },
        "1": {
          "type": "process",
          "name": "svchost.exe",
          "binary_ref": "2",
          "pid": 1800,
          "x_unique_id": "{7f07c11c-c0e1-5dcb-0000-00109b5b0500}",
          "opened_connection_refs": [
            "5"
          ]
        },
        "2": {
          "type": "file",
          "name": "svchost.exe",
          "parent_directory_ref": "3"
        },
        "3": {
          "type": "directory",
          "path": "C:\\Windows\\System32"
        },
        "4": {
          "type": "ipv6-addr",
          "value": "ff02:0:0:0:0:0:1:3"
        },
        "5": {
          "type": "network-traffic",
          "src_ref": "4",
          "dst_ref": "6",
          "protocols": [
            "udp"
          ],
          "src_port": 5355,
          "dst_port": 61203
        },
        "6": {
          "type": "ipv6-addr",
          "value": "fe80:0:0:0:44c4:b323:9802:9228"
        },
        "7": {
          "type": "x-oca-asset",
          "hostname": "laptop156"
        }
      },
      "created_by_ref": "identity--ec822b33-d461-458b-97b6-e23950b41f72",
      "number_observed": 1
    },
    {
      "type": "observed-data",
      "id": "observed-data--05cee455-b558-426e-92fd-f6c55b38662c",
      "created": "2021-10-12T13:01:31.974Z",
      "modified": "2021-10-12T13:01:31.974Z",
      "first_observed": "2021-02-27T13:55:35.015Z",
      "last_observed": "2021-02-27T13:55:35.015Z",
      "objects": {
        "0": {
          "type": "x-oca-event",
          "code": 3,
          "action": "Network Connection",
          "provider": "Microsoft-Windows-Sysmon/Operational",
          "record_number": "1153730",
          "process_ref": 1,
          "network_ref": 5,
          "host_ref": 7
        },
        "1": {
          "type": "process",
          "name": "svchost.exe",
          "binary_ref": "2",
          "pid": 1800,
          "x_unique_id": "{7f07c11c-c0e1-5dcb-0000-00109b5b0500}",
          "opened_connection_refs": [
            "5"
          ]
        },
        "2": {
          "type": "file",
          "name": "svchost.exe",
          "parent_directory_ref": "3"
        },
        "3": {
          "type": "directory",
          "path": "C:\\Windows\\System32"
        },
        "4": {
          "type": "ipv6-addr",
          "value": "ff02:0:0:0:0:0:1:3"
        },
        "5": {
          "type": "network-traffic",
          "src_ref": "4",
          "dst_ref": "6",
          "protocols": [
            "udp"
          ],
          "src_port": 5355,
          "dst_port": 61203
        },
        "6": {
          "type": "ipv6-addr",
          "value": "fe80:0:0:0:9da5:8c7f:8185:8de6"
        },
        "7": {
          "type": "x-oca-asset",
          "hostname": "laptop156"
        }
      },
      "created_by_ref": "identity--ec822b33-d461-458b-97b6-e23950b41f72",
      "number_observed": 1
    },
    {
      "type": "observed-data",
      "id": "observed-data--811bf82d-1132-4bd7-ad78-e60e8a242304",
      "created": "2021-10-12T13:01:31.974Z",
      "modified": "2021-10-12T13:01:31.974Z",
      "first_observed": "2021-02-27T13:56:50.384Z",
      "last_observed": "2021-02-27T13:56:50.384Z",
      "objects": {
        "0": {
          "type": "x-oca-event",
          "code": 3,
          "action": "Network Connection",
          "provider": "Microsoft-Windows-Sysmon/Operational",
          "record_number": "1153731",
          "process_ref": 1,
          "network_ref": 5,
          "host_ref": 7
        },
        "1": {
          "type": "process",
          "name": "svchost.exe",
          "binary_ref": "2",
          "pid": 1352,
          "x_unique_id": "{7f07c11c-c0d7-5dcb-0000-001076900400}",
          "opened_connection_refs": [
            "5"
          ]
        },
        "2": {
          "type": "file",
          "name": "svchost.exe",
          "parent_directory_ref": "3"
        },
        "3": {
          "type": "directory",
          "path": "C:\\Windows\\System32"
        },
        "4": {
          "type": "ipv4-addr",
          "value": "127.0.0.1"
        },
        "5": {
          "type": "network-traffic",
          "src_ref": "4",
          "dst_ref": "6",
          "protocols": [
            "tcp"
          ],
          "src_port": 61013,
          "dst_port": 5357
        },
        "6": {
          "type": "ipv4-addr",
          "value": "127.0.0.1"
        },
        "7": {
          "type": "x-oca-asset",
          "hostname": "laptop156"
        }
      },
      "created_by_ref": "identity--ec822b33-d461-458b-97b6-e23950b41f72",
      "number_observed": 1
    },
    {
      "type": "observed-data",
      "id": "observed-data--ea60c5d2-70b6-4f7c-9565-917f6edaa6a1",
      "created": "2021-10-12T13:01:31.975Z",
      "modified": "2021-10-12T13:01:31.975Z",
      "first_observed": "2021-02-27T13:56:50.384Z",
      "last_observed": "2021-02-27T13:56:50.384Z",
      "objects": {
        "0": {
          "type": "x-oca-event",
          "code": 3,
          "action": "Network Connection",
          "provider": "Microsoft-Windows-Sysmon/Operational",
          "record_number": "1153732",
          "process_ref": 1,
          "network_ref": 4,
          "host_ref": 6
        },
        "1": {
          "type": "process",
          "name": "System",
          "binary_ref": "2",
          "pid": 4,
          "x_unique_id": "{7f07c11c-c0b9-5dcb-0000-0010eb030000}",
          "opened_connection_refs": [
            "4"
          ]
        },
        "2": {
          "type": "file",
          "name": "System"
        },
        "3": {
          "type": "ipv4-addr",
          "value": "127.0.0.1"
        },
        "4": {
          "type": "network-traffic",
          "src_ref": "3",
          "dst_ref": "5",
          "protocols": [
            "tcp"
          ],
          "src_port": 5357,
          "dst_port": 61013
        },
        "5": {
          "type": "ipv4-addr",
          "value": "127.0.0.1"
        },
        "6": {
          "type": "x-oca-asset",
          "hostname": "laptop156"
        }
      },
      "created_by_ref": "identity--ec822b33-d461-458b-97b6-e23950b41f72",
      "number_observed": 1
    },
    {
      "type": "observed-data",
      "id": "observed-data--58297dda-f56f-477d-b01c-98e9a3de73f3",
      "created": "2021-10-12T13:01:31.975Z",
      "modified": "2021-10-12T13:01:31.975Z",
      "first_observed": "2021-02-27T13:57:48.943Z",
      "last_observed": "2021-02-27T13:57:48.943Z",
      "objects": {
        "0": {
          "type": "x-oca-event",
          "code": 3,
          "action": "Network Connection",
          "provider": "Microsoft-Windows-Sysmon/Operational",
          "record_number": "1153733",
          "process_ref": 1,
          "network_ref": 4,
          "host_ref": 6
        },
        "1": {
          "type": "process",
          "name": "System",
          "binary_ref": "2",
          "pid": 4,
          "x_unique_id": "{7f07c11c-c0b9-5dcb-0000-0010eb030000}",
          "opened_connection_refs": [
            "4"
          ]
        },
        "2": {
          "type": "file",
          "name": "System"
        },
        "3": {
          "type": "ipv6-addr",
          "value": "fe80:0:0:0:5d67:4a8:1e69:54d8"
        },
        "4": {
          "type": "network-traffic",
          "src_ref": "3",
          "dst_ref": "5",
          "protocols": [
            "tcp"
          ],
          "src_port": 5357,
          "dst_port": 58028
        },
        "5": {
          "type": "ipv6-addr",
          "value": "fe80:0:0:0:950c:ff99:129:5107"
        },
        "6": {
          "type": "x-oca-asset",
          "hostname": "laptop156"
        }
      },
      "created_by_ref": "identity--ec822b33-d461-458b-97b6-e23950b41f72",
      "number_observed": 1
    },
    {
      "type": "observed-data",
      "id": "observed-data--73224ea7-c8d1-4bf1-95c3-0a4033399505",
      "created": "2021-10-12T13:01:31.975Z",
      "modified": "2021-10-12T13:01:31.975Z",
      "first_observed": "2021-02-27T14:33:47.491Z",
      "last_observed": "2021-02-27T14:33:47.491Z",
      "objects": {
        "0": {
          "type": "x-oca-event",
          "code": 1,
          "action": "Process Creation",
          "provider": "Microsoft-Windows-Sysmon/Operational",
          "record_number": "1153734",
          "process_ref": 4,
          "parent_process_ref": "4",
          "host_ref": 8
        },
        "1": {
          "type": "process",
          "created": "2019-11-16T13:24:17.052Z",
          "name": "cmd.exe",
          "binary_ref": "2",
          "pid": 7216,
          "x_unique_id": "{7f07c11c-f881-5dcf-0000-00108c4f7e0d}",
          "command_line": "C:\\Windows\\system32\\cmd.exe /d /s /c \"wmic logicaldisk get size,freespace,caption\"",
          "parent_ref": "4",
          "creator_user_ref": "7"
        },
        "2": {
          "type": "file",
          "name": "cmd.exe",
          "parent_directory_ref": "3",
          "hashes": {
            "MD5": "AD7B9C14083B52BC532FBA5948342B98"
          }
        },
        "3": {
          "type": "directory",
          "path": "C:\\Windows\\SysWOW64"
        },
        "4": {
          "type": "process",
          "name": "WD Discovery.exe",
          "binary_ref": "5",
          "pid": 6164,
          "x_unique_id": "{7f07c11c-f5cd-5dcb-0000-00104fbbb400}",
          "command_line": "\"C:\\Program Files (x86)\\Western Digital\\Discovery\\Current\\WD Discovery.exe\" --autolaunch"
        },
        "5": {
          "type": "file",
          "name": "WD Discovery.exe",
          "parent_directory_ref": "6"
        },
        "6": {
          "type": "directory",
          "path": "C:\\Program Files (x86)\\Western Digital\\Discovery\\Current"
        },
        "7": {
          "type": "user-account",
          "account_login": "laptop156\\John"
        },
        "8": {
          "type": "x-oca-asset",
          "hostname": "laptop156"
        }
      },
      "created_by_ref": "identity--ec822b33-d461-458b-97b6-e23950b41f72",
      "number_observed": 1
    },
    {
      "type": "observed-data",
      "id": "observed-data--7d5bb68e-4dad-4e8c-b7b3-9256799cc31a",
      "created": "2021-10-12T13:01:31.976Z",
      "modified": "2021-10-12T13:01:31.976Z",
      "first_observed": "2021-02-27T14:34:12.707Z",
      "last_observed": "2021-02-27T14:34:12.707Z",
      "objects": {
        "0": {
          "type": "x-oca-event",
          "code": 1,
          "action": "Process Creation",
          "provider": "Microsoft-Windows-Sysmon/Operational",
          "record_number": "1153735",
          "process_ref": 4,
          "parent_process_ref": "4",
          "host_ref": 8
        },
        "1": {
          "type": "process",
          "created": "2019-11-16T13:24:17.142Z",
          "name": "conhost.exe",
          "binary_ref": "2",
          "pid": 4856,
          "x_unique_id": "{7f07c11c-f881-5dcf-0000-0010a1517e0d}",
          "command_line": "\\??\\C:\\Windows\\system32\\conhost.exe \"186867220-669602544-35898092724798612115370726013223852572055284548-1471287001\"",
          "parent_ref": "4",
          "creator_user_ref": "7"
        },
        "2": {
          "type": "file",
          "name": "conhost.exe",
          "parent_directory_ref": "3",
          "hashes": {
            "MD5": "3EB5F7CF5B46FC7DCFC747D2C8E3348F"
          }
        },
        "3": {
          "type": "directory",
          "path": "C:\\Windows\\System32"
        },
        "4": {
          "type": "process",
          "name": "csrss.exe",
          "binary_ref": "5",
          "pid": 3348,
          "x_unique_id": "{7f07c11c-f59e-5dcb-0000-0010aa19b100}",
          "command_line": "%SystemRoot%\\system32\\csrss.exe ObjectDirectory=\\Windows SharedSection=1024,20480,768 Windows=On SubSystemType=Windows ServerDll=basesrv,1 ServerDll=winsrv:UserServerDllInitialization,3 ServerDll=winsrv:ConServerDllInitialization,2 ServerDll=sxssrv,4 ProfileControl=Off MaxRequestThreads=16"
        },
        "5": {
          "type": "file",
          "name": "csrss.exe",
          "parent_directory_ref": "6"
        },
        "6": {
          "type": "directory",
          "path": "C:\\Windows\\System32"
        },
        "7": {
          "type": "user-account",
          "account_login": "laptop156\\John"
        },
        "8": {
          "type": "x-oca-asset",
          "hostname": "laptop156"
        }
      },
      "created_by_ref": "identity--ec822b33-d461-458b-97b6-e23950b41f72",
      "number_observed": 1
    },
    {
      "type": "observed-data",
      "id": "observed-data--48fd1d6f-1818-4edf-b044-9799d1db05e4",
      "created": "2021-10-12T13:01:31.976Z",
      "modified": "2021-10-12T13:01:31.976Z",
      "first_observed": "2021-02-27T14:34:37.924Z",
      "last_observed": "2021-02-27T14:34:37.924Z",
      "objects": {
        "0": {
          "type": "x-oca-event",
          "code": 1,
          "action": "Process Creation",
          "provider": "Microsoft-Windows-Sysmon/Operational",
          "record_number": "1153736",
          "process_ref": 4,
          "parent_process_ref": "4",
          "host_ref": 8
        },
        "1": {
          "type": "process",
          "created": "2019-11-16T13:24:17.232Z",
          "name": "WMIC.exe",
          "binary_ref": "2",
          "pid": 11692,
          "x_unique_id": "{7f07c11c-f881-5dcf-0000-00107c547e0d}",
          "command_line": "wmic  logicaldisk get size,freespace,caption",
          "parent_ref": "4",
          "creator_user_ref": "7"
        },
        "2": {
          "type": "file",
          "name": "WMIC.exe",
          "parent_directory_ref": "3",
          "hashes": {
            "MD5": "A03CF3838775E0801A0894C8BACD2E56"
          }
        },
        "3": {
          "type": "directory",
          "path": "C:\\Windows\\SysWOW64\\wbem"
        },
        "4": {
          "type": "process",
          "name": "cmd.exe",
          "binary_ref": "5",
          "pid": 7216,
          "x_unique_id": "{7f07c11c-f881-5dcf-0000-00108c4f7e0d}",
          "command_line": "C:\\Windows\\system32\\cmd.exe /d /s /c \"wmic logicaldisk get size,freespace,caption\""
        },
        "5": {
          "type": "file",
          "name": "cmd.exe",
          "parent_directory_ref": "6"
        },
        "6": {
          "type": "directory",
          "path": "C:\\Windows\\SysWOW64"
        },
        "7": {
          "type": "user-account",
          "account_login": "laptop156\\John"
        },
        "8": {
          "type": "x-oca-asset",
          "hostname": "laptop156"
        }
      },
      "created_by_ref": "identity--ec822b33-d461-458b-97b6-e23950b41f72",
      "number_observed": 1
    },
    {
      "type": "observed-data",
      "id": "observed-data--e6a076f8-9d45-4c66-8a7d-85e71830119d",
      "created": "2021-10-12T13:01:31.976Z",
      "modified": "2021-10-12T13:01:31.976Z",
      "first_observed": "2021-02-27T14:07:02.870Z",
      "last_observed": "2021-02-27T14:07:02.870Z",
      "objects": {
        "0": {
          "type": "x-oca-event",
          "code": 3,
          "action": "Network Connection",
          "provider": "Microsoft-Windows-Sysmon/Operational",
          "record_number": "1153737",
          "process_ref": 1,
          "network_ref": 5,
          "host_ref": 7
        },
        "1": {
          "type": "process",
          "name": "wdsync-inotify.exe",
          "binary_ref": "2",
          "pid": 7416,
          "x_unique_id": "{7f07c11c-f61d-5dcb-0000-0010c219be00}",
          "opened_connection_refs": [
            "5"
          ]
        },
        "2": {
          "type": "file",
          "name": "wdsync-inotify.exe",
          "parent_directory_ref": "3"
        },
        "3": {
          "type": "directory",
          "path": "C:\\Program Files\\WD Desktop App"
        },
        "4": {
          "type": "ipv4-addr",
          "value": "127.0.0.1"
        },
        "5": {
          "type": "network-traffic",
          "src_ref": "4",
          "dst_ref": "6",
          "protocols": [
            "tcp"
          ],
          "src_port": 61014,
          "dst_port": 8384
        },
        "6": {
          "type": "ipv4-addr",
          "value": "127.0.0.1"
        },
        "7": {
          "type": "x-oca-asset",
          "hostname": "laptop156"
        }
      },
      "created_by_ref": "identity--ec822b33-d461-458b-97b6-e23950b41f72",
      "number_observed": 1
    },
    {
      "type": "observed-data",
      "id": "observed-data--67c6acf6-e571-4f15-b63b-6b6b94ced1a6",
      "created": "2021-10-12T13:01:31.977Z",
      "modified": "2021-10-12T13:01:31.977Z",
      "first_observed": "2021-02-27T14:35:39.004Z",
      "last_observed": "2021-02-27T14:35:39.004Z",
      "objects": {
        "0": {
          "type": "x-oca-event",
          "code": 5,
          "action": "Process Terminated",
          "provider": "Microsoft-Windows-Sysmon/Operational",
          "record_number": "1153738",
          "process_ref": 1,
          "host_ref": 4
        },
        "1": {
          "type": "process",
          "name": "WMIC.exe",
          "binary_ref": "2",
          "pid": 11692,
          "x_unique_id": "{7f07c11c-f881-5dcf-0000-00107c547e0d}"
        },
        "2": {
          "type": "file",
          "name": "WMIC.exe",
          "parent_directory_ref": "3"
        },
        "3": {
          "type": "directory",
          "path": "C:\\Windows\\SysWOW64\\wbem"
        },
        "4": {
          "type": "x-oca-asset",
          "hostname": "laptop156"
        }
      },
      "created_by_ref": "identity--ec822b33-d461-458b-97b6-e23950b41f72",
      "number_observed": 1
    },
