    {
      "type": "observed-data",
      "id": "observed-data--24a336b0-56d0-4ff6-97d1-cb7f0e5bc66f",
      "created": "2021-10-12T13:01:31.934Z",
      "modified": "2021-10-12T13:01:31.934Z",
      "first_observed": "2021-02-26T11:53:30.510Z",
      "last_observed": "2021-02-26T11:53:30.510Z",
      "objects": {
        "0": {
          "type": "x-oca-event",
          "code": 3,
          "action": "Network Connection",
          "provider": "Microsoft-Windows-Sysmon/Operational",
          "record_number": "1153569",
          "process_ref": 1,
          "network_ref": 5,
          "host_ref": 7
        },
        "1": {
          "type": "process",
          "name": "svchost.exe",
          "binary_ref": "2",
          "pid": 1800,
          "x_unique_id": "{7f07c11c-c0e1-5dcb-0000-00109b5b0500}",
          "opened_connection_refs": [
            "5"
          ]
        },
        "2": {
          "type": "file",
          "name": "svchost.exe",
          "parent_directory_ref": "3"
        },
        "3": {
          "type": "directory",
          "path": "C:\\Windows\\System32"
        },
        "4": {
          "type": "ipv6-addr",
          "value": "ff02:0:0:0:0:0:1:3"
        },
        "5": {
          "type": "network-traffic",
          "src_ref": "4",
          "dst_ref": "6",
          "protocols": [
            "udp"
          ],
          "src_port": 5355,
          "dst_port": 59157
        },
        "6": {
          "type": "ipv6-addr",
          "value": "fe80:0:0:0:5d67:4a8:1e69:54d8"
        },
        "7": {
          "type": "x-oca-asset",
          "hostname": "laptop156"
        }
      },
      "created_by_ref": "identity--ec822b33-d461-458b-97b6-e23950b41f72",
      "number_observed": 1
    },
    {
      "type": "observed-data",
      "id": "observed-data--bbfff4ca-753c-47f1-89fb-e2c85ed2a22b",
      "created": "2021-10-12T13:01:31.934Z",
      "modified": "2021-10-12T13:01:31.934Z",
      "first_observed": "2021-02-26T11:53:58.528Z",
      "last_observed": "2021-02-26T11:53:58.528Z",
      "objects": {
        "0": {
          "type": "x-oca-event",
          "code": 3,
          "action": "Network Connection",
          "provider": "Microsoft-Windows-Sysmon/Operational",
          "record_number": "1153570",
          "process_ref": 1,
          "network_ref": 5,
          "host_ref": 7
        },
        "1": {
          "type": "process",
          "name": "svchost.exe",
          "binary_ref": "2",
          "pid": 1800,
          "x_unique_id": "{7f07c11c-c0e1-5dcb-0000-00109b5b0500}",
          "opened_connection_refs": [
            "5"
          ]
        },
        "2": {
          "type": "file",
          "name": "svchost.exe",
          "parent_directory_ref": "3"
        },
        "3": {
          "type": "directory",
          "path": "C:\\Windows\\System32"
        },
        "4": {
          "type": "ipv6-addr",
          "value": "ff02:0:0:0:0:0:1:3"
        },
        "5": {
          "type": "network-traffic",
          "src_ref": "4",
          "dst_ref": "6",
          "protocols": [
            "udp"
          ],
          "src_port": 5355,
          "dst_port": 59157
        },
        "6": {
          "type": "ipv6-addr",
          "value": "fe80:0:0:0:44c4:b323:9802:9228"
        },
        "7": {
          "type": "x-oca-asset",
          "hostname": "laptop156"
        }
      },
      "created_by_ref": "identity--ec822b33-d461-458b-97b6-e23950b41f72",
      "number_observed": 1
    },
    {
      "type": "observed-data",
      "id": "observed-data--4ab400d7-b099-4548-9118-541ea560e381",
      "created": "2021-10-12T13:01:31.934Z",
      "modified": "2021-10-12T13:01:31.934Z",
      "first_observed": "2021-02-26T11:53:58.528Z",
      "last_observed": "2021-02-26T11:53:58.528Z",
      "objects": {
        "0": {
          "type": "x-oca-event",
          "code": 3,
          "action": "Network Connection",
          "provider": "Microsoft-Windows-Sysmon/Operational",
          "record_number": "1153571",
          "process_ref": 1,
          "network_ref": 5,
          "host_ref": 7
        },
        "1": {
          "type": "process",
          "name": "svchost.exe",
          "binary_ref": "2",
          "pid": 1800,
          "x_unique_id": "{7f07c11c-c0e1-5dcb-0000-00109b5b0500}",
          "opened_connection_refs": [
            "5"
          ]
        },
        "2": {
          "type": "file",
          "name": "svchost.exe",
          "parent_directory_ref": "3"
        },
        "3": {
          "type": "directory",
          "path": "C:\\Windows\\System32"
        },
        "4": {
          "type": "ipv6-addr",
          "value": "ff02:0:0:0:0:0:1:3"
        },
        "5": {
          "type": "network-traffic",
          "src_ref": "4",
          "dst_ref": "6",
          "protocols": [
            "udp"
          ],
          "src_port": 5355,
          "dst_port": 59157
        },
        "6": {
          "type": "ipv6-addr",
          "value": "fe80:0:0:0:9da5:8c7f:8185:8de6"
        },
        "7": {
          "type": "x-oca-asset",
          "hostname": "laptop156"
        }
      },
      "created_by_ref": "identity--ec822b33-d461-458b-97b6-e23950b41f72",
      "number_observed": 1
    },
    {
      "type": "observed-data",
      "id": "observed-data--091fcf3a-2df9-4a4a-9f52-4b6b8579f110",
      "created": "2021-10-12T13:01:31.934Z",
      "modified": "2021-10-12T13:01:31.934Z",
      "first_observed": "2021-02-26T11:59:06.732Z",
      "last_observed": "2021-02-26T11:59:06.732Z",
      "objects": {
        "0": {
          "type": "x-oca-event",
          "code": 3,
          "action": "Network Connection",
          "provider": "Microsoft-Windows-Sysmon/Operational",
          "record_number": "1153572",
          "process_ref": 1,
          "network_ref": 5,
          "host_ref": 7
        },
        "1": {
          "type": "process",
          "name": "svchost.exe",
          "binary_ref": "2",
          "pid": 1352,
          "x_unique_id": "{7f07c11c-c0d7-5dcb-0000-001076900400}",
          "opened_connection_refs": [
            "5"
          ]
        },
        "2": {
          "type": "file",
          "name": "svchost.exe",
          "parent_directory_ref": "3"
        },
        "3": {
          "type": "directory",
          "path": "C:\\Windows\\System32"
        },
        "4": {
          "type": "ipv4-addr",
          "value": "127.0.0.1"
        },
        "5": {
          "type": "network-traffic",
          "src_ref": "4",
          "dst_ref": "6",
          "protocols": [
            "tcp"
          ],
          "src_port": 60978,
          "dst_port": 5357
        },
        "6": {
          "type": "ipv4-addr",
          "value": "127.0.0.1"
        },
        "7": {
          "type": "x-oca-asset",
          "hostname": "laptop156"
        }
      },
      "created_by_ref": "identity--ec822b33-d461-458b-97b6-e23950b41f72",
      "number_observed": 1
    },
    {
      "type": "observed-data",
      "id": "observed-data--5dba4a53-7184-4837-b00e-4dd07978cd2d",
      "created": "2021-10-12T13:01:31.935Z",
      "modified": "2021-10-12T13:01:31.935Z",
      "first_observed": "2021-02-26T11:59:06.732Z",
      "last_observed": "2021-02-26T11:59:06.732Z",
      "objects": {
        "0": {
          "type": "x-oca-event",
          "code": 3,
          "action": "Network Connection",
          "provider": "Microsoft-Windows-Sysmon/Operational",
          "record_number": "1153573",
          "process_ref": 1,
          "network_ref": 4,
          "host_ref": 6
        },
        "1": {
          "type": "process",
          "name": "System",
          "binary_ref": "2",
          "pid": 4,
          "x_unique_id": "{7f07c11c-c0b9-5dcb-0000-0010eb030000}",
          "opened_connection_refs": [
            "4"
          ]
        },
        "2": {
          "type": "file",
          "name": "System"
        },
        "3": {
          "type": "ipv4-addr",
          "value": "127.0.0.1"
        },
        "4": {
          "type": "network-traffic",
          "src_ref": "3",
          "dst_ref": "5",
          "protocols": [
            "tcp"
          ],
          "src_port": 5357,
          "dst_port": 60978
        },
        "5": {
          "type": "ipv4-addr",
          "value": "127.0.0.1"
        },
        "6": {
          "type": "x-oca-asset",
          "hostname": "laptop156"
        }
      },
      "created_by_ref": "identity--ec822b33-d461-458b-97b6-e23950b41f72",
      "number_observed": 1
    },
    {
      "type": "observed-data",
      "id": "observed-data--c26bcfe3-367d-4f82-a833-f96f35201dda",
      "created": "2021-10-12T13:01:31.935Z",
      "modified": "2021-10-12T13:01:31.935Z",
      "first_observed": "2021-02-26T11:59:25.784Z",
      "last_observed": "2021-02-26T11:59:25.784Z",
      "objects": {
        "0": {
          "type": "x-oca-event",
          "code": 3,
          "action": "Network Connection",
          "provider": "Microsoft-Windows-Sysmon/Operational",
          "record_number": "1153574",
          "process_ref": 1,
          "network_ref": 4,
          "host_ref": 6
        },
        "1": {
          "type": "process",
          "name": "System",
          "binary_ref": "2",
          "pid": 4,
          "x_unique_id": "{7f07c11c-c0b9-5dcb-0000-0010eb030000}",
          "opened_connection_refs": [
            "4"
          ]
        },
        "2": {
          "type": "file",
          "name": "System"
        },
        "3": {
          "type": "ipv6-addr",
          "value": "fe80:0:0:0:5d67:4a8:1e69:54d8"
        },
        "4": {
          "type": "network-traffic",
          "src_ref": "3",
          "dst_ref": "5",
          "protocols": [
            "tcp"
          ],
          "src_port": 5357,
          "dst_port": 57856
        },
        "5": {
          "type": "ipv6-addr",
          "value": "fe80:0:0:0:950c:ff99:129:5107"
        },
        "6": {
          "type": "x-oca-asset",
          "hostname": "laptop156"
        }
      },
      "created_by_ref": "identity--ec822b33-d461-458b-97b6-e23950b41f72",
      "number_observed": 1
    },
    {
      "type": "observed-data",
      "id": "observed-data--41597dca-e44d-44a5-9c0e-7e215d1f9c40",
      "created": "2021-10-12T13:01:31.935Z",
      "modified": "2021-10-12T13:01:31.935Z",
      "first_observed": "2021-02-26T12:39:07.360Z",
      "last_observed": "2021-02-26T12:39:07.360Z",
      "objects": {
        "0": {
          "type": "x-oca-event",
          "code": 3,
          "action": "Network Connection",
          "provider": "Microsoft-Windows-Sysmon/Operational",
          "record_number": "1153575",
          "process_ref": 1,
          "network_ref": 5,
          "host_ref": 7
        },
        "1": {
          "type": "process",
          "name": "svchost.exe",
          "binary_ref": "2",
          "pid": 1728,
          "x_unique_id": "{7f07c11c-c0e4-5dcb-0000-001016e30500}",
          "opened_connection_refs": [
            "5"
          ]
        },
        "2": {
          "type": "file",
          "name": "svchost.exe",
          "parent_directory_ref": "3"
        },
        "3": {
          "type": "directory",
          "path": "C:\\Windows\\System32"
        },
        "4": {
          "type": "ipv4-addr",
          "value": "239.255.255.250"
        },
        "5": {
          "type": "network-traffic",
          "src_ref": "4",
          "dst_ref": "6",
          "protocols": [
            "udp"
          ],
          "src_port": 1900,
          "dst_port": 58229
        },
        "6": {
          "type": "ipv4-addr",
          "value": "172.16.0.100"
        },
        "7": {
          "type": "x-oca-asset",
          "hostname": "laptop156"
        }
      },
      "created_by_ref": "identity--ec822b33-d461-458b-97b6-e23950b41f72",
      "number_observed": 1
    },
    {
      "type": "observed-data",
      "id": "observed-data--1e5db129-6925-4bf4-9964-344b72e5bf1f",
      "created": "2021-10-12T13:01:31.935Z",
      "modified": "2021-10-12T13:01:31.935Z",
      "first_observed": "2021-02-26T13:06:03.468Z",
      "last_observed": "2021-02-26T13:06:03.468Z",
      "objects": {
        "0": {
          "type": "x-oca-event",
          "code": 3,
          "action": "Network Connection",
          "provider": "Microsoft-Windows-Sysmon/Operational",
          "record_number": "1153576",
          "process_ref": 1,
          "network_ref": 5,
          "host_ref": 7
        },
        "1": {
          "type": "process",
          "name": "svchost.exe",
          "binary_ref": "2",
          "pid": 1800,
          "x_unique_id": "{7f07c11c-c0e1-5dcb-0000-00109b5b0500}",
          "opened_connection_refs": [
            "5"
          ]
        },
        "2": {
          "type": "file",
          "name": "svchost.exe",
          "parent_directory_ref": "3"
        },
        "3": {
          "type": "directory",
          "path": "C:\\Windows\\System32"
        },
        "4": {
          "type": "ipv6-addr",
          "value": "ff02:0:0:0:0:0:1:3"
        },
        "5": {
          "type": "network-traffic",
          "src_ref": "4",
          "dst_ref": "6",
          "protocols": [
            "udp"
          ],
          "src_port": 5355,
          "dst_port": 60708
        },
        "6": {
          "type": "ipv6-addr",
          "value": "fe80:0:0:0:6cba:509b:55b2:f1be"
        },
        "7": {
          "type": "x-oca-asset",
          "hostname": "laptop156"
        }
      },
      "created_by_ref": "identity--ec822b33-d461-458b-97b6-e23950b41f72",
      "number_observed": 1
    },
    {
      "type": "observed-data",
      "id": "observed-data--bcc5a5d8-5b68-4bc7-b0f6-48ed7b73b648",
      "created": "2021-10-12T13:01:31.936Z",
      "modified": "2021-10-12T13:01:31.936Z",
      "first_observed": "2021-02-26T13:06:03.468Z",
      "last_observed": "2021-02-26T13:06:03.468Z",
      "objects": {
        "0": {
          "type": "x-oca-event",
          "code": 3,
          "action": "Network Connection",
          "provider": "Microsoft-Windows-Sysmon/Operational",
          "record_number": "1153577",
          "process_ref": 1,
          "network_ref": 5,
          "host_ref": 7
        },
        "1": {
          "type": "process",
          "name": "svchost.exe",
          "binary_ref": "2",
          "pid": 1800,
          "x_unique_id": "{7f07c11c-c0e1-5dcb-0000-00109b5b0500}",
          "opened_connection_refs": [
            "5"
          ]
        },
        "2": {
          "type": "file",
          "name": "svchost.exe",
          "parent_directory_ref": "3"
        },
        "3": {
          "type": "directory",
          "path": "C:\\Windows\\System32"
        },
        "4": {
          "type": "ipv6-addr",
          "value": "ff02:0:0:0:0:0:1:3"
        },
        "5": {
          "type": "network-traffic",
          "src_ref": "4",
          "dst_ref": "6",
          "protocols": [
            "udp"
          ],
          "src_port": 5355,
          "dst_port": 60708
        },
        "6": {
          "type": "ipv6-addr",
          "value": "fe80:0:0:0:5d67:4a8:1e69:54d8"
        },
        "7": {
          "type": "x-oca-asset",
          "hostname": "laptop156"
        }
      },
      "created_by_ref": "identity--ec822b33-d461-458b-97b6-e23950b41f72",
      "number_observed": 1
    },
    {
      "type": "observed-data",
      "id": "observed-data--5cdcd285-03bc-4ee5-b212-808402a59e4b",
      "created": "2021-10-12T13:01:31.936Z",
      "modified": "2021-10-12T13:01:31.936Z",
      "first_observed": "2021-02-26T13:06:06.270Z",
      "last_observed": "2021-02-26T13:06:06.270Z",
      "objects": {
        "0": {
          "type": "x-oca-event",
          "code": 3,
          "action": "Network Connection",
          "provider": "Microsoft-Windows-Sysmon/Operational",
          "record_number": "1153578",
          "process_ref": 1,
          "network_ref": 5,
          "host_ref": 7
        },
        "1": {
          "type": "process",
          "name": "svchost.exe",
          "binary_ref": "2",
          "pid": 1380,
          "x_unique_id": "{7f07c11c-c0d7-5dcb-0000-001042920400}",
          "opened_connection_refs": [
            "5"
          ]
        },
        "2": {
          "type": "file",
          "name": "svchost.exe",
          "parent_directory_ref": "3"
        },
        "3": {
          "type": "directory",
          "path": "C:\\Windows\\System32"
        },
        "4": {
          "type": "ipv4-addr",
          "value": "192.168.100.156"
        },
        "5": {
          "type": "network-traffic",
          "src_ref": "4",
          "dst_ref": "6",
          "protocols": [
            "tcp"
          ],
          "src_port": 60979,
          "dst_port": 47413
        },
        "6": {
          "type": "ipv4-addr",
          "value": "192.168.1.1"
        },
        "7": {
          "type": "x-oca-asset",
          "hostname": "laptop156"
        }
      },
      "created_by_ref": "identity--ec822b33-d461-458b-97b6-e23950b41f72",
      "number_observed": 1
    },
    {
      "type": "observed-data",
      "id": "observed-data--013eded5-540f-4316-b5a6-07d72f52e23a",
      "created": "2021-10-12T13:01:31.936Z",
      "modified": "2021-10-12T13:01:31.936Z",
      "first_observed": "2021-02-26T13:06:06.270Z",
      "last_observed": "2021-02-26T13:06:06.270Z",
      "objects": {
        "0": {
          "type": "x-oca-event",
          "code": 3,
          "action": "Network Connection",
          "provider": "Microsoft-Windows-Sysmon/Operational",
          "record_number": "1153579",
          "process_ref": 1,
          "network_ref": 5,
          "host_ref": 7
        },
        "1": {
          "type": "process",
          "name": "svchost.exe",
          "binary_ref": "2",
          "pid": 1288,
          "x_unique_id": "{7f07c11c-c0d7-5dcb-0000-00100e8b0400}",
          "opened_connection_refs": [
            "5"
          ]
        },
        "2": {
          "type": "file",
          "name": "svchost.exe",
          "parent_directory_ref": "3"
        },
        "3": {
          "type": "directory",
          "path": "C:\\Windows\\System32"
        },
        "4": {
          "type": "ipv6-addr",
          "value": "ff02:0:0:0:0:0:1:2"
        },
        "5": {
          "type": "network-traffic",
          "src_ref": "4",
          "dst_ref": "6",
          "protocols": [
            "udp"
          ],
          "src_port": 547,
          "dst_port": 546
        },
        "6": {
          "type": "ipv6-addr",
          "value": "fe80:0:0:0:2418:3100:3f57:fe63"
        },
        "7": {
          "type": "x-oca-asset",
          "hostname": "laptop156"
        }
      },
      "created_by_ref": "identity--ec822b33-d461-458b-97b6-e23950b41f72",
      "number_observed": 1
    },
    {
      "type": "observed-data",
      "id": "observed-data--4f812be3-a4ba-4027-aa77-9d48c72efe3d",
      "created": "2021-10-12T13:01:31.936Z",
      "modified": "2021-10-12T13:01:31.936Z",
      "first_observed": "2021-02-26T13:06:31.487Z",
      "last_observed": "2021-02-26T13:06:31.487Z",
      "objects": {
        "0": {
          "type": "x-oca-event",
          "code": 3,
          "action": "Network Connection",
          "provider": "Microsoft-Windows-Sysmon/Operational",
          "record_number": "1153580",
          "process_ref": 1,
          "network_ref": 5,
          "host_ref": 7
        },
        "1": {
          "type": "process",
          "name": "svchost.exe",
          "binary_ref": "2",
          "pid": 1800,
          "x_unique_id": "{7f07c11c-c0e1-5dcb-0000-00109b5b0500}",
          "opened_connection_refs": [
            "5"
          ]
        },
        "2": {
          "type": "file",
          "name": "svchost.exe",
          "parent_directory_ref": "3"
        },
        "3": {
          "type": "directory",
          "path": "C:\\Windows\\System32"
        },
        "4": {
          "type": "ipv6-addr",
          "value": "ff02:0:0:0:0:0:1:3"
        },
        "5": {
          "type": "network-traffic",
          "src_ref": "4",
          "dst_ref": "6",
          "protocols": [
            "udp"
          ],
          "src_port": 5355,
          "dst_port": 60708
        },
        "6": {
          "type": "ipv6-addr",
          "value": "fe80:0:0:0:44c4:b323:9802:9228"
        },
        "7": {
          "type": "x-oca-asset",
          "hostname": "laptop156"
        }
      },
      "created_by_ref": "identity--ec822b33-d461-458b-97b6-e23950b41f72",
      "number_observed": 1
    },
    {
      "type": "observed-data",
      "id": "observed-data--1e60f2e2-a4d3-4ecf-a3f9-0a225b180c15",
      "created": "2021-10-12T13:01:31.937Z",
      "modified": "2021-10-12T13:01:31.937Z",
      "first_observed": "2021-02-26T13:06:31.487Z",
      "last_observed": "2021-02-26T13:06:31.487Z",
      "objects": {
        "0": {
          "type": "x-oca-event",
          "code": 3,
          "action": "Network Connection",
          "provider": "Microsoft-Windows-Sysmon/Operational",
          "record_number": "1153581",
          "process_ref": 1,
          "network_ref": 5,
          "host_ref": 7
        },
        "1": {
          "type": "process",
          "name": "svchost.exe",
          "binary_ref": "2",
          "pid": 1800,
          "x_unique_id": "{7f07c11c-c0e1-5dcb-0000-00109b5b0500}",
          "opened_connection_refs": [
            "5"
          ]
        },
        "2": {
          "type": "file",
          "name": "svchost.exe",
          "parent_directory_ref": "3"
        },
        "3": {
          "type": "directory",
          "path": "C:\\Windows\\System32"
        },
        "4": {
          "type": "ipv6-addr",
          "value": "ff02:0:0:0:0:0:1:3"
        },
        "5": {
          "type": "network-traffic",
          "src_ref": "4",
          "dst_ref": "6",
          "protocols": [
            "udp"
          ],
          "src_port": 5355,
          "dst_port": 60708
        },
        "6": {
          "type": "ipv6-addr",
          "value": "fe80:0:0:0:9da5:8c7f:8185:8de6"
        },
        "7": {
          "type": "x-oca-asset",
          "hostname": "laptop156"
        }
      },
      "created_by_ref": "identity--ec822b33-d461-458b-97b6-e23950b41f72",
      "number_observed": 1
    },
    {
      "type": "observed-data",
      "id": "observed-data--8ddc3643-f2a6-410c-8dc2-ff6570b4ff33",
      "created": "2021-10-12T13:01:31.937Z",
      "modified": "2021-10-12T13:01:31.937Z",
      "first_observed": "2021-02-26T13:06:51.660Z",
      "last_observed": "2021-02-26T13:06:51.660Z",
      "objects": {
        "0": {
          "type": "x-oca-event",
          "code": 3,
          "action": "Network Connection",
          "provider": "Microsoft-Windows-Sysmon/Operational",
          "record_number": "1153582",
          "process_ref": 1,
          "network_ref": 5,
          "host_ref": 7
        },
        "1": {
          "type": "process",
          "name": "svchost.exe",
          "binary_ref": "2",
          "pid": 1380,
          "x_unique_id": "{7f07c11c-c0d7-5dcb-0000-001042920400}",
          "opened_connection_refs": [
            "5"
          ]
        },
        "2": {
          "type": "file",
          "name": "svchost.exe",
          "parent_directory_ref": "3"
        },
        "3": {
          "type": "directory",
          "path": "C:\\Windows\\System32"
        },
        "4": {
          "type": "ipv4-addr",
          "value": "192.168.100.156"
        },
        "5": {
          "type": "network-traffic",
          "src_ref": "4",
          "dst_ref": "6",
          "protocols": [
            "tcp"
          ],
          "src_port": 60980,
          "dst_port": 47413
        },
        "6": {
          "type": "ipv4-addr",
          "value": "192.168.1.1"
        },
        "7": {
          "type": "x-oca-asset",
          "hostname": "laptop156"
        }
      },
      "created_by_ref": "identity--ec822b33-d461-458b-97b6-e23950b41f72",
      "number_observed": 1
    },
    {
      "type": "observed-data",
      "id": "observed-data--05f2828d-0a73-49bb-9a8b-c28e42f8f489",
      "created": "2021-10-12T13:01:31.937Z",
      "modified": "2021-10-12T13:01:31.937Z",
      "first_observed": "2021-02-26T13:06:55.583Z",
      "last_observed": "2021-02-26T13:06:55.583Z",
      "objects": {
        "0": {
          "type": "x-oca-event",
          "code": 3,
          "action": "Network Connection",
          "provider": "Microsoft-Windows-Sysmon/Operational",
          "record_number": "1153583",
          "process_ref": 1,
          "network_ref": 5,
          "host_ref": 7
        },
        "1": {
          "type": "process",
          "name": "svchost.exe",
          "binary_ref": "2",
          "pid": 1380,
          "x_unique_id": "{7f07c11c-c0d7-5dcb-0000-001042920400}",
          "opened_connection_refs": [
            "5"
          ]
        },
        "2": {
          "type": "file",
          "name": "svchost.exe",
          "parent_directory_ref": "3"
        },
        "3": {
          "type": "directory",
          "path": "C:\\Windows\\System32"
        },
        "4": {
          "type": "ipv4-addr",
          "value": "192.168.100.156"
        },
        "5": {
          "type": "network-traffic",
          "src_ref": "4",
          "dst_ref": "6",
          "protocols": [
            "tcp"
          ],
          "src_port": 60981,
          "dst_port": 47413
        },
        "6": {
          "type": "ipv4-addr",
          "value": "192.168.1.1"
        },
        "7": {
          "type": "x-oca-asset",
          "hostname": "laptop156"
        }
      },
      "created_by_ref": "identity--ec822b33-d461-458b-97b6-e23950b41f72",
      "number_observed": 1
    },
    {
      "type": "observed-data",
      "id": "observed-data--5f939250-c1d6-4fd9-85f5-8a72d35f0e0e",
      "created": "2021-10-12T13:01:31.937Z",
      "modified": "2021-10-12T13:01:31.937Z",
      "first_observed": "2021-02-26T13:08:27.203Z",
      "last_observed": "2021-02-26T13:08:27.203Z",
      "objects": {
        "0": {
          "type": "x-oca-event",
          "code": 3,
          "action": "Network Connection",
          "provider": "Microsoft-Windows-Sysmon/Operational",
          "record_number": "1153584",
          "process_ref": 1,
          "network_ref": 5,
          "host_ref": 7
        },
        "1": {
          "type": "process",
          "name": "svchost.exe",
          "binary_ref": "2",
          "pid": 1800,
          "x_unique_id": "{7f07c11c-c0e1-5dcb-0000-00109b5b0500}",
          "opened_connection_refs": [
            "5"
          ]
        },
        "2": {
          "type": "file",
          "name": "svchost.exe",
          "parent_directory_ref": "3"
        },
        "3": {
          "type": "directory",
          "path": "C:\\Windows\\System32"
        },
        "4": {
          "type": "ipv6-addr",
          "value": "ff02:0:0:0:0:0:1:3"
        },
        "5": {
          "type": "network-traffic",
          "src_ref": "4",
          "dst_ref": "6",
          "protocols": [
            "udp"
          ],
          "src_port": 5355,
          "dst_port": 49698
        },
        "6": {
          "type": "ipv6-addr",
          "value": "fe80:0:0:0:6cba:509b:55b2:f1be"
        },
        "7": {
          "type": "x-oca-asset",
          "hostname": "laptop156"
        }
      },
      "created_by_ref": "identity--ec822b33-d461-458b-97b6-e23950b41f72",
      "number_observed": 1
    },
    {
      "type": "observed-data",
      "id": "observed-data--6572868d-bc74-4a79-9db5-01ca2394943b",
      "created": "2021-10-12T13:01:31.938Z",
      "modified": "2021-10-12T13:01:31.938Z",
      "first_observed": "2021-02-26T13:08:27.484Z",
      "last_observed": "2021-02-26T13:08:27.484Z",
      "objects": {
        "0": {
          "type": "x-oca-event",
          "code": 3,
          "action": "Network Connection",
          "provider": "Microsoft-Windows-Sysmon/Operational",
          "record_number": "1153585",
          "process_ref": 1,
          "network_ref": 5,
          "host_ref": 7
        },
        "1": {
          "type": "process",
          "name": "svchost.exe",
          "binary_ref": "2",
          "pid": 1800,
          "x_unique_id": "{7f07c11c-c0e1-5dcb-0000-00109b5b0500}",
          "opened_connection_refs": [
            "5"
          ]
        },
        "2": {
          "type": "file",
          "name": "svchost.exe",
          "parent_directory_ref": "3"
        },
        "3": {
          "type": "directory",
          "path": "C:\\Windows\\System32"
        },
        "4": {
          "type": "ipv6-addr",
          "value": "ff02:0:0:0:0:0:1:3"
        },
        "5": {
          "type": "network-traffic",
          "src_ref": "4",
          "dst_ref": "6",
          "protocols": [
            "udp"
          ],
          "src_port": 5355,
          "dst_port": 49698
        },
        "6": {
          "type": "ipv6-addr",
          "value": "fe80:0:0:0:5d67:4a8:1e69:54d8"
        },
        "7": {
          "type": "x-oca-asset",
          "hostname": "laptop156"
        }
      },
      "created_by_ref": "identity--ec822b33-d461-458b-97b6-e23950b41f72",
      "number_observed": 1
    },
    {
      "type": "observed-data",
      "id": "observed-data--88b39299-9998-4b54-b5e7-79e7af46eceb",
      "created": "2021-10-12T13:01:31.938Z",
      "modified": "2021-10-12T13:01:31.938Z",
      "first_observed": "2021-02-26T13:08:55.502Z",
      "last_observed": "2021-02-26T13:08:55.502Z",
      "objects": {
        "0": {
          "type": "x-oca-event",
          "code": 3,
          "action": "Network Connection",
          "provider": "Microsoft-Windows-Sysmon/Operational",
          "record_number": "1153586",
          "process_ref": 1,
          "network_ref": 5,
          "host_ref": 7
        },
        "1": {
          "type": "process",
          "name": "svchost.exe",
          "binary_ref": "2",
          "pid": 1800,
          "x_unique_id": "{7f07c11c-c0e1-5dcb-0000-00109b5b0500}",
          "opened_connection_refs": [
            "5"
          ]
        },
        "2": {
          "type": "file",
          "name": "svchost.exe",
          "parent_directory_ref": "3"
        },
        "3": {
          "type": "directory",
          "path": "C:\\Windows\\System32"
        },
        "4": {
          "type": "ipv6-addr",
          "value": "ff02:0:0:0:0:0:1:3"
        },
        "5": {
          "type": "network-traffic",
          "src_ref": "4",
          "dst_ref": "6",
          "protocols": [
            "udp"
          ],
          "src_port": 5355,
          "dst_port": 49698
        },
        "6": {
          "type": "ipv6-addr",
          "value": "fe80:0:0:0:44c4:b323:9802:9228"
        },
        "7": {
          "type": "x-oca-asset",
          "hostname": "laptop156"
        }
      },
      "created_by_ref": "identity--ec822b33-d461-458b-97b6-e23950b41f72",
      "number_observed": 1
    },
    {
      "type": "observed-data",
      "id": "observed-data--e66145a4-2359-4eb2-9b7a-c8e8cc49f8b2",
      "created": "2021-10-12T13:01:31.938Z",
      "modified": "2021-10-12T13:01:31.938Z",
      "first_observed": "2021-02-26T13:08:55.502Z",
      "last_observed": "2021-02-26T13:08:55.502Z",
      "objects": {
        "0": {
          "type": "x-oca-event",
          "code": 3,
          "action": "Network Connection",
          "provider": "Microsoft-Windows-Sysmon/Operational",
          "record_number": "1153587",
          "process_ref": 1,
          "network_ref": 5,
          "host_ref": 7
        },
        "1": {
          "type": "process",
          "name": "svchost.exe",
          "binary_ref": "2",
          "pid": 1800,
          "x_unique_id": "{7f07c11c-c0e1-5dcb-0000-00109b5b0500}",
          "opened_connection_refs": [
            "5"
          ]
        },
        "2": {
          "type": "file",
          "name": "svchost.exe",
          "parent_directory_ref": "3"
        },
        "3": {
          "type": "directory",
          "path": "C:\\Windows\\System32"
        },
        "4": {
          "type": "ipv6-addr",
          "value": "ff02:0:0:0:0:0:1:3"
        },
        "5": {
          "type": "network-traffic",
          "src_ref": "4",
          "dst_ref": "6",
          "protocols": [
            "udp"
          ],
          "src_port": 5355,
          "dst_port": 49698
        },
        "6": {
          "type": "ipv6-addr",
          "value": "fe80:0:0:0:9da5:8c7f:8185:8de6"
        },
        "7": {
          "type": "x-oca-asset",
          "hostname": "laptop156"
        }
      },
      "created_by_ref": "identity--ec822b33-d461-458b-97b6-e23950b41f72",
      "number_observed": 1
    },
    {
      "type": "observed-data",
      "id": "observed-data--5db4ceb1-09c6-4e59-a89e-89e350ede403",
      "created": "2021-10-12T13:01:31.938Z",
      "modified": "2021-10-12T13:01:31.938Z",
      "first_observed": "2021-02-26T13:09:49.018Z",
      "last_observed": "2021-02-26T13:09:49.018Z",
      "objects": {
        "0": {
          "type": "x-oca-event",
          "code": 3,
          "action": "Network Connection",
          "provider": "Microsoft-Windows-Sysmon/Operational",
          "record_number": "1153588",
          "process_ref": 1,
          "network_ref": 5,
          "host_ref": 7
        },
        "1": {
          "type": "process",
          "name": "svchost.exe",
          "binary_ref": "2",
          "pid": 1352,
          "x_unique_id": "{7f07c11c-c0d7-5dcb-0000-001076900400}",
          "opened_connection_refs": [
            "5"
          ]
        },
        "2": {
          "type": "file",
          "name": "svchost.exe",
          "parent_directory_ref": "3"
        },
        "3": {
          "type": "directory",
          "path": "C:\\Windows\\System32"
        },
        "4": {
          "type": "ipv4-addr",
          "value": "127.0.0.1"
        },
        "5": {
          "type": "network-traffic",
          "src_ref": "4",
          "dst_ref": "6",
          "protocols": [
            "tcp"
          ],
          "src_port": 60982,
          "dst_port": 5357
        },
        "6": {
          "type": "ipv4-addr",
          "value": "127.0.0.1"
        },
        "7": {
          "type": "x-oca-asset",
          "hostname": "laptop156"
        }
      },
      "created_by_ref": "identity--ec822b33-d461-458b-97b6-e23950b41f72",
      "number_observed": 1
    },
    {
      "type": "observed-data",
      "id": "observed-data--8b1797a5-66c8-4e8b-b9f4-38a7d332c6cf",
      "created": "2021-10-12T13:01:31.939Z",
      "modified": "2021-10-12T13:01:31.939Z",
      "first_observed": "2021-02-26T13:09:49.018Z",
      "last_observed": "2021-02-26T13:09:49.018Z",
      "objects": {
        "0": {
          "type": "x-oca-event",
          "code": 3,
          "action": "Network Connection",
          "provider": "Microsoft-Windows-Sysmon/Operational",
          "record_number": "1153589",
          "process_ref": 1,
          "network_ref": 4,
          "host_ref": 6
        },
        "1": {
          "type": "process",
          "name": "System",
          "binary_ref": "2",
          "pid": 4,
          "x_unique_id": "{7f07c11c-c0b9-5dcb-0000-0010eb030000}",
          "opened_connection_refs": [
            "4"
          ]
        },
        "2": {
          "type": "file",
          "name": "System"
        },
        "3": {
          "type": "ipv4-addr",
          "value": "127.0.0.1"
        },
        "4": {
          "type": "network-traffic",
          "src_ref": "3",
          "dst_ref": "5",
          "protocols": [
            "tcp"
          ],
          "src_port": 5357,
          "dst_port": 60982
        },
        "5": {
          "type": "ipv4-addr",
          "value": "127.0.0.1"
        },
        "6": {
          "type": "x-oca-asset",
          "hostname": "laptop156"
        }
      },
      "created_by_ref": "identity--ec822b33-d461-458b-97b6-e23950b41f72",
      "number_observed": 1
    },
    {
      "type": "observed-data",
      "id": "observed-data--bed68496-4de8-447b-96da-62ff56e36727",
      "created": "2021-10-12T13:01:31.939Z",
      "modified": "2021-10-12T13:01:31.939Z",
      "first_observed": "2021-02-26T13:13:15.514Z",
      "last_observed": "2021-02-26T13:13:15.514Z",
      "objects": {
        "0": {
          "type": "x-oca-event",
          "code": 3,
          "action": "Network Connection",
          "provider": "Microsoft-Windows-Sysmon/Operational",
          "record_number": "1153590",
          "process_ref": 1,
          "network_ref": 4,
          "host_ref": 6
        },
        "1": {
          "type": "process",
          "name": "System",
          "binary_ref": "2",
          "pid": 4,
          "x_unique_id": "{7f07c11c-c0b9-5dcb-0000-0010eb030000}",
          "opened_connection_refs": [
            "4"
          ]
        },
        "2": {
          "type": "file",
          "name": "System"
        },
        "3": {
          "type": "ipv4-addr",
          "value": "172.16.0.112"
        },
        "4": {
          "type": "network-traffic",
          "src_ref": "3",
          "dst_ref": "5",
          "protocols": [
            "udp"
          ],
          "src_port": 138,
          "dst_port": 138
        },
        "5": {
          "type": "ipv4-addr",
          "value": "172.16.0.255"
        },
        "6": {
          "type": "x-oca-asset",
          "hostname": "laptop156"
        }
      },
      "created_by_ref": "identity--ec822b33-d461-458b-97b6-e23950b41f72",
      "number_observed": 1
    },
    {
      "type": "observed-data",
      "id": "observed-data--f81f74f9-69dc-416e-a8a9-6bec009c56dc",
      "created": "2021-10-12T13:01:31.939Z",
      "modified": "2021-10-12T13:01:31.939Z",
      "first_observed": "2021-02-26T13:13:15.514Z",
      "last_observed": "2021-02-26T13:13:15.514Z",
      "objects": {
        "0": {
          "type": "x-oca-event",
          "code": 3,
          "action": "Network Connection",
          "provider": "Microsoft-Windows-Sysmon/Operational",
          "record_number": "1153591",
          "process_ref": 1,
          "network_ref": 4,
          "host_ref": 6
        },
        "1": {
          "type": "process",
          "name": "System",
          "binary_ref": "2",
          "pid": 4,
          "x_unique_id": "{7f07c11c-c0b9-5dcb-0000-0010eb030000}",
          "opened_connection_refs": [
            "4"
          ]
        },
        "2": {
          "type": "file",
          "name": "System"
        },
        "3": {
          "type": "ipv4-addr",
          "value": "172.16.0.255"
        },
        "4": {
          "type": "network-traffic",
          "src_ref": "3",
          "dst_ref": "5",
          "protocols": [
            "udp"
          ],
          "src_port": 138,
          "dst_port": 138
        },
        "5": {
          "type": "ipv4-addr",
          "value": "172.16.0.112"
        },
        "6": {
          "type": "x-oca-asset",
          "hostname": "laptop156"
        }
      },
      "created_by_ref": "identity--ec822b33-d461-458b-97b6-e23950b41f72",
      "number_observed": 1
    },
    {
      "type": "observed-data",
      "id": "observed-data--0973fb36-4578-4bb1-a89d-46d05189fe28",
      "created": "2021-10-12T13:01:31.939Z",
      "modified": "2021-10-12T13:01:31.939Z",
      "first_observed": "2021-02-26T13:16:40.610Z",
      "last_observed": "2021-02-26T13:16:40.610Z",
      "objects": {
        "0": {
          "type": "x-oca-event",
          "code": 3,
          "action": "Network Connection",
          "provider": "Microsoft-Windows-Sysmon/Operational",
          "record_number": "1153592",
          "process_ref": 1,
          "network_ref": 4,
          "host_ref": 6
        },
        "1": {
          "type": "process",
          "name": "System",
          "binary_ref": "2",
          "pid": 4,
          "x_unique_id": "{7f07c11c-c0b9-5dcb-0000-0010eb030000}",
          "opened_connection_refs": [
            "4"
          ]
        },
        "2": {
          "type": "file",
          "name": "System"
        },
        "3": {
          "type": "ipv6-addr",
          "value": "fe80:0:0:0:5d67:4a8:1e69:54d8"
        },
        "4": {
          "type": "network-traffic",
          "src_ref": "3",
          "dst_ref": "5",
          "protocols": [
            "tcp"
          ],
          "src_port": 5357,
          "dst_port": 57859
        },
        "5": {
          "type": "ipv6-addr",
          "value": "fe80:0:0:0:950c:ff99:129:5107"
        },
        "6": {
          "type": "x-oca-asset",
          "hostname": "laptop156"
        }
      },
      "created_by_ref": "identity--ec822b33-d461-458b-97b6-e23950b41f72",
      "number_observed": 1
    },
    {
      "type": "observed-data",
      "id": "observed-data--b32785c0-39c5-40d1-a597-9532436180a0",
      "created": "2021-10-12T13:01:31.940Z",
      "modified": "2021-10-12T13:01:31.940Z",
      "first_observed": "2021-02-26T15:12:50.779Z",
      "last_observed": "2021-02-26T15:12:50.779Z",
      "objects": {
        "0": {
          "type": "x-oca-event",
          "code": 1,
          "action": "Process Creation",
          "provider": "Microsoft-Windows-Sysmon/Operational",
          "record_number": "1153593",
          "process_ref": 4,
          "parent_process_ref": "4",
          "host_ref": 8
        },
        "1": {
          "type": "process",
          "created": "2019-11-16T13:19:17.048Z",
          "name": "cmd.exe",
          "binary_ref": "2",
          "pid": 14076,
          "x_unique_id": "{7f07c11c-f755-5dcf-0000-001071f07a0d}",
          "command_line": "C:\\Windows\\system32\\cmd.exe /d /s /c \"wmic logicaldisk get size,freespace,caption\"",
          "parent_ref": "4",
          "creator_user_ref": "7"
        },
        "2": {
          "type": "file",
          "name": "cmd.exe",
          "parent_directory_ref": "3",
          "hashes": {
            "MD5": "AD7B9C14083B52BC532FBA5948342B98"
          }
        },
        "3": {
          "type": "directory",
          "path": "C:\\Windows\\SysWOW64"
        },
        "4": {
          "type": "process",
          "name": "WD Discovery.exe",
          "binary_ref": "5",
          "pid": 6164,
          "x_unique_id": "{7f07c11c-f5cd-5dcb-0000-00104fbbb400}",
          "command_line": "\"C:\\Program Files (x86)\\Western Digital\\Discovery\\Current\\WD Discovery.exe\" --autolaunch"
        },
        "5": {
          "type": "file",
          "name": "WD Discovery.exe",
          "parent_directory_ref": "6"
        },
        "6": {
          "type": "directory",
          "path": "C:\\Program Files (x86)\\Western Digital\\Discovery\\Current"
        },
        "7": {
          "type": "user-account",
          "account_login": "laptop156\\John"
        },
        "8": {
          "type": "x-oca-asset",
          "hostname": "laptop156"
        }
      },
      "created_by_ref": "identity--ec822b33-d461-458b-97b6-e23950b41f72",
      "number_observed": 1
    },
    {
      "type": "observed-data",
      "id": "observed-data--7998b41e-4de8-4cad-90b4-4f0b74b8a79f",
      "created": "2021-10-12T13:01:31.940Z",
      "modified": "2021-10-12T13:01:31.940Z",
      "first_observed": "2021-02-26T15:13:09.552Z",
      "last_observed": "2021-02-26T15:13:09.552Z",
      "objects": {
        "0": {
          "type": "x-oca-event",
          "code": 1,
          "action": "Process Creation",
          "provider": "Microsoft-Windows-Sysmon/Operational",
          "record_number": "1153594",
          "process_ref": 4,
          "parent_process_ref": "4",
          "host_ref": 8
        },
        "1": {
          "type": "process",
          "created": "2019-11-16T13:19:17.115Z",
          "name": "conhost.exe",
          "binary_ref": "2",
          "pid": 12840,
          "x_unique_id": "{7f07c11c-f755-5dcf-0000-00107ff27a0d}",
          "command_line": "\\??\\C:\\Windows\\system32\\conhost.exe \"-1858402908-1414296442-682171636386511403184346589148994213-713292729-2137801518\"",
          "parent_ref": "4",
          "creator_user_ref": "7"
        },
        "2": {
          "type": "file",
          "name": "conhost.exe",
          "parent_directory_ref": "3",
          "hashes": {
            "MD5": "3EB5F7CF5B46FC7DCFC747D2C8E3348F"
          }
        },
        "3": {
          "type": "directory",
          "path": "C:\\Windows\\System32"
        },
        "4": {
          "type": "process",
          "name": "csrss.exe",
          "binary_ref": "5",
          "pid": 3348,
          "x_unique_id": "{7f07c11c-f59e-5dcb-0000-0010aa19b100}",
          "command_line": "%SystemRoot%\\system32\\csrss.exe ObjectDirectory=\\Windows SharedSection=1024,20480,768 Windows=On SubSystemType=Windows ServerDll=basesrv,1 ServerDll=winsrv:UserServerDllInitialization,3 ServerDll=winsrv:ConServerDllInitialization,2 ServerDll=sxssrv,4 ProfileControl=Off MaxRequestThreads=16"
        },
        "5": {
          "type": "file",
          "name": "csrss.exe",
          "parent_directory_ref": "6"
        },
        "6": {
          "type": "directory",
          "path": "C:\\Windows\\System32"
        },
        "7": {
          "type": "user-account",
          "account_login": "laptop156\\John"
        },
        "8": {
          "type": "x-oca-asset",
          "hostname": "laptop156"
        }
      },
      "created_by_ref": "identity--ec822b33-d461-458b-97b6-e23950b41f72",
      "number_observed": 1
    },
    {
      "type": "observed-data",
      "id": "observed-data--e8068cf3-4a71-4f4d-8bc1-a2a2c1040e7b",
      "created": "2021-10-12T13:01:31.940Z",
      "modified": "2021-10-12T13:01:31.940Z",
      "first_observed": "2021-02-26T15:13:32.527Z",
      "last_observed": "2021-02-26T15:13:32.527Z",
      "objects": {
        "0": {
          "type": "x-oca-event",
          "code": 1,
          "action": "Process Creation",
          "provider": "Microsoft-Windows-Sysmon/Operational",
          "record_number": "1153595",
          "process_ref": 4,
          "parent_process_ref": "4",
          "host_ref": 8
        },
        "1": {
          "type": "process",
          "created": "2019-11-16T13:19:17.197Z",
          "name": "WMIC.exe",
          "binary_ref": "2",
          "pid": 9240,
          "x_unique_id": "{7f07c11c-f755-5dcf-0000-00108ff57a0d}",
          "command_line": "wmic  logicaldisk get size,freespace,caption",
          "parent_ref": "4",
          "creator_user_ref": "7"
        },
        "2": {
          "type": "file",
          "name": "WMIC.exe",
          "parent_directory_ref": "3",
          "hashes": {
            "MD5": "A03CF3838775E0801A0894C8BACD2E56"
          }
        },
        "3": {
          "type": "directory",
          "path": "C:\\Windows\\SysWOW64\\wbem"
        },
        "4": {
          "type": "process",
          "name": "cmd.exe",
          "binary_ref": "5",
          "pid": 14076,
          "x_unique_id": "{7f07c11c-f755-5dcf-0000-001071f07a0d}",
          "command_line": "C:\\Windows\\system32\\cmd.exe /d /s /c \"wmic logicaldisk get size,freespace,caption\""
        },
        "5": {
          "type": "file",
          "name": "cmd.exe",
          "parent_directory_ref": "6"
        },
        "6": {
          "type": "directory",
          "path": "C:\\Windows\\SysWOW64"
        },
        "7": {
          "type": "user-account",
          "account_login": "laptop156\\John"
        },
        "8": {
          "type": "x-oca-asset",
          "hostname": "laptop156"
        }
      },
      "created_by_ref": "identity--ec822b33-d461-458b-97b6-e23950b41f72",
      "number_observed": 1
    },
    {
      "type": "observed-data",
      "id": "observed-data--5813b01a-64ef-43e2-96a7-e91d998eb86b",
      "created": "2021-10-12T13:01:31.941Z",
      "modified": "2021-10-12T13:01:31.941Z",
      "first_observed": "2021-02-26T15:14:30.525Z",
      "last_observed": "2021-02-26T15:14:30.525Z",
      "objects": {
        "0": {
          "type": "x-oca-event",
          "code": 5,
          "action": "Process Terminated",
          "provider": "Microsoft-Windows-Sysmon/Operational",
          "record_number": "1153596",
          "process_ref": 1,
          "host_ref": 4
        },
        "1": {
          "type": "process",
          "name": "WMIC.exe",
          "binary_ref": "2",
          "pid": 9240,
          "x_unique_id": "{7f07c11c-f755-5dcf-0000-00108ff57a0d}"
        },
        "2": {
          "type": "file",
          "name": "WMIC.exe",
          "parent_directory_ref": "3"
        },
        "3": {
          "type": "directory",
          "path": "C:\\Windows\\SysWOW64\\wbem"
        },
        "4": {
          "type": "x-oca-asset",
          "hostname": "laptop156"
        }
      },
      "created_by_ref": "identity--ec822b33-d461-458b-97b6-e23950b41f72",
      "number_observed": 1
    },
