{
    "preview": false,
    "init_offset": 0,
    "messages": [],
    "fields": [
        {
            "name": "tag"
        },
        {
            "name": "_bkt"
        },
        {
            "name": "_cd"
        },
        {
            "name": "_eventtype_color"
        },
        {
            "name": "_indextime"
        },
        {
            "name": "_raw"
        },
        {
            "name": "_serial"
        },
        {
            "name": "_si"
        },
        {
            "name": "_sourcetype"
        },
        {
            "name": "_time"
        },
        {
            "name": "bytes"
        },
        {
            "name": "dest_ip"
        },
        {
            "name": "dest_port"
        },
        {
            "name": "event_count"
        },
        {
            "name": "log_type"
        },
        {
            "name": "src_ip"
        },
        {
            "name": "src_port"
        },
        {
            "name": "transport"
        },
        {
            "name": "user"
        }
    ],
    "results": [
        {
            "tag": "network",
            "_bkt": "shifter~3~6D3E49A0-31FE-44C3-8373-C3AC6B1ABF06",
            "_cd": "3:101",
            "_eventtype_color": "none",
            "file_name": "svchost.exe",
            "file_hash": "922547e866c89b8f677312df0ccec8ee",
            "_indextime": "1535991010",
            "registry_value_name": "Security",
            "registry_value_data": "Binary Data",
            "_raw": "{\n\t\"log_type\": \"network\", \n\t\"bytes\": \"300\", \n\t\"dest_ip\": \"127.0.0.1\", \n\t\"dest_port\": \"80\", \n\t\"src_ip\": \"2001:0db8:85a3:0000:0000:8a2e:0370:7334\", \n\t\"src_port\": \"80\", \n\t\"transport\": \"http\", \n\t\"user\": \"IBM\", \n\t\"event_count\": 1\n}",
            "_serial": "0",
            "_si": [
                "splunk3-01.internal.resilientsystems.com",
                "shifter"
            ],
            "_sourcetype": "_json",
            "_time": "2018-09-03T16:10:10.000+00:00",
            "bytes": "300",
            "dest_ip": "127.0.0.1",
            "dest_port": "80",
            "protocol": "ip",
            "bytes_in": "442",
            "bytes_out": "5073",
            "direction": "inbound",
            "name": "Key file operation",
            "event_count": "1",
            "log_type": "network",
            "src_ip": "2001:0db8:85a3:0000:0000:8a2e:0370:7334",
            "src_port": "80",
            "transport": "http",
            "user": "IBM"
        },
        {
          "src_ip": "-",
          "src_port": "-",
          "dest_port": "-",
          "dest_ip": "-",
          "registry_value_name": "Security",
          "registry_value_data": "Binary Data",
          "file_name": "svchost.exe",
          "file_hash": "addf120b430021c36c232c99ef8d926aea2acd6b",
          "user": "SYSTEM",
          "host": "EC2AMAZ-AMMDNSQ",
          "source": "XmlWinEventLog:Security",
          "EventID": "4624",
          "process": "C:\\Windows\\System32\\services.exe",
          "process_id": "0x338",
          "process_name": "C:\\Windows\\System32\\services.exe",
          "process_path": "C:\\Windows\\System32\\services.exe",
          "signature": "An account was successfully logged on",
          "signature_id": "4624",
          "name": "An account was successfully logged on",
          "vendor_product": "Microsoft Windows",
          "action": "success",
          "_bkt": "main~63~FF7D676A-5C1A-492E-9A6D-4653BFD400A6",
          "_cd": "63:13139",
          "_indextime": "1681210813",
          "_raw": "<Event xmlns='http://schemas.microsoft.com/win/2004/08/events/event'><System><Provider Name='Microsoft-Windows-Security-Auditing' Guid='{54849625-5478-4994-a5ba-3e3b0328c30d}'/><EventID>4624</EventID><Version>2</Version><Level>0</Level><Task>12544</Task><Opcode>0</Opcode><Keywords>0x8020000000000000</Keywords><TimeCreated SystemTime='2023-04-11T10:59:26.1877710Z'/><EventRecordID>137635</EventRecordID><Correlation ActivityID='{9aa3ccb1-6c37-0001-9ecd-a39a376cd901}'/><Execution ProcessID='832' ThreadID='904'/><Channel>Security</Channel><Computer>EC2AMAZ-AMMDNSQ</Computer><Security/></System><EventData><Data Name='SubjectUserSid'>NT AUTHORITY\\SYSTEM</Data><Data Name='SubjectUserName'>EC2AMAZ-AMMDNSQ$</Data><Data Name='SubjectDomainName'>WORKGROUP</Data><Data Name='SubjectLogonId'>0x3e7</Data><Data Name='TargetUserSid'>NT AUTHORITY\\SYSTEM</Data><Data Name='TargetUserName'>SYSTEM</Data><Data Name='TargetDomainName'>NT AUTHORITY</Data><Data Name='TargetLogonId'>0x3e7</Data><Data Name='LogonType'>5</Data><Data Name='LogonProcessName'>Advapi  </Data><Data Name='AuthenticationPackageName'>Negotiate</Data><Data Name='WorkstationName'>-</Data><Data Name='LogonGuid'>{00000000-0000-0000-0000-000000000000}</Data><Data Name='TransmittedServices'>-</Data><Data Name='LmPackageName'>-</Data><Data Name='KeyLength'>0</Data><Data Name='ProcessId'>0x338</Data><Data Name='ProcessName'>C:\\Windows\\System32\\services.exe</Data><Data Name='IpAddress'>-</Data><Data Name='IpPort'>-</Data><Data Name='ImpersonationLevel'>%%1833</Data><Data Name='RestrictedAdminMode'>-</Data><Data Name='TargetOutboundUserName'>-</Data><Data Name='TargetOutboundDomainName'>-</Data><Data Name='VirtualAccount'>%%1843</Data><Data Name='TargetLinkedLogonId'>0x0</Data><Data Name='ElevatedToken'>%%1842</Data></EventData></Event>",
          "_serial": "0",
          "_si": ["EC2AMAZ-AMMDNSQ", "main"],
          "_sourcetype": "XmlWinEventLog",
          "_time": "2023-04-11T10:59:26.000+00:00"
        },
        {
          "src_ip": "172.67.87.4",
          "src_port": "765",
          "dest_port": "654",
          "dest_ip": "172.67.87.6",
          "packets_in": 60,
          "packets_out": 80,
          "query_count": 1,
          "reply_code_id": 9003,
          "http_method": "GET",
          "http_referrer": 5502,
          "http_user_agent": 0,
          "status": 0,
          "uri_path": 80,
          "uri_query": "status",
          "registry_value_name": "Security",
          "registry_value_data": "Binary Data",
          "message_type": "abcdd",
          "query_type": "abbdbf",
          "record_type": "internal",
          "reply_code": "12rd",
          "file_name": "svchost.exe",
          "file_hash": "SHA1=C1DC24E3E12E3B365D9ED916B408849453F65332,MD5=F15289CC62D3D2F6659792161646AE95,SHA256=D1EDBCAF690D605EB7B3517FF860A93A1247EEE7DE43BE30E505199D7DFFF288,IMPHASH=AE9F3216A47DDC6E9BD93CD2E9FF5C45",
          "user": "Administrator",
          "host": "EC2AMAZ-O4KCUK3",
          "source": "XmlWinEventLog:Microsoft-Windows-Sysmon/Operational",
          "EventID": "26",
          "process_id": "1752",
          "process_name": "cleanmgr.exe",
          "process_exec": "cleanmgr.exe",
          "process_path": "C:\\Windows\\system32\\cleanmgr.exe",
          "process_guid": "{7a97b85f-ee4a-63ec-d907-000000007e00}",
          "signature": "FileDeleteDetected (File Delete logged)",
          "signature_id": "26",
          "vendor_product": "Microsoft Sysmon",
          "action": "deleted",
          "_bkt": "main~9~FF7D676A-5C1A-492E-9A6D-4653BFD400A6",
          "_cd": "9:217242",
          "_indextime": "1676471935",
          "_raw": "<Event xmlns='http://schemas.microsoft.com/win/2004/08/events/event'><System><Provider Name='Microsoft-Windows-Sysmon' Guid='{5770385f-c22a-43e0-bf4c-06f5698ffbd9}'/><EventID>26</EventID><Version>5</Version><Level>4</Level><Task>26</Task><Opcode>0</Opcode><Keywords>0x8000000000000000</Keywords><TimeCreated SystemTime='2023-02-15T14:38:46.0680950Z'/><EventRecordID>13715</EventRecordID><Correlation/><Execution ProcessID='1528' ThreadID='3024'/><Channel>Microsoft-Windows-Sysmon/Operational</Channel><Computer>EC2AMAZ-O4KCUK3</Computer><Security UserID='S-1-5-18'/></System><EventData><Data Name='RuleName'>-</Data><Data Name='UtcTime'>2023-02-15 14:38:46.058</Data><Data Name='ProcessGuid'>{7a97b85f-ee4a-63ec-d907-000000007e00}</Data><Data Name='ProcessId'>1752</Data><Data Name='User'>EC2AMAZ-O4KCUK3\\Administrator</Data><Data Name='Image'>C:\\Windows\\system32\\cleanmgr.exe</Data><Data Name='TargetFilename'>C:\\Users\\Administrator\\AppData\\Local\\Temp\\412FA113-329C-401A-927B-EA6C4C2F6B1F\\TransmogProvider.dll</Data><Data Name='Hashes'>SHA1=C1DC24E3E12E3B365D9ED916B408849453F65332,MD5=F15289CC62D3D2F6659792161646AE95,SHA256=D1EDBCAF690D605EB7B3517FF860A93A1247EEE7DE43BE30E505199D7DFFF288,IMPHASH=AE9F3216A47DDC6E9BD93CD2E9FF5C45</Data><Data Name='IsExecutable'>true</Data></EventData></Event>",
          "_serial": "5",
          "_si": ["EC2AMAZ-AMMDNSQ", "main"],
          "_sourcetype": "XmlWinEventLog",
          "_time": "2023-02-15T14:38:46.000+00:00"
	    },
        {
          "file_name": "svchost.exe",
          "file_hash": "a364cf9a45f65a5114c47d716d4f88954e4998a6097144de662b9493db791a29",
          "host": "EC2AMAZ-AMMDNSQ",
          "registry_value_name": "Security",
          "registry_value_data": "Binary Data",
          "source": "pp-message4.log",
          "process": "agent",
          "vendor_product": "Proofpoint Inc",
          "duration": "0.008932",
          "_bkt": "main~40~FF7D676A-5C1A-492E-9A6D-4653BFD400A6",
          "_cd": "40:21125",
          "_indextime": "1678465846",
          "_raw": "<Event xmlns='http://schemas.microsoft.com/win/2004/08/events/event'><System><Provider Name='Microsoft-Windows-Sysmon' Guid='{5770385f-c22a-43e0-bf4c-06f5698ffbd9}'/><EventID>26</EventID><Version>5</Version><Level>4</Level><Task>26</Task><Opcode>0</Opcode><Keywords>0x8000000000000000</Keywords><TimeCreated SystemTime='2023-02-15T14:38:46.1169628Z'/><EventRecordID>13718</EventRecordID><Correlation/><Execution ProcessID='1528' ThreadID='3024'/><Channel>Microsoft-Windows-Sysmon/Operational</Channel><Computer>EC2AMAZ-O4KCUK3</Computer><Security UserID='S-1-5-18'/></System><EventData><Data Name='RuleName'>-</Data><Data Name='UtcTime'>2023-02-15 14:38:46.108</Data><Data Name='ProcessGuid'>{7a97b85f-ee4a-63ec-d907-000000007e00}</Data><Data Name='ProcessId'>1752</Data><Data Name='User'>EC2AMAZ-O4KCUK3\\Administrator</Data><Data Name='Image'>C:\\Windows\\system32\\cleanmgr.exe</Data><Data Name='TargetFilename'>C:\\Users\\Administrator\\AppData\\Local\\Temp\\412FA113-329C-401A-927B-EA6C4C2F6B1F\\WimProvider.dll</Data><Data Name='Hashes'>SHA1=0C8EF379305A61D52BDDDB9188D23B3DE68C29A8,MD5=944CC6B1A962000BC604963F2345EF79,SHA256=5D7BB0C11210F397B489E8F75011673AFBAA6B678423D7CED3708603C6017ECD,IMPHASH=2712C5FEFC99EF050B68C1EBE951D48D</Data><Data Name='IsExecutable'>true</Data></EventData></Event>",
          "_serial": "0",
          "_si": ["EC2AMAZ-AMMDNSQ", "main"],
          "_sourcetype": "pps_messagelog",
          "_subsecond": ".000",
          "_time": "2023-03-08T09:50:19.000+00:00"
	   }
    ],
    "highlighted": {}
}